<?xml version="1.0" encoding="UTF-8"?>
<testsuite xmlns:xsi="http://www.w3.org/2001/XMLSchema-instance" xsi:schemaLocation="https://maven.apache.org/surefire/maven-surefire-plugin/xsd/surefire-test-report.xsd" name="greatTest" time="201.142" tests="6" errors="0" skipped="0" failures="1">
  <properties>
    <property name="java.runtime.name" value="OpenJDK Runtime Environment"/>
    <property name="sun.boot.library.path" value="/usr/lib/jvm/java-8-openjdk-amd64/jre/lib/amd64"/>
    <property name="java.vm.version" value="25.222-b10"/>
    <property name="java.vm.vendor" value="Private Build"/>
    <property name="maven.multiModuleProjectDirectory" value="/home/evans/NetBeansProjects/great"/>
    <property name="java.vendor.url" value="http://java.oracle.com/"/>
    <property name="path.separator" value=":"/>
    <property name="guice.disable.misplaced.annotation.check" value="true"/>
    <property name="java.vm.name" value="OpenJDK 64-Bit Server VM"/>
    <property name="file.encoding.pkg" value="sun.io"/>
    <property name="user.country" value="US"/>
    <property name="sun.java.launcher" value="SUN_STANDARD"/>
    <property name="sun.os.patch.level" value="unknown"/>
    <property name="test" value="greatTest"/>
    <property name="java.vm.specification.name" value="Java Virtual Machine Specification"/>
    <property name="user.dir" value="/home/evans/NetBeansProjects/great"/>
    <property name="java.runtime.version" value="1.8.0_222-8u222-b10-1ubuntu1~18.04.1-b10"/>
    <property name="java.awt.graphicsenv" value="sun.awt.X11GraphicsEnvironment"/>
    <property name="java.endorsed.dirs" value="/usr/lib/jvm/java-8-openjdk-amd64/jre/lib/endorsed"/>
    <property name="os.arch" value="amd64"/>
    <property name="java.io.tmpdir" value="/tmp"/>
    <property name="line.separator" value="&#10;"/>
    <property name="java.vm.specification.vendor" value="Oracle Corporation"/>
    <property name="os.name" value="Linux"/>
    <property name="maven.ext.class.path" value="/snap/netbeans/10/netbeans/java/maven-nblib/netbeans-eventspy.jar"/>
    <property name="classworlds.conf" value="/snap/netbeans/10/netbeans/java/maven/bin/m2.conf"/>
    <property name="sun.jnu.encoding" value="UTF-8"/>
    <property name="java.library.path" value="/usr/java/packages/lib/amd64:/usr/lib/x86_64-linux-gnu/jni:/lib/x86_64-linux-gnu:/usr/lib/x86_64-linux-gnu:/usr/lib/jni:/lib:/usr/lib"/>
    <property name="java.specification.name" value="Java Platform API Specification"/>
    <property name="java.class.version" value="52.0"/>
    <property name="sun.management.compiler" value="HotSpot 64-Bit Tiered Compilers"/>
    <property name="os.version" value="4.15.0-58-generic"/>
    <property name="user.home" value="/home/evans"/>
    <property name="user.timezone" value="Africa/Nairobi"/>
    <property name="java.awt.printerjob" value="sun.print.PSPrinterJob"/>
    <property name="java.specification.version" value="1.8"/>
    <property name="file.encoding" value="UTF-8"/>
    <property name="user.name" value="evans"/>
    <property name="java.class.path" value="/snap/netbeans/10/netbeans/java/maven/boot/plexus-classworlds-2.5.2.jar"/>
    <property name="java.vm.specification.version" value="1.8"/>
    <property name="sun.arch.data.model" value="64"/>
    <property name="java.home" value="/usr/lib/jvm/java-8-openjdk-amd64/jre"/>
    <property name="sun.java.command" value="org.codehaus.plexus.classworlds.launcher.Launcher -Dtest=greatTest -Dmaven.ext.class.path=/snap/netbeans/10/netbeans/java/maven-nblib/netbeans-eventspy.jar surefire:test"/>
    <property name="java.specification.vendor" value="Oracle Corporation"/>
    <property name="user.language" value="en"/>
    <property name="awt.toolkit" value="sun.awt.X11.XToolkit"/>
    <property name="java.vm.info" value="mixed mode"/>
    <property name="java.version" value="1.8.0_222"/>
    <property name="java.ext.dirs" value="/usr/lib/jvm/java-8-openjdk-amd64/jre/lib/ext:/usr/java/packages/lib/ext"/>
    <property name="securerandom.source" value="file:/dev/./urandom"/>
    <property name="sun.boot.class.path" value="/usr/lib/jvm/java-8-openjdk-amd64/jre/lib/resources.jar:/usr/lib/jvm/java-8-openjdk-amd64/jre/lib/rt.jar:/usr/lib/jvm/java-8-openjdk-amd64/jre/lib/sunrsasign.jar:/usr/lib/jvm/java-8-openjdk-amd64/jre/lib/jsse.jar:/usr/lib/jvm/java-8-openjdk-amd64/jre/lib/jce.jar:/usr/lib/jvm/java-8-openjdk-amd64/jre/lib/charsets.jar:/usr/lib/jvm/java-8-openjdk-amd64/jre/lib/jfr.jar:/usr/lib/jvm/java-8-openjdk-amd64/jre/classes"/>
    <property name="java.vendor" value="Private Build"/>
    <property name="maven.home" value="/snap/netbeans/10/netbeans/java/maven"/>
    <property name="file.separator" value="/"/>
    <property name="java.vendor.url.bug" value="http://bugreport.sun.com/bugreport/"/>
    <property name="sun.cpu.endian" value="little"/>
    <property name="sun.io.unicode.encoding" value="UnicodeLittle"/>
    <property name="sun.desktop" value="gnome"/>
    <property name="sun.cpu.isalist" value=""/>
  </properties>
  <testcase name="testCountGenre on testCountGenre(greatTest)" classname="greatTest" time="0.025"/>
  <testcase name="testCreateTables on testCreateTables(greatTest)" classname="greatTest" time="0.425"/>
  <testcase name="testUrl on testUrl(greatTest)" classname="greatTest" time="2.685">
    <failure message="expected:&lt;null&gt; but was:&lt;[{&quot;genre&quot;:&quot;Crime|Drama&quot;,&quot;movieID&quot;:1,&quot;title&quot;:&quot;Alpha Dog&quot;},{&quot;genre&quot;:&quot;Comedy|Drama|Horror&quot;,&quot;movieID&quot;:2,&quot;title&quot;:&quot;Taxidermia&quot;},{&quot;genre&quot;:&quot;Comedy|Crime|Drama&quot;,&quot;movieID&quot;:3,&quot;title&quot;:&quot;Double Dhamaal&quot;},{&quot;genre&quot;:&quot;Adventure|Drama|Romance&quot;,&quot;movieID&quot;:4,&quot;title&quot;:&quot;Mutiny on the Bounty&quot;},{&quot;genre&quot;:&quot;Action|Thriller&quot;,&quot;movieID&quot;:5,&quot;title&quot;:&quot;Extreme Justice&quot;},{&quot;genre&quot;:&quot;Documentary&quot;,&quot;movieID&quot;:6,&quot;title&quot;:&quot;Man on Wire&quot;},{&quot;genre&quot;:&quot;Action|Adventure|Sci-Fi&quot;,&quot;movieID&quot;:7,&quot;title&quot;:&quot;Journey to the Center of the Earth&quot;},{&quot;genre&quot;:&quot;Comedy|Drama|Romance&quot;,&quot;movieID&quot;:8,&quot;title&quot;:&quot;Chaos Theory&quot;},{&quot;genre&quot;:&quot;Drama|Musical&quot;,&quot;movieID&quot;:9,&quot;title&quot;:&quot;Cremaster 5&quot;},{&quot;genre&quot;:&quot;Action|Comedy|Drama&quot;,&quot;movieID&quot;:10,&quot;title&quot;:&quot;Cannonball&quot;},{&quot;genre&quot;:&quot;Drama|Thriller&quot;,&quot;movieID&quot;:11,&quot;title&quot;:&quot;Restraint&quot;},{&quot;genre&quot;:&quot;Comedy&quot;,&quot;movieID&quot;:12,&quot;title&quot;:&quot;Wheelmen&quot;},{&quot;genre&quot;:&quot;Comedy&quot;,&quot;movieID&quot;:13,&quot;title&quot;:&quot;I Got the Hook Up&quot;},{&quot;genre&quot;:&quot;Horror&quot;,&quot;movieID&quot;:14,&quot;title&quot;:&quot;Smiley&quot;},{&quot;genre&quot;:&quot;Action|Adventure|Thriller&quot;,&quot;movieID&quot;:15,&quot;title&quot;:&quot;Shadow Warriors 2 (Assault on Devil&apos;s Island)&quot;},{&quot;genre&quot;:&quot;Drama&quot;,&quot;movieID&quot;:16,&quot;title&quot;:&quot;Miral&quot;},{&quot;genre&quot;:&quot;Comedy|Drama|Romance&quot;,&quot;movieID&quot;:17,&quot;title&quot;:&quot;Agata and the Storm (Agata e la tempesta)&quot;},{&quot;genre&quot;:&quot;Crime|Romance|Thriller&quot;,&quot;movieID&quot;:18,&quot;title&quot;:&quot;Jagged Edge&quot;},{&quot;genre&quot;:&quot;Drama|Romance&quot;,&quot;movieID&quot;:19,&quot;title&quot;:&quot;Enchanted April&quot;},{&quot;genre&quot;:&quot;Horror|Mystery|Thriller&quot;,&quot;movieID&quot;:20,&quot;title&quot;:&quot;Lizard in a Woman&apos;s Skin, A (Lucertola con la pelle di donna, Una)&quot;},{&quot;genre&quot;:&quot;Drama|Thriller&quot;,&quot;movieID&quot;:21,&quot;title&quot;:&quot;Michael&quot;},{&quot;genre&quot;:&quot;Drama&quot;,&quot;movieID&quot;:22,&quot;title&quot;:&quot;On the Beach&quot;},{&quot;genre&quot;:&quot;Drama|War&quot;,&quot;movieID&quot;:23,&quot;title&quot;:&quot;Generation War&quot;},{&quot;genre&quot;:&quot;Action|Adventure&quot;,&quot;movieID&quot;:24,&quot;title&quot;:&quot;Long John Silver&quot;},{&quot;genre&quot;:&quot;Documentary&quot;,&quot;movieID&quot;:25,&quot;title&quot;:&quot;Girl Next Door, The&quot;},{&quot;genre&quot;:&quot;Action|Drama&quot;,&quot;movieID&quot;:26,&quot;title&quot;:&quot;Rocky Balboa&quot;},{&quot;genre&quot;:&quot;Action|Adventure|Sci-Fi&quot;,&quot;movieID&quot;:27,&quot;title&quot;:&quot;Road Warrior, The (Mad Max 2)&quot;},{&quot;genre&quot;:&quot;Comedy&quot;,&quot;movieID&quot;:28,&quot;title&quot;:&quot;Mille bolle blu&quot;},{&quot;genre&quot;:&quot;Drama&quot;,&quot;movieID&quot;:29,&quot;title&quot;:&quot;Alice&quot;},{&quot;genre&quot;:&quot;Horror|Sci-Fi|Thriller&quot;,&quot;movieID&quot;:30,&quot;title&quot;:&quot;Night of the Lepus&quot;},{&quot;genre&quot;:&quot;Drama&quot;,&quot;movieID&quot;:31,&quot;title&quot;:&quot;If....&quot;},{&quot;genre&quot;:&quot;Drama|War&quot;,&quot;movieID&quot;:32,&quot;title&quot;:&quot;Battle of the Rails, The (La bataille du rail)&quot;},{&quot;genre&quot;:&quot;Horror|Thriller&quot;,&quot;movieID&quot;:33,&quot;title&quot;:&quot;Believers, The&quot;},{&quot;genre&quot;:&quot;Documentary&quot;,&quot;movieID&quot;:34,&quot;title&quot;:&quot;Soviet Story, The&quot;},{&quot;genre&quot;:&quot;Action|Sci-Fi&quot;,&quot;movieID&quot;:35,&quot;title&quot;:&quot;Thunderbird Six&quot;},{&quot;genre&quot;:&quot;Animation|Children|Fantasy|Musical&quot;,&quot;movieID&quot;:36,&quot;title&quot;:&quot;Beauty and the Beast: The Enchanted Christmas&quot;},{&quot;genre&quot;:&quot;Drama&quot;,&quot;movieID&quot;:37,&quot;title&quot;:&quot;Life of Oharu, The (Saikaku ichidai onna)&quot;},{&quot;genre&quot;:&quot;Comedy|Drama&quot;,&quot;movieID&quot;:38,&quot;title&quot;:&quot;12:08 East of Bucharest (A fost sau n-a fost?)&quot;},{&quot;genre&quot;:&quot;Sci-Fi&quot;,&quot;movieID&quot;:39,&quot;title&quot;:&quot;Things to Come&quot;},{&quot;genre&quot;:&quot;Drama&quot;,&quot;movieID&quot;:40,&quot;title&quot;:&quot;Attack, The&quot;},{&quot;genre&quot;:&quot;Documentary&quot;,&quot;movieID&quot;:41,&quot;title&quot;:&quot;Bastards&quot;},{&quot;genre&quot;:&quot;Action&quot;,&quot;movieID&quot;:42,&quot;title&quot;:&quot;Bounty Hunters (Bail Enforcers)&quot;},{&quot;genre&quot;:&quot;Documentary&quot;,&quot;movieID&quot;:43,&quot;title&quot;:&quot;Bully&quot;},{&quot;genre&quot;:&quot;Crime|Drama|Film-Noir&quot;,&quot;movieID&quot;:44,&quot;title&quot;:&quot;The Amazing Dr. Clitterhouse&quot;},{&quot;genre&quot;:&quot;Horror|Thriller&quot;,&quot;movieID&quot;:45,&quot;title&quot;:&quot;Train&quot;},{&quot;genre&quot;:&quot;Drama&quot;,&quot;movieID&quot;:46,&quot;title&quot;:&quot;Holly&quot;},{&quot;genre&quot;:&quot;Drama|Thriller&quot;,&quot;movieID&quot;:47,&quot;title&quot;:&quot;Ape, The (Apan)&quot;},{&quot;genre&quot;:&quot;Comedy&quot;,&quot;movieID&quot;:48,&quot;title&quot;:&quot;Ninette&quot;},{&quot;genre&quot;:&quot;Comedy|Drama|Romance&quot;,&quot;movieID&quot;:49,&quot;title&quot;:&quot;Last Time, The&quot;},{&quot;genre&quot;:&quot;Drama&quot;,&quot;movieID&quot;:50,&quot;title&quot;:&quot;Hawaiians, The&quot;},{&quot;genre&quot;:&quot;Comedy&quot;,&quot;movieID&quot;:51,&quot;title&quot;:&quot;Nickelodeon&quot;},{&quot;genre&quot;:&quot;Drama|War&quot;,&quot;movieID&quot;:52,&quot;title&quot;:&quot;Gardens of Stone&quot;},{&quot;genre&quot;:&quot;Crime|Horror|Mystery|Sci-Fi&quot;,&quot;movieID&quot;:53,&quot;title&quot;:&quot;Idle Mist (Vana Espuma)&quot;},{&quot;genre&quot;:&quot;Drama&quot;,&quot;movieID&quot;:54,&quot;title&quot;:&quot;Guter Junge&quot;},{&quot;genre&quot;:&quot;Crime|Romance|Thriller&quot;,&quot;movieID&quot;:55,&quot;title&quot;:&quot;Rx&quot;},{&quot;genre&quot;:&quot;Children|Drama&quot;,&quot;movieID&quot;:56,&quot;title&quot;:&quot;Now and Then&quot;},{&quot;genre&quot;:&quot;Comedy|Fantasy&quot;,&quot;movieID&quot;:57,&quot;title&quot;:&quot;Gods Must Be Crazy III, The (a.k.a. Crazy Safari) (Fei zhou he shang)&quot;},{&quot;genre&quot;:&quot;Drama&quot;,&quot;movieID&quot;:58,&quot;title&quot;:&quot;Other Woman, The&quot;},{&quot;genre&quot;:&quot;Sci-Fi&quot;,&quot;movieID&quot;:59,&quot;title&quot;:&quot;Parallels&quot;},{&quot;genre&quot;:&quot;Drama|Mystery|Thriller&quot;,&quot;movieID&quot;:60,&quot;title&quot;:&quot;Stoker&quot;},{&quot;genre&quot;:&quot;Drama|Thriller&quot;,&quot;movieID&quot;:61,&quot;title&quot;:&quot;Crave&quot;},{&quot;genre&quot;:&quot;Crime|Drama|Film-Noir|Thriller&quot;,&quot;movieID&quot;:62,&quot;title&quot;:&quot;Murder by Contract&quot;},{&quot;genre&quot;:&quot;Comedy&quot;,&quot;movieID&quot;:63,&quot;title&quot;:&quot;W.W. and the Dixie Dancekings&quot;},{&quot;genre&quot;:&quot;Drama&quot;,&quot;movieID&quot;:64,&quot;title&quot;:&quot;LUV&quot;},{&quot;genre&quot;:&quot;Drama&quot;,&quot;movieID&quot;:65,&quot;title&quot;:&quot;Preacher&apos;s Wife, The&quot;},{&quot;genre&quot;:&quot;Drama|Romance&quot;,&quot;movieID&quot;:66,&quot;title&quot;:&quot;Theory of Everything, The&quot;},{&quot;genre&quot;:&quot;Drama|Romance&quot;,&quot;movieID&quot;:67,&quot;title&quot;:&quot;Cruel Romance, A (Zhestokij Romans)&quot;},{&quot;genre&quot;:&quot;Action|Thriller&quot;,&quot;movieID&quot;:68,&quot;title&quot;:&quot;Enemy of the State&quot;},{&quot;genre&quot;:&quot;Drama&quot;,&quot;movieID&quot;:69,&quot;title&quot;:&quot;Levity&quot;},{&quot;genre&quot;:&quot;Action|Children&quot;,&quot;movieID&quot;:70,&quot;title&quot;:&quot;Stormbreaker (Alex Rider: Operation Stormbreaker)&quot;},{&quot;genre&quot;:&quot;Drama&quot;,&quot;movieID&quot;:71,&quot;title&quot;:&quot;Diving Bell and the Butterfly, The (Scaphandre et le papillon, Le)&quot;},{&quot;genre&quot;:&quot;Comedy|Drama|Romance&quot;,&quot;movieID&quot;:72,&quot;title&quot;:&quot;Don Juan DeMarco&quot;},{&quot;genre&quot;:&quot;Drama|Romance&quot;,&quot;movieID&quot;:73,&quot;title&quot;:&quot;W.E.&quot;},{&quot;genre&quot;:&quot;Documentary&quot;,&quot;movieID&quot;:74,&quot;title&quot;:&quot;Steal This Film&quot;},{&quot;genre&quot;:&quot;Comedy|Crime&quot;,&quot;movieID&quot;:75,&quot;title&quot;:&quot;Stand Up Guys&quot;},{&quot;genre&quot;:&quot;Comedy|Drama|Musical&quot;,&quot;movieID&quot;:76,&quot;title&quot;:&quot;Reefer Madness: The Movie Musical&quot;},{&quot;genre&quot;:&quot;Drama&quot;,&quot;movieID&quot;:77,&quot;title&quot;:&quot;Woman&apos;s Tale, A&quot;},{&quot;genre&quot;:&quot;Action|Crime|Drama&quot;,&quot;movieID&quot;:78,&quot;title&quot;:&quot;Harley Davidson and the Marlboro Man&quot;},{&quot;genre&quot;:&quot;Action|Crime|Thriller&quot;,&quot;movieID&quot;:79,&quot;title&quot;:&quot;S.W.A.T.: Firefight&quot;},{&quot;genre&quot;:&quot;Crime|Drama|Thriller|Western&quot;,&quot;movieID&quot;:80,&quot;title&quot;:&quot;Killer Inside Me, The&quot;},{&quot;genre&quot;:&quot;Crime|Drama&quot;,&quot;movieID&quot;:81,&quot;title&quot;:&quot;St. Valentine&apos;s Day Massacre, The&quot;},{&quot;genre&quot;:&quot;Action|Adventure|Thriller&quot;,&quot;movieID&quot;:82,&quot;title&quot;:&quot;12 Rounds 2: Reloaded&quot;},{&quot;genre&quot;:&quot;Drama|Horror|Thriller&quot;,&quot;movieID&quot;:83,&quot;title&quot;:&quot;1408&quot;},{&quot;genre&quot;:&quot;Crime|Drama|Romance&quot;,&quot;movieID&quot;:84,&quot;title&quot;:&quot;First Name: Carmen (Prénom Carmen)&quot;},{&quot;genre&quot;:&quot;Drama|Romance|Sci-Fi&quot;,&quot;movieID&quot;:85,&quot;title&quot;:&quot;Eternal Sunshine of the Spotless Mind&quot;},{&quot;genre&quot;:&quot;Animation|Comedy|Sci-Fi&quot;,&quot;movieID&quot;:86,&quot;title&quot;:&quot;Monsters vs Aliens: Mutant Pumpkins from Outer Space&quot;},{&quot;genre&quot;:&quot;Drama&quot;,&quot;movieID&quot;:87,&quot;title&quot;:&quot;Hannah Arendt&quot;},{&quot;genre&quot;:&quot;Drama&quot;,&quot;movieID&quot;:88,&quot;title&quot;:&quot;Ice Bound&quot;},{&quot;genre&quot;:&quot;Drama&quot;,&quot;movieID&quot;:89,&quot;title&quot;:&quot;Feel the Noise&quot;},{&quot;genre&quot;:&quot;Comedy|Western&quot;,&quot;movieID&quot;:90,&quot;title&quot;:&quot;There Was a Crooked Man...&quot;},{&quot;genre&quot;:&quot;Action&quot;,&quot;movieID&quot;:91,&quot;title&quot;:&quot;Good Guys Wear Black&quot;},{&quot;genre&quot;:&quot;Adventure&quot;,&quot;movieID&quot;:92,&quot;title&quot;:&quot;White Water Summer&quot;},{&quot;genre&quot;:&quot;Comedy|Drama&quot;,&quot;movieID&quot;:93,&quot;title&quot;:&quot;Let it Rain (Parlez-moi de la pluie)&quot;},{&quot;genre&quot;:&quot;Adventure|Children|Comedy|Fantasy|Mystery&quot;,&quot;movieID&quot;:94,&quot;title&quot;:&quot;Scooby-Doo&quot;},{&quot;genre&quot;:&quot;Drama&quot;,&quot;movieID&quot;:95,&quot;title&quot;:&quot;Moment of Truth, The (Il momento della verità)&quot;},{&quot;genre&quot;:&quot;Horror|Thriller&quot;,&quot;movieID&quot;:96,&quot;title&quot;:&quot;House at the End of the Street&quot;},{&quot;genre&quot;:&quot;Documentary&quot;,&quot;movieID&quot;:97,&quot;title&quot;:&quot;Let the Fire Burn&quot;},{&quot;genre&quot;:&quot;Documentary&quot;,&quot;movieID&quot;:98,&quot;title&quot;:&quot;Lightning in a Bottle&quot;},{&quot;genre&quot;:&quot;Sci-Fi&quot;,&quot;movieID&quot;:99,&quot;title&quot;:&quot;Alien Nation: Body and Soul&quot;},{&quot;genre&quot;:&quot;Comedy|Drama&quot;,&quot;movieID&quot;:100,&quot;title&quot;:&quot;Only When I Laugh&quot;},{&quot;genre&quot;:&quot;Documentary&quot;,&quot;movieID&quot;:101,&quot;title&quot;:&quot;When the Levees Broke: A Requiem in Four Acts&quot;},{&quot;genre&quot;:&quot;(no genres listed)&quot;,&quot;movieID&quot;:102,&quot;title&quot;:&quot;Lucrèce Borgia&quot;},{&quot;genre&quot;:&quot;Comedy|Drama&quot;,&quot;movieID&quot;:103,&quot;title&quot;:&quot;Rules of the Game, The (La règle du jeu)&quot;},{&quot;genre&quot;:&quot;Adventure|Drama|Fantasy&quot;,&quot;movieID&quot;:104,&quot;title&quot;:&quot;Valerie and Her Week of Wonders (Valerie a týden divu)&quot;},{&quot;genre&quot;:&quot;Adventure|Children|Drama&quot;,&quot;movieID&quot;:105,&quot;title&quot;:&quot;Running Free&quot;},{&quot;genre&quot;:&quot;Action|Crime|Drama|Thriller&quot;,&quot;movieID&quot;:106,&quot;title&quot;:&quot;Colt 38 Special Squad&quot;},{&quot;genre&quot;:&quot;Action|Drama|War&quot;,&quot;movieID&quot;:107,&quot;title&quot;:&quot;Cockleshell Heroes, The&quot;},{&quot;genre&quot;:&quot;Comedy&quot;,&quot;movieID&quot;:108,&quot;title&quot;:&quot;Cabin Boy&quot;},{&quot;genre&quot;:&quot;Documentary&quot;,&quot;movieID&quot;:109,&quot;title&quot;:&quot;Conan O&apos;Brien Can&apos;t Stop&quot;},{&quot;genre&quot;:&quot;Comedy|Drama|Romance&quot;,&quot;movieID&quot;:110,&quot;title&quot;:&quot;Hobson&apos;s Choice&quot;},{&quot;genre&quot;:&quot;Animation|Drama|Romance|War&quot;,&quot;movieID&quot;:111,&quot;title&quot;:&quot;Corto Maltese: Under the Sign of Capricorn (Sous le signe du capricorne)&quot;},{&quot;genre&quot;:&quot;Drama&quot;,&quot;movieID&quot;:112,&quot;title&quot;:&quot;Diary of a Nymphomaniac (Diario de una Ninfómana)&quot;},{&quot;genre&quot;:&quot;Drama&quot;,&quot;movieID&quot;:113,&quot;title&quot;:&quot;Chameleon, The &quot;},{&quot;genre&quot;:&quot;Horror|Sci-Fi&quot;,&quot;movieID&quot;:114,&quot;title&quot;:&quot;X from Outer Space, The (Uchû daikaijû Girara)&quot;},{&quot;genre&quot;:&quot;Adventure|Comedy|Fantasy|Horror&quot;,&quot;movieID&quot;:115,&quot;title&quot;:&quot;Night of the Living Dead 3D&quot;},{&quot;genre&quot;:&quot;Action|Adventure|Children|Comedy|Crime&quot;,&quot;movieID&quot;:116,&quot;title&quot;:&quot;Catch That Kid&quot;},{&quot;genre&quot;:&quot;Crime|Drama&quot;,&quot;movieID&quot;:117,&quot;title&quot;:&quot;G Men&quot;},{&quot;genre&quot;:&quot;Children|Drama&quot;,&quot;movieID&quot;:118,&quot;title&quot;:&quot;The Encounter&quot;},{&quot;genre&quot;:&quot;Drama&quot;,&quot;movieID&quot;:119,&quot;title&quot;:&quot;We Don&apos;t Live Here Anymore&quot;},{&quot;genre&quot;:&quot;Crime|Documentary&quot;,&quot;movieID&quot;:120,&quot;title&quot;:&quot;Condemned, The&quot;},{&quot;genre&quot;:&quot;Animation|Children|Fantasy&quot;,&quot;movieID&quot;:121,&quot;title&quot;:&quot;Momo&quot;},{&quot;genre&quot;:&quot;Drama|Romance&quot;,&quot;movieID&quot;:122,&quot;title&quot;:&quot;Mustalaishurmaaja&quot;},{&quot;genre&quot;:&quot;Comedy|Romance&quot;,&quot;movieID&quot;:123,&quot;title&quot;:&quot;Fitzwilly&quot;},{&quot;genre&quot;:&quot;Western&quot;,&quot;movieID&quot;:124,&quot;title&quot;:&quot;Big Jake&quot;},{&quot;genre&quot;:&quot;Drama&quot;,&quot;movieID&quot;:125,&quot;title&quot;:&quot;They Drive by Night&quot;},{&quot;genre&quot;:&quot;Crime|Thriller&quot;,&quot;movieID&quot;:126,&quot;title&quot;:&quot;Hunters, The (Jägarna)&quot;},{&quot;genre&quot;:&quot;Drama|Romance&quot;,&quot;movieID&quot;:127,&quot;title&quot;:&quot;All the Mornings of the World (Tous les matins du monde)&quot;},{&quot;genre&quot;:&quot;Action|Adventure|Fantasy|Sci-Fi&quot;,&quot;movieID&quot;:128,&quot;title&quot;:&quot;Mysterious Island&quot;},{&quot;genre&quot;:&quot;Action|Drama&quot;,&quot;movieID&quot;:129,&quot;title&quot;:&quot;Bending the Rules&quot;},{&quot;genre&quot;:&quot;Horror&quot;,&quot;movieID&quot;:130,&quot;title&quot;:&quot;Kiss of the Vampire, The&quot;},{&quot;genre&quot;:&quot;Comedy|Crime&quot;,&quot;movieID&quot;:131,&quot;title&quot;:&quot;School for Scoundrels&quot;},{&quot;genre&quot;:&quot;Drama|Romance&quot;,&quot;movieID&quot;:132,&quot;title&quot;:&quot;Visitor, The&quot;},{&quot;genre&quot;:&quot;Horror|Mystery&quot;,&quot;movieID&quot;:133,&quot;title&quot;:&quot;Toolbox Murders&quot;},{&quot;genre&quot;:&quot;Comedy|Drama|Romance|War&quot;,&quot;movieID&quot;:134,&quot;title&quot;:&quot;Music Within&quot;},{&quot;genre&quot;:&quot;Comedy|Fantasy&quot;,&quot;movieID&quot;:135,&quot;title&quot;:&quot;Witching and Bitching (Brujas de Zugarramurdi, Las)&quot;},{&quot;genre&quot;:&quot;Comedy|Drama&quot;,&quot;movieID&quot;:136,&quot;title&quot;:&quot;Prick Up Your Ears&quot;},{&quot;genre&quot;:&quot;Drama|Romance&quot;,&quot;movieID&quot;:137,&quot;title&quot;:&quot;Stay as You Are&quot;},{&quot;genre&quot;:&quot;Adventure|Thriller|Western&quot;,&quot;movieID&quot;:138,&quot;title&quot;:&quot;Missing, The&quot;},{&quot;genre&quot;:&quot;Comedy|Horror&quot;,&quot;movieID&quot;:139,&quot;title&quot;:&quot;Bloody Bloody Bible Camp&quot;},{&quot;genre&quot;:&quot;Drama&quot;,&quot;movieID&quot;:140,&quot;title&quot;:&quot;Julien Donkey-Boy&quot;},{&quot;genre&quot;:&quot;Action|Crime|Thriller&quot;,&quot;movieID&quot;:141,&quot;title&quot;:&quot;Likeable Mister R, The (Simpaticul domn R)&quot;},{&quot;genre&quot;:&quot;Drama|Musical|Romance&quot;,&quot;movieID&quot;:142,&quot;title&quot;:&quot;Show Boat&quot;},{&quot;genre&quot;:&quot;Action|Fantasy|Horror|Thriller&quot;,&quot;movieID&quot;:143,&quot;title&quot;:&quot;Underworld: Rise of the Lycans&quot;},{&quot;genre&quot;:&quot;Thriller&quot;,&quot;movieID&quot;:144,&quot;title&quot;:&quot;The Mark of the Angels - Miserere&quot;},{&quot;genre&quot;:&quot;Comedy&quot;,&quot;movieID&quot;:145,&quot;title&quot;:&quot;Tim and Eric&apos;s Billion Dollar Movie&quot;},{&quot;genre&quot;:&quot;Comedy&quot;,&quot;movieID&quot;:146,&quot;title&quot;:&quot;Down and Out in Beverly Hills&quot;},{&quot;genre&quot;:&quot;Crime|Horror|Mystery|Thriller&quot;,&quot;movieID&quot;:147,&quot;title&quot;:&quot;Tell Me Something (Telmisseomding)&quot;},{&quot;genre&quot;:&quot;Fantasy|Horror|Mystery|Thriller&quot;,&quot;movieID&quot;:148,&quot;title&quot;:&quot;Dagon&quot;},{&quot;genre&quot;:&quot;Documentary&quot;,&quot;movieID&quot;:149,&quot;title&quot;:&quot;Decline of Western Civilization Part II: The Metal Years, The&quot;},{&quot;genre&quot;:&quot;Comedy&quot;,&quot;movieID&quot;:150,&quot;title&quot;:&quot;Day&apos;s Pleasure, A (Ford Story, A)&quot;},{&quot;genre&quot;:&quot;Musical&quot;,&quot;movieID&quot;:151,&quot;title&quot;:&quot;High School Musical 3: Senior Year&quot;},{&quot;genre&quot;:&quot;Drama&quot;,&quot;movieID&quot;:152,&quot;title&quot;:&quot;Love &amp; Pop&quot;},{&quot;genre&quot;:&quot;Comedy|Romance&quot;,&quot;movieID&quot;:153,&quot;title&quot;:&quot;Carnival in Flanders (La kermesse héroïque)&quot;},{&quot;genre&quot;:&quot;Documentary&quot;,&quot;movieID&quot;:154,&quot;title&quot;:&quot;Triumph of the Will (Triumph des Willens)&quot;},{&quot;genre&quot;:&quot;Adventure|Sci-Fi&quot;,&quot;movieID&quot;:155,&quot;title&quot;:&quot;At the Earth&apos;s Core&quot;},{&quot;genre&quot;:&quot;Comedy|Romance&quot;,&quot;movieID&quot;:156,&quot;title&quot;:&quot;Steamboat Bill, Jr.&quot;},{&quot;genre&quot;:&quot;Documentary&quot;,&quot;movieID&quot;:157,&quot;title&quot;:&quot;Joan Rivers: A Piece of Work&quot;},{&quot;genre&quot;:&quot;Comedy|Musical|Romance&quot;,&quot;movieID&quot;:158,&quot;title&quot;:&quot;Let&apos;s Make Love&quot;},{&quot;genre&quot;:&quot;Drama&quot;,&quot;movieID&quot;:159,&quot;title&quot;:&quot;Story Written with Water, A (Mizu de kakareta monogatari)&quot;},{&quot;genre&quot;:&quot;Animation|Fantasy&quot;,&quot;movieID&quot;:160,&quot;title&quot;:&quot;Snow Queen&quot;},{&quot;genre&quot;:&quot;Comedy|Musical&quot;,&quot;movieID&quot;:161,&quot;title&quot;:&quot;Very Potter Sequel, A&quot;},{&quot;genre&quot;:&quot;Drama&quot;,&quot;movieID&quot;:162,&quot;title&quot;:&quot;I, the Worst of All (Yo, la peor de todas)&quot;},{&quot;genre&quot;:&quot;Comedy|Drama&quot;,&quot;movieID&quot;:163,&quot;title&quot;:&quot;Everybody&apos;s Fine (Stanno tutti bene)&quot;},{&quot;genre&quot;:&quot;Drama|Romance&quot;,&quot;movieID&quot;:164,&quot;title&quot;:&quot;Children of Paradise (Les enfants du paradis)&quot;},{&quot;genre&quot;:&quot;Action|Crime&quot;,&quot;movieID&quot;:165,&quot;title&quot;:&quot;Italian Job, The&quot;},{&quot;genre&quot;:&quot;Drama&quot;,&quot;movieID&quot;:166,&quot;title&quot;:&quot;Lost Christmas&quot;},{&quot;genre&quot;:&quot;Action|Sci-Fi&quot;,&quot;movieID&quot;:167,&quot;title&quot;:&quot;Conquest of the Planet of the Apes&quot;},{&quot;genre&quot;:&quot;Comedy|Drama&quot;,&quot;movieID&quot;:168,&quot;title&quot;:&quot;Idiots, The (Idioterne)&quot;},{&quot;genre&quot;:&quot;Horror&quot;,&quot;movieID&quot;:169,&quot;title&quot;:&quot;Vampire Lovers, The&quot;},{&quot;genre&quot;:&quot;Drama|Thriller&quot;,&quot;movieID&quot;:170,&quot;title&quot;:&quot;Derailed&quot;},{&quot;genre&quot;:&quot;Documentary&quot;,&quot;movieID&quot;:171,&quot;title&quot;:&quot;Benji &quot;},{&quot;genre&quot;:&quot;Drama&quot;,&quot;movieID&quot;:172,&quot;title&quot;:&quot;This Sporting Life&quot;},{&quot;genre&quot;:&quot;Action|Adventure|Fantasy&quot;,&quot;movieID&quot;:173,&quot;title&quot;:&quot;Conan the Barbarian&quot;},{&quot;genre&quot;:&quot;Thriller&quot;,&quot;movieID&quot;:174,&quot;title&quot;:&quot;Escapist, The&quot;},{&quot;genre&quot;:&quot;Drama|Fantasy|Romance&quot;,&quot;movieID&quot;:175,&quot;title&quot;:&quot;Matter of Life and Death, A (Stairway to Heaven)&quot;},{&quot;genre&quot;:&quot;Comedy|Horror&quot;,&quot;movieID&quot;:176,&quot;title&quot;:&quot;Frankenhooker&quot;},{&quot;genre&quot;:&quot;Drama&quot;,&quot;movieID&quot;:177,&quot;title&quot;:&quot;Like It Is&quot;},{&quot;genre&quot;:&quot;Action|Adventure&quot;,&quot;movieID&quot;:178,&quot;title&quot;:&quot;Good Man in Africa, A&quot;},{&quot;genre&quot;:&quot;Documentary&quot;,&quot;movieID&quot;:179,&quot;title&quot;:&quot;Recruiter, The&quot;},{&quot;genre&quot;:&quot;Drama|Romance&quot;,&quot;movieID&quot;:180,&quot;title&quot;:&quot;Days of Being Wild (A Fei jingjyuhn)&quot;},{&quot;genre&quot;:&quot;Documentary&quot;,&quot;movieID&quot;:181,&quot;title&quot;:&quot;Steam of Life (Miesten vuoro)&quot;},{&quot;genre&quot;:&quot;Drama&quot;,&quot;movieID&quot;:182,&quot;title&quot;:&quot;On a Clear Day&quot;},{&quot;genre&quot;:&quot;Drama&quot;,&quot;movieID&quot;:183,&quot;title&quot;:&quot;Ice Castles&quot;},{&quot;genre&quot;:&quot;Comedy|Drama&quot;,&quot;movieID&quot;:184,&quot;title&quot;:&quot;Biloxi Blues&quot;},{&quot;genre&quot;:&quot;Comedy&quot;,&quot;movieID&quot;:185,&quot;title&quot;:&quot;Jesus Henry Christ&quot;},{&quot;genre&quot;:&quot;Drama&quot;,&quot;movieID&quot;:186,&quot;title&quot;:&quot;Bloodbrothers&quot;},{&quot;genre&quot;:&quot;Comedy|Mystery&quot;,&quot;movieID&quot;:187,&quot;title&quot;:&quot;Manhattan Murder Mystery&quot;},{&quot;genre&quot;:&quot;Drama|Thriller&quot;,&quot;movieID&quot;:188,&quot;title&quot;:&quot;Blindness&quot;},{&quot;genre&quot;:&quot;Crime|Drama|War&quot;,&quot;movieID&quot;:189,&quot;title&quot;:&quot;Salvatore Giuliano&quot;},{&quot;genre&quot;:&quot;Drama&quot;,&quot;movieID&quot;:190,&quot;title&quot;:&quot;Vitus&quot;},{&quot;genre&quot;:&quot;Drama|War&quot;,&quot;movieID&quot;:191,&quot;title&quot;:&quot;Hangmen Also Die&quot;},{&quot;genre&quot;:&quot;Drama&quot;,&quot;movieID&quot;:192,&quot;title&quot;:&quot;Zero&quot;},{&quot;genre&quot;:&quot;Drama|Thriller&quot;,&quot;movieID&quot;:193,&quot;title&quot;:&quot;Cold Light of Day, The&quot;},{&quot;genre&quot;:&quot;Action|Adventure|Comedy|Romance&quot;,&quot;movieID&quot;:194,&quot;title&quot;:&quot;Jewel of the Nile, The&quot;},{&quot;genre&quot;:&quot;Comedy&quot;,&quot;movieID&quot;:195,&quot;title&quot;:&quot;Finger, The (Dedo, El)&quot;},{&quot;genre&quot;:&quot;Comedy|Drama|Romance&quot;,&quot;movieID&quot;:196,&quot;title&quot;:&quot;No Rest for the Brave (Pas de repos pour les braves)&quot;},{&quot;genre&quot;:&quot;Crime|Drama&quot;,&quot;movieID&quot;:197,&quot;title&quot;:&quot;Bells, The&quot;},{&quot;genre&quot;:&quot;Documentary&quot;,&quot;movieID&quot;:198,&quot;title&quot;:&quot;Knuckle &quot;},{&quot;genre&quot;:&quot;Comedy|Drama|Romance&quot;,&quot;movieID&quot;:199,&quot;title&quot;:&quot;Idiot Returns, The (Návrat idiota)&quot;},{&quot;genre&quot;:&quot;Action|Comedy&quot;,&quot;movieID&quot;:200,&quot;title&quot;:&quot;Drunken Tai Chi (Siu taai gik)&quot;},{&quot;genre&quot;:&quot;Adventure|Fantasy&quot;,&quot;movieID&quot;:201,&quot;title&quot;:&quot;Inkheart&quot;},{&quot;genre&quot;:&quot;Comedy&quot;,&quot;movieID&quot;:202,&quot;title&quot;:&quot;Dinner Guest, The (L&apos;invité)&quot;},{&quot;genre&quot;:&quot;Drama|Thriller&quot;,&quot;movieID&quot;:203,&quot;title&quot;:&quot;Blackwoods&quot;},{&quot;genre&quot;:&quot;Horror&quot;,&quot;movieID&quot;:204,&quot;title&quot;:&quot;Curse of Frankenstein, The&quot;},{&quot;genre&quot;:&quot;Adventure|Comedy|Romance&quot;,&quot;movieID&quot;:205,&quot;title&quot;:&quot;Sullivan&apos;s Travels&quot;},{&quot;genre&quot;:&quot;Fantasy|Horror&quot;,&quot;movieID&quot;:206,&quot;title&quot;:&quot;Company of Wolves, The&quot;},{&quot;genre&quot;:&quot;Drama&quot;,&quot;movieID&quot;:207,&quot;title&quot;:&quot;Hell (L&apos;enfer)&quot;},{&quot;genre&quot;:&quot;Drama&quot;,&quot;movieID&quot;:208,&quot;title&quot;:&quot;Game of Their Lives, The&quot;},{&quot;genre&quot;:&quot;Drama&quot;,&quot;movieID&quot;:209,&quot;title&quot;:&quot;One on One&quot;},{&quot;genre&quot;:&quot;Comedy|Drama&quot;,&quot;movieID&quot;:210,&quot;title&quot;:&quot;Good Luck. And Take Care of Each Other&quot;},{&quot;genre&quot;:&quot;Horror|Mystery|Thriller&quot;,&quot;movieID&quot;:211,&quot;title&quot;:&quot;People Under the Stairs, The&quot;},{&quot;genre&quot;:&quot;Drama&quot;,&quot;movieID&quot;:212,&quot;title&quot;:&quot;One Night with the King&quot;},{&quot;genre&quot;:&quot;Drama&quot;,&quot;movieID&quot;:213,&quot;title&quot;:&quot;Dirties, The&quot;},{&quot;genre&quot;:&quot;Adventure|Romance&quot;,&quot;movieID&quot;:214,&quot;title&quot;:&quot;Medicine Man&quot;},{&quot;genre&quot;:&quot;Action&quot;,&quot;movieID&quot;:215,&quot;title&quot;:&quot;Tournament, The&quot;},{&quot;genre&quot;:&quot;Action|Comedy|Crime&quot;,&quot;movieID&quot;:216,&quot;title&quot;:&quot;Sunburn&quot;},{&quot;genre&quot;:&quot;Crime|Drama&quot;,&quot;movieID&quot;:217,&quot;title&quot;:&quot;Wild Bill&quot;},{&quot;genre&quot;:&quot;Drama|Romance|Thriller&quot;,&quot;movieID&quot;:218,&quot;title&quot;:&quot;Far North&quot;},{&quot;genre&quot;:&quot;Action|Drama|Thriller|War&quot;,&quot;movieID&quot;:219,&quot;title&quot;:&quot;&apos;71&quot;},{&quot;genre&quot;:&quot;Mystery|Western&quot;,&quot;movieID&quot;:220,&quot;title&quot;:&quot;Five Card Stud (a.k.a. 5 Card Stud)&quot;},{&quot;genre&quot;:&quot;Adventure|Comedy&quot;,&quot;movieID&quot;:221,&quot;title&quot;:&quot;Mystery on Monster Island&quot;},{&quot;genre&quot;:&quot;Comedy&quot;,&quot;movieID&quot;:222,&quot;title&quot;:&quot;The Swedish Moment&quot;},{&quot;genre&quot;:&quot;Documentary&quot;,&quot;movieID&quot;:223,&quot;title&quot;:&quot;Raw Deal: A Question of Consent&quot;},{&quot;genre&quot;:&quot;Children|Comedy&quot;,&quot;movieID&quot;:224,&quot;title&quot;:&quot;Harriet the Spy&quot;},{&quot;genre&quot;:&quot;Drama&quot;,&quot;movieID&quot;:225,&quot;title&quot;:&quot;That Day, on the Beach (Hai tan de yi tian)&quot;},{&quot;genre&quot;:&quot;Comedy&quot;,&quot;movieID&quot;:226,&quot;title&quot;:&quot;How to Be a Player&quot;},{&quot;genre&quot;:&quot;War&quot;,&quot;movieID&quot;:227,&quot;title&quot;:&quot;Lion of the Desert&quot;},{&quot;genre&quot;:&quot;Documentary&quot;,&quot;movieID&quot;:228,&quot;title&quot;:&quot;WikiRebels: The Documentary&quot;},{&quot;genre&quot;:&quot;Drama&quot;,&quot;movieID&quot;:229,&quot;title&quot;:&quot;Shadow of Angels (Schatten der Engel)&quot;},{&quot;genre&quot;:&quot;Crime|Romance&quot;,&quot;movieID&quot;:230,&quot;title&quot;:&quot;You and Me&quot;},{&quot;genre&quot;:&quot;Comedy|Romance&quot;,&quot;movieID&quot;:231,&quot;title&quot;:&quot;Sixteen Candles&quot;},{&quot;genre&quot;:&quot;Comedy|Western&quot;,&quot;movieID&quot;:232,&quot;title&quot;:&quot;The Seven Males&quot;},{&quot;genre&quot;:&quot;Drama&quot;,&quot;movieID&quot;:233,&quot;title&quot;:&quot;Running on Empty&quot;},{&quot;genre&quot;:&quot;Comedy|Romance|Western&quot;,&quot;movieID&quot;:234,&quot;title&quot;:&quot;Many Rivers to Cross&quot;},{&quot;genre&quot;:&quot;Drama|War&quot;,&quot;movieID&quot;:235,&quot;title&quot;:&quot;Red Badge of Courage, The&quot;},{&quot;genre&quot;:&quot;Action|Drama|War&quot;,&quot;movieID&quot;:236,&quot;title&quot;:&quot;Into the White (Cross of Honour)&quot;},{&quot;genre&quot;:&quot;Action|Adventure|Animation|Children|Sci-Fi&quot;,&quot;movieID&quot;:237,&quot;title&quot;:&quot;Kaena: The Prophecy (Kaena: La prophétie)&quot;},{&quot;genre&quot;:&quot;Comedy|Fantasy|Horror|Sci-Fi|Thriller&quot;,&quot;movieID&quot;:238,&quot;title&quot;:&quot;Puppet Master vs. Demonic Toys (Puppet Master 9)&quot;},{&quot;genre&quot;:&quot;Drama&quot;,&quot;movieID&quot;:239,&quot;title&quot;:&quot;Change of Habit&quot;},{&quot;genre&quot;:&quot;Comedy&quot;,&quot;movieID&quot;:240,&quot;title&quot;:&quot;That&apos;s My Boy&quot;},{&quot;genre&quot;:&quot;Action|Drama|Thriller&quot;,&quot;movieID&quot;:241,&quot;title&quot;:&quot;Bullies&quot;},{&quot;genre&quot;:&quot;Thriller&quot;,&quot;movieID&quot;:242,&quot;title&quot;:&quot;Borgman&quot;},{&quot;genre&quot;:&quot;Documentary&quot;,&quot;movieID&quot;:243,&quot;title&quot;:&quot;Hybrid&quot;},{&quot;genre&quot;:&quot;Drama|Horror|Thriller&quot;,&quot;movieID&quot;:244,&quot;title&quot;:&quot;Backcountry&quot;},{&quot;genre&quot;:&quot;Comedy|Drama&quot;,&quot;movieID&quot;:245,&quot;title&quot;:&quot;Some Kind of Hero&quot;},{&quot;genre&quot;:&quot;Action|Fantasy|Horror|Thriller&quot;,&quot;movieID&quot;:246,&quot;title&quot;:&quot;Day Watch (Dnevnoy dozor)&quot;},{&quot;genre&quot;:&quot;Crime|Drama&quot;,&quot;movieID&quot;:247,&quot;title&quot;:&quot;Storm Warning&quot;},{&quot;genre&quot;:&quot;Documentary&quot;,&quot;movieID&quot;:248,&quot;title&quot;:&quot;Filth and the Fury, The&quot;},{&quot;genre&quot;:&quot;Sci-Fi|Thriller&quot;,&quot;movieID&quot;:249,&quot;title&quot;:&quot;Return, The&quot;},{&quot;genre&quot;:&quot;Documentary&quot;,&quot;movieID&quot;:250,&quot;title&quot;:&quot;Bobby Fischer Against the World&quot;},{&quot;genre&quot;:&quot;Drama|Romance&quot;,&quot;movieID&quot;:251,&quot;title&quot;:&quot;Blue Swallow (Cheong yeon)&quot;},{&quot;genre&quot;:&quot;Drama|Romance&quot;,&quot;movieID&quot;:252,&quot;title&quot;:&quot;Girl with a Pearl Earring&quot;},{&quot;genre&quot;:&quot;Action|Adventure|Comedy|Romance&quot;,&quot;movieID&quot;:253,&quot;title&quot;:&quot;Three Musketeers, The&quot;},{&quot;genre&quot;:&quot;Documentary|War&quot;,&quot;movieID&quot;:254,&quot;title&quot;:&quot;The Hornet&apos;s Nest&quot;},{&quot;genre&quot;:&quot;(no genres listed)&quot;,&quot;movieID&quot;:255,&quot;title&quot;:&quot;Glitterbug&quot;},{&quot;genre&quot;:&quot;Comedy|Drama|Romance&quot;,&quot;movieID&quot;:256,&quot;title&quot;:&quot;Meet Monica Velour&quot;},{&quot;genre&quot;:&quot;Thriller&quot;,&quot;movieID&quot;:257,&quot;title&quot;:&quot;Aks&quot;},{&quot;genre&quot;:&quot;Crime|Drama|Film-Noir|Thriller&quot;,&quot;movieID&quot;:258,&quot;title&quot;:&quot;Key Largo&quot;},{&quot;genre&quot;:&quot;Action|Adventure|Sci-Fi&quot;,&quot;movieID&quot;:259,&quot;title&quot;:&quot;Hulk&quot;},{&quot;genre&quot;:&quot;Action|Comedy|Crime&quot;,&quot;movieID&quot;:260,&quot;title&quot;:&quot;Cop Out&quot;},{&quot;genre&quot;:&quot;Action|Comedy&quot;,&quot;movieID&quot;:261,&quot;title&quot;:&quot;Project A (&apos;A&apos; gai waak)&quot;},{&quot;genre&quot;:&quot;Action|Drama|Romance&quot;,&quot;movieID&quot;:262,&quot;title&quot;:&quot;Bullfighter and the Lady&quot;},{&quot;genre&quot;:&quot;Crime|Drama|Romance&quot;,&quot;movieID&quot;:263,&quot;title&quot;:&quot;Havoc&quot;},{&quot;genre&quot;:&quot;Comedy&quot;,&quot;movieID&quot;:264,&quot;title&quot;:&quot;College&quot;},{&quot;genre&quot;:&quot;Drama&quot;,&quot;movieID&quot;:265,&quot;title&quot;:&quot;Swades: We, the People (Our Country)&quot;},{&quot;genre&quot;:&quot;Comedy|Drama|Romance&quot;,&quot;movieID&quot;:266,&quot;title&quot;:&quot;Elena and Her Men (Paris Does Strange Things) (Elena et les hommes)&quot;},{&quot;genre&quot;:&quot;Comedy|Drama|Romance&quot;,&quot;movieID&quot;:267,&quot;title&quot;:&quot;God&apos;s Little Acre&quot;},{&quot;genre&quot;:&quot;Action|Crime|Thriller&quot;,&quot;movieID&quot;:268,&quot;title&quot;:&quot;Hitman&quot;},{&quot;genre&quot;:&quot;Drama&quot;,&quot;movieID&quot;:269,&quot;title&quot;:&quot;Hangtime - Kein leichtes Spiel&quot;},{&quot;genre&quot;:&quot;Drama|Mystery&quot;,&quot;movieID&quot;:270,&quot;title&quot;:&quot;Girl with Hyacinths&quot;},{&quot;genre&quot;:&quot;Action|Crime|Drama|Thriller&quot;,&quot;movieID&quot;:271,&quot;title&quot;:&quot;Memory of a Killer, The (Zaak Alzheimer, De)&quot;},{&quot;genre&quot;:&quot;Drama&quot;,&quot;movieID&quot;:272,&quot;title&quot;:&quot;Butterfly&quot;},{&quot;genre&quot;:&quot;Crime|Drama&quot;,&quot;movieID&quot;:273,&quot;title&quot;:&quot;Doorway to Hell, The&quot;},{&quot;genre&quot;:&quot;Documentary&quot;,&quot;movieID&quot;:274,&quot;title&quot;:&quot;Confessions of a Superhero&quot;},{&quot;genre&quot;:&quot;Horror|Thriller&quot;,&quot;movieID&quot;:275,&quot;title&quot;:&quot;Black Rock&quot;},{&quot;genre&quot;:&quot;Children|Comedy|Drama&quot;,&quot;movieID&quot;:276,&quot;title&quot;:&quot;Tru Confessions&quot;},{&quot;genre&quot;:&quot;Drama&quot;,&quot;movieID&quot;:277,&quot;title&quot;:&quot;Stoplight Society, The (La Sociedad del Semáforo)&quot;},{&quot;genre&quot;:&quot;Action|Drama|Thriller&quot;,&quot;movieID&quot;:278,&quot;title&quot;:&quot;Wicked Blood&quot;},{&quot;genre&quot;:&quot;Drama|War&quot;,&quot;movieID&quot;:279,&quot;title&quot;:&quot;Gung Ho! (Gung Ho!: The Story of Carlson&apos;s Makin Island Raiders)&quot;},{&quot;genre&quot;:&quot;Action|Comedy|Crime|Fantasy|Thriller|IMAX&quot;,&quot;movieID&quot;:280,&quot;title&quot;:&quot;Green Hornet, The&quot;},{&quot;genre&quot;:&quot;Drama&quot;,&quot;movieID&quot;:281,&quot;title&quot;:&quot;Cazuza - O Tempo Não Pára&quot;},{&quot;genre&quot;:&quot;Drama&quot;,&quot;movieID&quot;:282,&quot;title&quot;:&quot;Pascali&apos;s Island&quot;},{&quot;genre&quot;:&quot;Drama|Horror&quot;,&quot;movieID&quot;:283,&quot;title&quot;:&quot;Dorian Gray&quot;},{&quot;genre&quot;:&quot;Comedy|Horror|Romance&quot;,&quot;movieID&quot;:284,&quot;title&quot;:&quot;Vampire in Brooklyn&quot;},{&quot;genre&quot;:&quot;Drama|War&quot;,&quot;movieID&quot;:285,&quot;title&quot;:&quot;World War II: When Lions Roared&quot;},{&quot;genre&quot;:&quot;Comedy|Romance&quot;,&quot;movieID&quot;:286,&quot;title&quot;:&quot;Date Movie&quot;},{&quot;genre&quot;:&quot;Drama|Horror&quot;,&quot;movieID&quot;:287,&quot;title&quot;:&quot;Battery, The&quot;},{&quot;genre&quot;:&quot;Comedy|Crime|Mystery|Thriller&quot;,&quot;movieID&quot;:288,&quot;title&quot;:&quot;Charlie Chan in The Chinese Cat&quot;},{&quot;genre&quot;:&quot;Drama|Thriller&quot;,&quot;movieID&quot;:289,&quot;title&quot;:&quot;Jill the Ripper (Jill Rips)&quot;},{&quot;genre&quot;:&quot;Animation|Comedy&quot;,&quot;movieID&quot;:290,&quot;title&quot;:&quot;Seven Brothers (Seitsemän veljestä)&quot;},{&quot;genre&quot;:&quot;Drama&quot;,&quot;movieID&quot;:291,&quot;title&quot;:&quot;Margaret&apos;s Museum&quot;},{&quot;genre&quot;:&quot;Documentary&quot;,&quot;movieID&quot;:292,&quot;title&quot;:&quot;Somm&quot;},{&quot;genre&quot;:&quot;Comedy|Musical&quot;,&quot;movieID&quot;:293,&quot;title&quot;:&quot;Thank God It&apos;s Friday&quot;},{&quot;genre&quot;:&quot;Comedy|Fantasy|Romance|Sci-Fi&quot;,&quot;movieID&quot;:294,&quot;title&quot;:&quot;Nutty Professor, The&quot;},{&quot;genre&quot;:&quot;Drama|Musical&quot;,&quot;movieID&quot;:295,&quot;title&quot;:&quot;Stomp the Yard&quot;},{&quot;genre&quot;:&quot;Crime|Drama&quot;,&quot;movieID&quot;:296,&quot;title&quot;:&quot;Busting&quot;},{&quot;genre&quot;:&quot;Drama&quot;,&quot;movieID&quot;:297,&quot;title&quot;:&quot;Freedom&quot;},{&quot;genre&quot;:&quot;Horror|Mystery|Sci-Fi|Thriller&quot;,&quot;movieID&quot;:298,&quot;title&quot;:&quot;The Whisperer in Darkness&quot;},{&quot;genre&quot;:&quot;Drama&quot;,&quot;movieID&quot;:299,&quot;title&quot;:&quot;End of Love, The&quot;},{&quot;genre&quot;:&quot;Horror|Sci-Fi&quot;,&quot;movieID&quot;:300,&quot;title&quot;:&quot;Shadowzone&quot;},{&quot;genre&quot;:&quot;Sci-Fi&quot;,&quot;movieID&quot;:301,&quot;title&quot;:&quot;Alien from L.A.&quot;},{&quot;genre&quot;:&quot;Children|Comedy|Fantasy&quot;,&quot;movieID&quot;:302,&quot;title&quot;:&quot;Gordy&quot;},{&quot;genre&quot;:&quot;Crime|Drama|Thriller&quot;,&quot;movieID&quot;:303,&quot;title&quot;:&quot;Poker Club, The&quot;},{&quot;genre&quot;:&quot;Action|Adventure&quot;,&quot;movieID&quot;:304,&quot;title&quot;:&quot;Back in Business&quot;},{&quot;genre&quot;:&quot;Drama&quot;,&quot;movieID&quot;:305,&quot;title&quot;:&quot;Susannah of the Mounties&quot;},{&quot;genre&quot;:&quot;(no genres listed)&quot;,&quot;movieID&quot;:306,&quot;title&quot;:&quot;The Distance&quot;},{&quot;genre&quot;:&quot;Musical&quot;,&quot;movieID&quot;:307,&quot;title&quot;:&quot;\&quot;Great Performances\&quot; Cats&quot;},{&quot;genre&quot;:&quot;Romance|Western&quot;,&quot;movieID&quot;:308,&quot;title&quot;:&quot;Long Ride Home, The&quot;},{&quot;genre&quot;:&quot;Comedy|Drama|Romance&quot;,&quot;movieID&quot;:309,&quot;title&quot;:&quot;Mermaids&quot;},{&quot;genre&quot;:&quot;Children|Drama&quot;,&quot;movieID&quot;:310,&quot;title&quot;:&quot;Dolphin Tale&quot;},{&quot;genre&quot;:&quot;Comedy&quot;,&quot;movieID&quot;:311,&quot;title&quot;:&quot;Vice Versa&quot;},{&quot;genre&quot;:&quot;Comedy|Drama&quot;,&quot;movieID&quot;:312,&quot;title&quot;:&quot;Molly&quot;},{&quot;genre&quot;:&quot;Comedy|Drama&quot;,&quot;movieID&quot;:313,&quot;title&quot;:&quot;Adam&apos;s Apples (Adams æbler)&quot;},{&quot;genre&quot;:&quot;Adventure|Animation|Children|Comedy&quot;,&quot;movieID&quot;:314,&quot;title&quot;:&quot;Open Season 2&quot;},{&quot;genre&quot;:&quot;Drama&quot;,&quot;movieID&quot;:315,&quot;title&quot;:&quot;So Evil, So Young&quot;},{&quot;genre&quot;:&quot;Drama|Sci-Fi&quot;,&quot;movieID&quot;:316,&quot;title&quot;:&quot;Killings at Outpost Zeta, The&quot;},{&quot;genre&quot;:&quot;Action|Romance|Western&quot;,&quot;movieID&quot;:317,&quot;title&quot;:&quot;Desperado&quot;},{&quot;genre&quot;:&quot;Comedy|Drama|Romance&quot;,&quot;movieID&quot;:318,&quot;title&quot;:&quot;Raising Helen&quot;},{&quot;genre&quot;:&quot;Drama&quot;,&quot;movieID&quot;:319,&quot;title&quot;:&quot;Time to Leave&quot;},{&quot;genre&quot;:&quot;Adventure|Animation|Drama&quot;,&quot;movieID&quot;:320,&quot;title&quot;:&quot;Tokyo Godfathers&quot;},{&quot;genre&quot;:&quot;Comedy|Horror|Sci-Fi|Thriller&quot;,&quot;movieID&quot;:321,&quot;title&quot;:&quot;Sand Sharks&quot;},{&quot;genre&quot;:&quot;Drama&quot;,&quot;movieID&quot;:322,&quot;title&quot;:&quot;¡Qué hacer!&quot;},{&quot;genre&quot;:&quot;Comedy|Drama&quot;,&quot;movieID&quot;:323,&quot;title&quot;:&quot;Vizontele&quot;},{&quot;genre&quot;:&quot;Action|Adventure|Drama|War&quot;,&quot;movieID&quot;:324,&quot;title&quot;:&quot;Inglorious Bastards (Quel maledetto treno blindato)&quot;},{&quot;genre&quot;:&quot;Comedy|Drama&quot;,&quot;movieID&quot;:325,&quot;title&quot;:&quot;Hotel Very Welcome&quot;},{&quot;genre&quot;:&quot;Crime|Horror|Thriller&quot;,&quot;movieID&quot;:326,&quot;title&quot;:&quot;Hostel: Part II&quot;},{&quot;genre&quot;:&quot;Romance&quot;,&quot;movieID&quot;:327,&quot;title&quot;:&quot;Once Upon a Time (Der var engang)&quot;},{&quot;genre&quot;:&quot;Animation|Sci-Fi&quot;,&quot;movieID&quot;:328,&quot;title&quot;:&quot;Congress, The&quot;},{&quot;genre&quot;:&quot;Horror|Mystery&quot;,&quot;movieID&quot;:329,&quot;title&quot;:&quot;Messengers 2: The Scarecrow&quot;},{&quot;genre&quot;:&quot;Children|Comedy|Musical&quot;,&quot;movieID&quot;:330,&quot;title&quot;:&quot;Muppet Musicians of Bremen, The&quot;},{&quot;genre&quot;:&quot;Action|Animation|Comedy&quot;,&quot;movieID&quot;:331,&quot;title&quot;:&quot;Killer Bean 2: The Party&quot;},{&quot;genre&quot;:&quot;Comedy|Musical&quot;,&quot;movieID&quot;:332,&quot;title&quot;:&quot;Panama Hattie&quot;},{&quot;genre&quot;:&quot;Drama&quot;,&quot;movieID&quot;:333,&quot;title&quot;:&quot;Summer in Berlin (Sommer vorm Balkon)&quot;},{&quot;genre&quot;:&quot;Drama&quot;,&quot;movieID&quot;:334,&quot;title&quot;:&quot;Kid With a Bike, The (Le gamin au vélo)&quot;},{&quot;genre&quot;:&quot;Action|Animation&quot;,&quot;movieID&quot;:335,&quot;title&quot;:&quot;G.I. Joe: A Real American Hero (G.I. Joe: The MASS Device)&quot;},{&quot;genre&quot;:&quot;Drama&quot;,&quot;movieID&quot;:336,&quot;title&quot;:&quot;8 Mile&quot;},{&quot;genre&quot;:&quot;Comedy|Sci-Fi&quot;,&quot;movieID&quot;:337,&quot;title&quot;:&quot;Space Milkshake&quot;},{&quot;genre&quot;:&quot;Drama|Romance&quot;,&quot;movieID&quot;:338,&quot;title&quot;:&quot;Yves Saint Laurent&quot;},{&quot;genre&quot;:&quot;Comedy|Mystery&quot;,&quot;movieID&quot;:339,&quot;title&quot;:&quot;Once Upon a Crime...&quot;},{&quot;genre&quot;:&quot;Horror|Thriller&quot;,&quot;movieID&quot;:340,&quot;title&quot;:&quot;Eye 2, The (Gin gwai 2)&quot;},{&quot;genre&quot;:&quot;Action|Adventure|Drama|Fantasy|Horror|Romance|Sci-Fi&quot;,&quot;movieID&quot;:341,&quot;title&quot;:&quot;She&quot;},{&quot;genre&quot;:&quot;Crime&quot;,&quot;movieID&quot;:342,&quot;title&quot;:&quot;Across 110th Street&quot;},{&quot;genre&quot;:&quot;Drama&quot;,&quot;movieID&quot;:343,&quot;title&quot;:&quot;Valley of the Dolls&quot;},{&quot;genre&quot;:&quot;Drama&quot;,&quot;movieID&quot;:344,&quot;title&quot;:&quot;Deep, The (Djúpið)&quot;},{&quot;genre&quot;:&quot;Drama&quot;,&quot;movieID&quot;:345,&quot;title&quot;:&quot;Dangerous Game&quot;},{&quot;genre&quot;:&quot;Adventure|Romance&quot;,&quot;movieID&quot;:346,&quot;title&quot;:&quot;Boy on a Dolphin&quot;},{&quot;genre&quot;:&quot;Drama&quot;,&quot;movieID&quot;:347,&quot;title&quot;:&quot;Spitfire Grill, The&quot;},{&quot;genre&quot;:&quot;Documentary&quot;,&quot;movieID&quot;:348,&quot;title&quot;:&quot;Armstrong Lie, The&quot;},{&quot;genre&quot;:&quot;Comedy&quot;,&quot;movieID&quot;:349,&quot;title&quot;:&quot;Impure Thoughts&quot;},{&quot;genre&quot;:&quot;Action|Crime|Drama&quot;,&quot;movieID&quot;:350,&quot;title&quot;:&quot;Bad Ass&quot;},{&quot;genre&quot;:&quot;Drama&quot;,&quot;movieID&quot;:351,&quot;title&quot;:&quot;Fitzgerald Family Christmas, The&quot;},{&quot;genre&quot;:&quot;Crime|Thriller&quot;,&quot;movieID&quot;:352,&quot;title&quot;:&quot;Border Run (Mule, The)&quot;},{&quot;genre&quot;:&quot;Drama|War&quot;,&quot;movieID&quot;:353,&quot;title&quot;:&quot;Four Sons&quot;},{&quot;genre&quot;:&quot;Horror|Sci-Fi&quot;,&quot;movieID&quot;:354,&quot;title&quot;:&quot;Parasite&quot;},{&quot;genre&quot;:&quot;Drama|Thriller&quot;,&quot;movieID&quot;:355,&quot;title&quot;:&quot;Dangerous Method, A&quot;},{&quot;genre&quot;:&quot;Drama|Romance&quot;,&quot;movieID&quot;:356,&quot;title&quot;:&quot;Voices&quot;},{&quot;genre&quot;:&quot;Drama|Film-Noir|Romance&quot;,&quot;movieID&quot;:357,&quot;title&quot;:&quot;Woman on the Beach, The&quot;},{&quot;genre&quot;:&quot;Drama|Mystery&quot;,&quot;movieID&quot;:358,&quot;title&quot;:&quot;The Island&quot;},{&quot;genre&quot;:&quot;Drama&quot;,&quot;movieID&quot;:359,&quot;title&quot;:&quot;Brave, The&quot;},{&quot;genre&quot;:&quot;Documentary&quot;,&quot;movieID&quot;:360,&quot;title&quot;:&quot;Magnetic Man, The (Magneettimies)&quot;},{&quot;genre&quot;:&quot;Comedy|Drama&quot;,&quot;movieID&quot;:361,&quot;title&quot;:&quot;In the Soup&quot;},{&quot;genre&quot;:&quot;Drama|Romance&quot;,&quot;movieID&quot;:362,&quot;title&quot;:&quot;Jane Austen Book Club, The&quot;},{&quot;genre&quot;:&quot;Comedy|Crime&quot;,&quot;movieID&quot;:363,&quot;title&quot;:&quot;Great Bank Hoax, The&quot;},{&quot;genre&quot;:&quot;Comedy&quot;,&quot;movieID&quot;:364,&quot;title&quot;:&quot;Happy End&quot;},{&quot;genre&quot;:&quot;Comedy&quot;,&quot;movieID&quot;:365,&quot;title&quot;:&quot;Siete minutos (Seven Minutes)&quot;},{&quot;genre&quot;:&quot;Comedy|Drama&quot;,&quot;movieID&quot;:366,&quot;title&quot;:&quot;I Don&apos;t Want to Sleep Alone (Hei yan quan)&quot;},{&quot;genre&quot;:&quot;Drama&quot;,&quot;movieID&quot;:367,&quot;title&quot;:&quot;Memories of Underdevelopment (Memorias del subdesarrollo)&quot;},{&quot;genre&quot;:&quot;Documentary&quot;,&quot;movieID&quot;:368,&quot;title&quot;:&quot;Boy Interrupted&quot;},{&quot;genre&quot;:&quot;Drama&quot;,&quot;movieID&quot;:369,&quot;title&quot;:&quot;Fill the Void (Lemale et ha&apos;halal)&quot;},{&quot;genre&quot;:&quot;Drama|Romance&quot;,&quot;movieID&quot;:370,&quot;title&quot;:&quot;Jane Eyre&quot;},{&quot;genre&quot;:&quot;Comedy&quot;,&quot;movieID&quot;:371,&quot;title&quot;:&quot;If a Man Answers&quot;},{&quot;genre&quot;:&quot;Comedy|Drama&quot;,&quot;movieID&quot;:372,&quot;title&quot;:&quot;Visions of Europe&quot;},{&quot;genre&quot;:&quot;Documentary&quot;,&quot;movieID&quot;:373,&quot;title&quot;:&quot;Oath, The&quot;},{&quot;genre&quot;:&quot;Crime|Drama|Thriller&quot;,&quot;movieID&quot;:374,&quot;title&quot;:&quot;Brothers: The Return&quot;},{&quot;genre&quot;:&quot;Thriller&quot;,&quot;movieID&quot;:375,&quot;title&quot;:&quot;Police Python 357&quot;},{&quot;genre&quot;:&quot;Comedy&quot;,&quot;movieID&quot;:376,&quot;title&quot;:&quot;Kariera Nikosia Dyzmy&quot;},{&quot;genre&quot;:&quot;Crime|Drama&quot;,&quot;movieID&quot;:377,&quot;title&quot;:&quot;Good Thief, The&quot;},{&quot;genre&quot;:&quot;Horror|Sci-Fi|Thriller&quot;,&quot;movieID&quot;:378,&quot;title&quot;:&quot;Hollow Man&quot;},{&quot;genre&quot;:&quot;Crime|Drama|Fantasy&quot;,&quot;movieID&quot;:379,&quot;title&quot;:&quot;Pitfall (Otoshiana)&quot;},{&quot;genre&quot;:&quot;Horror&quot;,&quot;movieID&quot;:380,&quot;title&quot;:&quot;Corruption (a.k.a. Carnage)&quot;},{&quot;genre&quot;:&quot;Comedy|Musical|Western&quot;,&quot;movieID&quot;:381,&quot;title&quot;:&quot;Red Garters&quot;},{&quot;genre&quot;:&quot;Musical|Western&quot;,&quot;movieID&quot;:382,&quot;title&quot;:&quot;Can&apos;t Help Singing&quot;},{&quot;genre&quot;:&quot;Drama&quot;,&quot;movieID&quot;:383,&quot;title&quot;:&quot;Nobody Wants the Night&quot;},{&quot;genre&quot;:&quot;Drama|Romance&quot;,&quot;movieID&quot;:384,&quot;title&quot;:&quot;Bounce&quot;},{&quot;genre&quot;:&quot;Drama&quot;,&quot;movieID&quot;:385,&quot;title&quot;:&quot;Still Life&quot;},{&quot;genre&quot;:&quot;Comedy|Crime|Drama&quot;,&quot;movieID&quot;:386,&quot;title&quot;:&quot;Drogówka&quot;},{&quot;genre&quot;:&quot;Action|Drama|Romance&quot;,&quot;movieID&quot;:387,&quot;title&quot;:&quot;First Knight&quot;},{&quot;genre&quot;:&quot;Crime|Drama|Thriller&quot;,&quot;movieID&quot;:388,&quot;title&quot;:&quot;Karla&quot;},{&quot;genre&quot;:&quot;Horror&quot;,&quot;movieID&quot;:389,&quot;title&quot;:&quot;Jeepers Creepers&quot;},{&quot;genre&quot;:&quot;Drama|Horror|Mystery&quot;,&quot;movieID&quot;:390,&quot;title&quot;:&quot;Other, The&quot;},{&quot;genre&quot;:&quot;Comedy|Drama|Romance&quot;,&quot;movieID&quot;:391,&quot;title&quot;:&quot;Yes Or No&quot;},{&quot;genre&quot;:&quot;Comedy|Romance&quot;,&quot;movieID&quot;:392,&quot;title&quot;:&quot;Shall We Dance?&quot;},{&quot;genre&quot;:&quot;Drama|Thriller&quot;,&quot;movieID&quot;:393,&quot;title&quot;:&quot;Cat&apos;s Meow, The&quot;},{&quot;genre&quot;:&quot;Action|Adventure|Drama&quot;,&quot;movieID&quot;:394,&quot;title&quot;:&quot;Back In Action&quot;},{&quot;genre&quot;:&quot;Drama|War&quot;,&quot;movieID&quot;:395,&quot;title&quot;:&quot;Lancelot of the Lake (Lancelot du Lac)&quot;},{&quot;genre&quot;:&quot;Comedy|Musical|Romance&quot;,&quot;movieID&quot;:396,&quot;title&quot;:&quot;Presenting Lily Mars&quot;},{&quot;genre&quot;:&quot;Comedy|Musical|Romance&quot;,&quot;movieID&quot;:397,&quot;title&quot;:&quot;Royal Wedding&quot;},{&quot;genre&quot;:&quot;Action|Fantasy&quot;,&quot;movieID&quot;:398,&quot;title&quot;:&quot;BloodRayne&quot;},{&quot;genre&quot;:&quot;Documentary|Drama&quot;,&quot;movieID&quot;:399,&quot;title&quot;:&quot;Marihuana&quot;},{&quot;genre&quot;:&quot;Comedy|Crime|Romance&quot;,&quot;movieID&quot;:400,&quot;title&quot;:&quot;Cure for Love, A (Lekarstwo na milosc)&quot;},{&quot;genre&quot;:&quot;Comedy|Romance&quot;,&quot;movieID&quot;:401,&quot;title&quot;:&quot;Expecting Love (Mala wielka milosc)&quot;},{&quot;genre&quot;:&quot;Action|Adventure|Comedy&quot;,&quot;movieID&quot;:402,&quot;title&quot;:&quot;Armour of God (Long xiong hu di)&quot;},{&quot;genre&quot;:&quot;Drama|Romance&quot;,&quot;movieID&quot;:403,&quot;title&quot;:&quot;Vanity Fair&quot;},{&quot;genre&quot;:&quot;Action|Adventure|Animation&quot;,&quot;movieID&quot;:404,&quot;title&quot;:&quot;Dragon Ball Z: Bio-Broly (Doragon bôru Z 11: Sûpâ senshi gekiha! Katsu no wa ore da)&quot;},{&quot;genre&quot;:&quot;Crime|Drama|Film-Noir|Thriller&quot;,&quot;movieID&quot;:405,&quot;title&quot;:&quot;Hickey and Boggs&quot;},{&quot;genre&quot;:&quot;(no genres listed)&quot;,&quot;movieID&quot;:406,&quot;title&quot;:&quot;The Shoe&quot;},{&quot;genre&quot;:&quot;Action|Adventure|Fantasy|Sci-Fi&quot;,&quot;movieID&quot;:407,&quot;title&quot;:&quot;Trip to the Moon, A (Voyage dans la lune, Le)&quot;},{&quot;genre&quot;:&quot;Documentary&quot;,&quot;movieID&quot;:408,&quot;title&quot;:&quot;For the Love of Movies&quot;},{&quot;genre&quot;:&quot;Drama|Romance&quot;,&quot;movieID&quot;:409,&quot;title&quot;:&quot;Dog Tags&quot;},{&quot;genre&quot;:&quot;Crime|Drama|Thriller&quot;,&quot;movieID&quot;:410,&quot;title&quot;:&quot;The Gambler&quot;},{&quot;genre&quot;:&quot;Crime|Drama|Mystery|Thriller&quot;,&quot;movieID&quot;:411,&quot;title&quot;:&quot;After Alice (Eye of the Killer)&quot;},{&quot;genre&quot;:&quot;Drama&quot;,&quot;movieID&quot;:412,&quot;title&quot;:&quot;Stalin&quot;},{&quot;genre&quot;:&quot;Comedy&quot;,&quot;movieID&quot;:413,&quot;title&quot;:&quot;Lollilove&quot;},{&quot;genre&quot;:&quot;Drama|Romance&quot;,&quot;movieID&quot;:414,&quot;title&quot;:&quot;Hoosiers (a.k.a. Best Shot)&quot;},{&quot;genre&quot;:&quot;Drama|Romance&quot;,&quot;movieID&quot;:415,&quot;title&quot;:&quot;Makioka Sisters, The (Sasame-yuki)&quot;},{&quot;genre&quot;:&quot;Crime|Drama|Romance&quot;,&quot;movieID&quot;:416,&quot;title&quot;:&quot;Death in Buenos Aires (Muerte en Buenos Aires)&quot;},{&quot;genre&quot;:&quot;Drama|Romance&quot;,&quot;movieID&quot;:417,&quot;title&quot;:&quot;Our Daily Bread&quot;},{&quot;genre&quot;:&quot;Drama&quot;,&quot;movieID&quot;:418,&quot;title&quot;:&quot;Black Butterflies&quot;},{&quot;genre&quot;:&quot;Drama&quot;,&quot;movieID&quot;:419,&quot;title&quot;:&quot;Tales of Ordinary Madness (Storie di Ordinaria Follia)&quot;},{&quot;genre&quot;:&quot;Horror|Mystery|Thriller&quot;,&quot;movieID&quot;:420,&quot;title&quot;:&quot;Rose Red&quot;},{&quot;genre&quot;:&quot;Horror|Mystery|Sci-Fi|Thriller&quot;,&quot;movieID&quot;:421,&quot;title&quot;:&quot;The Whisperer in Darkness&quot;},{&quot;genre&quot;:&quot;Comedy&quot;,&quot;movieID&quot;:422,&quot;title&quot;:&quot;Den enskilde medborgaren&quot;},{&quot;genre&quot;:&quot;Thriller&quot;,&quot;movieID&quot;:423,&quot;title&quot;:&quot;Messenger of Death&quot;},{&quot;genre&quot;:&quot;Documentary&quot;,&quot;movieID&quot;:424,&quot;title&quot;:&quot;Holy Wars&quot;},{&quot;genre&quot;:&quot;Documentary&quot;,&quot;movieID&quot;:425,&quot;title&quot;:&quot;La Rabbia&quot;},{&quot;genre&quot;:&quot;Drama&quot;,&quot;movieID&quot;:426,&quot;title&quot;:&quot;Daughter of the Nile (Ni luo he nu er)&quot;},{&quot;genre&quot;:&quot;Horror|Mystery|Thriller&quot;,&quot;movieID&quot;:427,&quot;title&quot;:&quot;Breathing Room&quot;},{&quot;genre&quot;:&quot;Drama|Musical|Romance&quot;,&quot;movieID&quot;:428,&quot;title&quot;:&quot;Goodbye, Mr. Chips&quot;},{&quot;genre&quot;:&quot;Comedy&quot;,&quot;movieID&quot;:429,&quot;title&quot;:&quot;Wirey Spindell&quot;},{&quot;genre&quot;:&quot;Drama&quot;,&quot;movieID&quot;:430,&quot;title&quot;:&quot;Elles&quot;},{&quot;genre&quot;:&quot;Action|Drama|Sci-Fi|Thriller&quot;,&quot;movieID&quot;:431,&quot;title&quot;:&quot;Star Trek: Nemesis&quot;},{&quot;genre&quot;:&quot;Drama|Film-Noir|Romance&quot;,&quot;movieID&quot;:432,&quot;title&quot;:&quot;Woman on the Beach, The&quot;},{&quot;genre&quot;:&quot;Action|Drama&quot;,&quot;movieID&quot;:433,&quot;title&quot;:&quot;True Legend (Su Qi-Er)&quot;},{&quot;genre&quot;:&quot;Drama&quot;,&quot;movieID&quot;:434,&quot;title&quot;:&quot;Jamaica Inn&quot;},{&quot;genre&quot;:&quot;Action&quot;,&quot;movieID&quot;:435,&quot;title&quot;:&quot;First Target&quot;},{&quot;genre&quot;:&quot;Comedy&quot;,&quot;movieID&quot;:436,&quot;title&quot;:&quot;Boeing, Boeing&quot;},{&quot;genre&quot;:&quot;Horror&quot;,&quot;movieID&quot;:437,&quot;title&quot;:&quot;The Oblong Box&quot;},{&quot;genre&quot;:&quot;Comedy|Horror&quot;,&quot;movieID&quot;:438,&quot;title&quot;:&quot;Sleeping Car, The&quot;},{&quot;genre&quot;:&quot;Drama&quot;,&quot;movieID&quot;:439,&quot;title&quot;:&quot;Go Now&quot;},{&quot;genre&quot;:&quot;Drama&quot;,&quot;movieID&quot;:440,&quot;title&quot;:&quot;Morgen&quot;},{&quot;genre&quot;:&quot;Action|Adventure|Drama&quot;,&quot;movieID&quot;:441,&quot;title&quot;:&quot;Scott of the Antarctic&quot;},{&quot;genre&quot;:&quot;Comedy|Romance&quot;,&quot;movieID&quot;:442,&quot;title&quot;:&quot;Vicky Donor&quot;},{&quot;genre&quot;:&quot;Documentary&quot;,&quot;movieID&quot;:443,&quot;title&quot;:&quot;Vinyl&quot;},{&quot;genre&quot;:&quot;Horror|Mystery|Thriller&quot;,&quot;movieID&quot;:444,&quot;title&quot;:&quot;Strange Circus (Kimyô na sâkasu)&quot;},{&quot;genre&quot;:&quot;Horror&quot;,&quot;movieID&quot;:445,&quot;title&quot;:&quot;Greystone Park&quot;},{&quot;genre&quot;:&quot;Adventure|Comedy|Horror|Romance&quot;,&quot;movieID&quot;:446,&quot;title&quot;:&quot;Dr. Phibes Rises Again&quot;},{&quot;genre&quot;:&quot;Drama|Romance&quot;,&quot;movieID&quot;:447,&quot;title&quot;:&quot;Quiet Man, The&quot;},{&quot;genre&quot;:&quot;Documentary&quot;,&quot;movieID&quot;:448,&quot;title&quot;:&quot;My First War&quot;},{&quot;genre&quot;:&quot;Drama|Romance&quot;,&quot;movieID&quot;:449,&quot;title&quot;:&quot;Vivere&quot;},{&quot;genre&quot;:&quot;Documentary&quot;,&quot;movieID&quot;:450,&quot;title&quot;:&quot;Cheshire Murders, The&quot;},{&quot;genre&quot;:&quot;Drama|Romance&quot;,&quot;movieID&quot;:451,&quot;title&quot;:&quot;All Mine to Give&quot;},{&quot;genre&quot;:&quot;Musical|Romance|Western&quot;,&quot;movieID&quot;:452,&quot;title&quot;:&quot;Girl of the Golden West&quot;},{&quot;genre&quot;:&quot;Children|Comedy&quot;,&quot;movieID&quot;:453,&quot;title&quot;:&quot;I, Cesar (Moi César, 10 ans 1/2, 1m39)&quot;},{&quot;genre&quot;:&quot;Crime|Drama|Thriller&quot;,&quot;movieID&quot;:454,&quot;title&quot;:&quot;Three Way&quot;},{&quot;genre&quot;:&quot;Documentary&quot;,&quot;movieID&quot;:455,&quot;title&quot;:&quot;Man of Aran&quot;},{&quot;genre&quot;:&quot;Drama&quot;,&quot;movieID&quot;:456,&quot;title&quot;:&quot;Childhood of Maxim Gorky, The (Detstvo Gorkogo)&quot;},{&quot;genre&quot;:&quot;Drama&quot;,&quot;movieID&quot;:457,&quot;title&quot;:&quot;Mondays in the Sun (Lunes al sol, Los)&quot;},{&quot;genre&quot;:&quot;Drama&quot;,&quot;movieID&quot;:458,&quot;title&quot;:&quot;Burnt by the Sun (Utomlyonnye solntsem)&quot;},{&quot;genre&quot;:&quot;Adventure|Children|Fantasy|Western&quot;,&quot;movieID&quot;:459,&quot;title&quot;:&quot;Tall Tale&quot;},{&quot;genre&quot;:&quot;Drama&quot;,&quot;movieID&quot;:460,&quot;title&quot;:&quot;Man There Was, A (Terje Vigen)&quot;},{&quot;genre&quot;:&quot;Comedy|Crime|Drama|Romance&quot;,&quot;movieID&quot;:461,&quot;title&quot;:&quot;Green Butchers, The (Grønne slagtere, De)&quot;},{&quot;genre&quot;:&quot;Fantasy|Horror|Thriller&quot;,&quot;movieID&quot;:462,&quot;title&quot;:&quot;Silent Hill&quot;},{&quot;genre&quot;:&quot;Drama|Romance&quot;,&quot;movieID&quot;:463,&quot;title&quot;:&quot;Star for Two, A&quot;},{&quot;genre&quot;:&quot;Comedy|Romance&quot;,&quot;movieID&quot;:464,&quot;title&quot;:&quot;Millionaire for Christy, A (Golden Goose) (No Room for the Groom)&quot;},{&quot;genre&quot;:&quot;Action|Drama&quot;,&quot;movieID&quot;:465,&quot;title&quot;:&quot;Breed Apart, A&quot;},{&quot;genre&quot;:&quot;Comedy|Drama&quot;,&quot;movieID&quot;:466,&quot;title&quot;:&quot;Intervista&quot;},{&quot;genre&quot;:&quot;Comedy|Sci-Fi&quot;,&quot;movieID&quot;:467,&quot;title&quot;:&quot;Heartbeeps&quot;},{&quot;genre&quot;:&quot;Drama&quot;,&quot;movieID&quot;:468,&quot;title&quot;:&quot;Pastoral Hide and Seek (Den-en ni shisu)&quot;},{&quot;genre&quot;:&quot;Drama&quot;,&quot;movieID&quot;:469,&quot;title&quot;:&quot;From the Clouds to the Resistance (Dalla nube alla resistenza)&quot;},{&quot;genre&quot;:&quot;Documentary&quot;,&quot;movieID&quot;:470,&quot;title&quot;:&quot;Double Dare&quot;},{&quot;genre&quot;:&quot;Action|Horror|Thriller&quot;,&quot;movieID&quot;:471,&quot;title&quot;:&quot;Mulberry Street&quot;},{&quot;genre&quot;:&quot;Horror|Mystery|Thriller&quot;,&quot;movieID&quot;:472,&quot;title&quot;:&quot;Ringu (Ring)&quot;},{&quot;genre&quot;:&quot;Drama|Thriller&quot;,&quot;movieID&quot;:473,&quot;title&quot;:&quot;Beautiful&quot;},{&quot;genre&quot;:&quot;Comedy|Horror|Sci-Fi&quot;,&quot;movieID&quot;:474,&quot;title&quot;:&quot;Top of the Food Chain (a.k.a. Invasion!)&quot;},{&quot;genre&quot;:&quot;Documentary&quot;,&quot;movieID&quot;:475,&quot;title&quot;:&quot;Shanghai Ghetto&quot;},{&quot;genre&quot;:&quot;Drama|Romance&quot;,&quot;movieID&quot;:476,&quot;title&quot;:&quot;Day He Arrives, The (Book chon bang hyang)&quot;},{&quot;genre&quot;:&quot;Action|War&quot;,&quot;movieID&quot;:477,&quot;title&quot;:&quot;Dirty Dozen: Next Mission, The&quot;},{&quot;genre&quot;:&quot;Drama|War&quot;,&quot;movieID&quot;:478,&quot;title&quot;:&quot;Hell to Eternity&quot;},{&quot;genre&quot;:&quot;Drama|Romance&quot;,&quot;movieID&quot;:479,&quot;title&quot;:&quot;Pola X&quot;},{&quot;genre&quot;:&quot;Drama&quot;,&quot;movieID&quot;:480,&quot;title&quot;:&quot;In Praise of Love (Éloge de l&apos;amour)&quot;},{&quot;genre&quot;:&quot;Drama&quot;,&quot;movieID&quot;:481,&quot;title&quot;:&quot;British Intelligence&quot;},{&quot;genre&quot;:&quot;Comedy&quot;,&quot;movieID&quot;:482,&quot;title&quot;:&quot;AmeriQua&quot;},{&quot;genre&quot;:&quot;Action|Adventure&quot;,&quot;movieID&quot;:483,&quot;title&quot;:&quot;Three Musketeers, The&quot;},{&quot;genre&quot;:&quot;Drama|Fantasy|Mystery|Romance&quot;,&quot;movieID&quot;:484,&quot;title&quot;:&quot;Portrait of Jennie&quot;},{&quot;genre&quot;:&quot;Drama&quot;,&quot;movieID&quot;:485,&quot;title&quot;:&quot;Month in the Country, A&quot;},{&quot;genre&quot;:&quot;Action|Thriller&quot;,&quot;movieID&quot;:486,&quot;title&quot;:&quot;Daylight (Daglicht)&quot;},{&quot;genre&quot;:&quot;Drama|Romance&quot;,&quot;movieID&quot;:487,&quot;title&quot;:&quot;Divorcee, The&quot;},{&quot;genre&quot;:&quot;Comedy|Drama&quot;,&quot;movieID&quot;:488,&quot;title&quot;:&quot;Toughest Man in the World, The&quot;},{&quot;genre&quot;:&quot;Children|Comedy&quot;,&quot;movieID&quot;:489,&quot;title&quot;:&quot;Mystery, Alaska&quot;},{&quot;genre&quot;:&quot;Comedy|Drama|Fantasy|Musical&quot;,&quot;movieID&quot;:490,&quot;title&quot;:&quot;O Lucky Man!&quot;},{&quot;genre&quot;:&quot;Action|Adventure|Animation|Comedy|Thriller&quot;,&quot;movieID&quot;:491,&quot;title&quot;:&quot;Teenage Mutant Ninja Turtles: Turtles Forever&quot;},{&quot;genre&quot;:&quot;Drama&quot;,&quot;movieID&quot;:492,&quot;title&quot;:&quot;Don&apos;t Move (Non ti muovere)&quot;},{&quot;genre&quot;:&quot;Crime|Drama|Romance&quot;,&quot;movieID&quot;:493,&quot;title&quot;:&quot;Petrified Forest, The&quot;},{&quot;genre&quot;:&quot;Action|Adventure|Crime|Thriller&quot;,&quot;movieID&quot;:494,&quot;title&quot;:&quot;Hobo with a Shotgun&quot;},{&quot;genre&quot;:&quot;Comedy|Drama|Romance&quot;,&quot;movieID&quot;:495,&quot;title&quot;:&quot;Wedding Banquet, The (Xi yan)&quot;},{&quot;genre&quot;:&quot;Documentary|Drama&quot;,&quot;movieID&quot;:496,&quot;title&quot;:&quot;Is It Easy to be Young?&quot;},{&quot;genre&quot;:&quot;Western&quot;,&quot;movieID&quot;:497,&quot;title&quot;:&quot;Return of Django (Son of Django) (Figlio di Django, Il)&quot;},{&quot;genre&quot;:&quot;Comedy|Documentary&quot;,&quot;movieID&quot;:498,&quot;title&quot;:&quot;Exit Through the Gift Shop&quot;},{&quot;genre&quot;:&quot;Documentary&quot;,&quot;movieID&quot;:499,&quot;title&quot;:&quot;Such Hawks Such Hounds&quot;},{&quot;genre&quot;:&quot;Adventure&quot;,&quot;movieID&quot;:500,&quot;title&quot;:&quot;The Corsican Brothers&quot;},{&quot;genre&quot;:&quot;Drama|War&quot;,&quot;movieID&quot;:501,&quot;title&quot;:&quot;Poll Diaries, The (Poll)&quot;},{&quot;genre&quot;:&quot;Documentary&quot;,&quot;movieID&quot;:502,&quot;title&quot;:&quot;Erasing David&quot;},{&quot;genre&quot;:&quot;Adventure|Comedy&quot;,&quot;movieID&quot;:503,&quot;title&quot;:&quot;Dumb &amp; Dumber (Dumb and Dumber)&quot;},{&quot;genre&quot;:&quot;Drama|Romance&quot;,&quot;movieID&quot;:504,&quot;title&quot;:&quot;Three Degrees Colder (3° kälter)&quot;},{&quot;genre&quot;:&quot;Action|Crime|Drama|Romance|Thriller&quot;,&quot;movieID&quot;:505,&quot;title&quot;:&quot;Burnt Money (Plata Quemada)&quot;},{&quot;genre&quot;:&quot;Drama|Thriller&quot;,&quot;movieID&quot;:506,&quot;title&quot;:&quot;Devil&apos;s Pond&quot;},{&quot;genre&quot;:&quot;Comedy|Drama&quot;,&quot;movieID&quot;:507,&quot;title&quot;:&quot;August: Osage County&quot;},{&quot;genre&quot;:&quot;Drama|Thriller&quot;,&quot;movieID&quot;:508,&quot;title&quot;:&quot;Coriolanus&quot;},{&quot;genre&quot;:&quot;Drama|Romance&quot;,&quot;movieID&quot;:509,&quot;title&quot;:&quot;Honey&quot;},{&quot;genre&quot;:&quot;Thriller&quot;,&quot;movieID&quot;:510,&quot;title&quot;:&quot;I as in Icarus (I... comme Icare)&quot;},{&quot;genre&quot;:&quot;Drama&quot;,&quot;movieID&quot;:511,&quot;title&quot;:&quot;Sybil&quot;},{&quot;genre&quot;:&quot;Comedy|Crime|Drama|Thriller&quot;,&quot;movieID&quot;:512,&quot;title&quot;:&quot;Body Count&quot;},{&quot;genre&quot;:&quot;Drama|Romance&quot;,&quot;movieID&quot;:513,&quot;title&quot;:&quot;Mother Carey&apos;s Chickens&quot;},{&quot;genre&quot;:&quot;Drama&quot;,&quot;movieID&quot;:514,&quot;title&quot;:&quot;Street Without End (Kagirinaki hodo)&quot;},{&quot;genre&quot;:&quot;Thriller&quot;,&quot;movieID&quot;:515,&quot;title&quot;:&quot;Red Rock West&quot;},{&quot;genre&quot;:&quot;Western&quot;,&quot;movieID&quot;:516,&quot;title&quot;:&quot;Hombre&quot;},{&quot;genre&quot;:&quot;Comedy|Romance&quot;,&quot;movieID&quot;:517,&quot;title&quot;:&quot;Buying the Cow&quot;},{&quot;genre&quot;:&quot;Action|Comedy|Sci-Fi|IMAX&quot;,&quot;movieID&quot;:518,&quot;title&quot;:&quot;Men in Black III (M.III.B.) (M.I.B.³)&quot;},{&quot;genre&quot;:&quot;Action|Adventure&quot;,&quot;movieID&quot;:519,&quot;title&quot;:&quot;The Hunchback of Paris&quot;},{&quot;genre&quot;:&quot;Adventure|Children|Comedy|Fantasy|Romance&quot;,&quot;movieID&quot;:520,&quot;title&quot;:&quot;Kid in King Arthur&apos;s Court, A&quot;},{&quot;genre&quot;:&quot;Comedy|Drama&quot;,&quot;movieID&quot;:521,&quot;title&quot;:&quot;Schultze Gets the Blues&quot;},{&quot;genre&quot;:&quot;Drama|Horror|Thriller&quot;,&quot;movieID&quot;:522,&quot;title&quot;:&quot;House&quot;},{&quot;genre&quot;:&quot;Comedy&quot;,&quot;movieID&quot;:523,&quot;title&quot;:&quot;Bustin&apos; Loose&quot;},{&quot;genre&quot;:&quot;Drama&quot;,&quot;movieID&quot;:524,&quot;title&quot;:&quot;Fate Is the Hunter&quot;},{&quot;genre&quot;:&quot;Drama|Mystery|Thriller&quot;,&quot;movieID&quot;:525,&quot;title&quot;:&quot;Cold Trail (Köld slóð)&quot;},{&quot;genre&quot;:&quot;Drama&quot;,&quot;movieID&quot;:526,&quot;title&quot;:&quot;Eden&quot;},{&quot;genre&quot;:&quot;Crime|Drama|Mystery&quot;,&quot;movieID&quot;:527,&quot;title&quot;:&quot;The Missing&quot;},{&quot;genre&quot;:&quot;Drama&quot;,&quot;movieID&quot;:528,&quot;title&quot;:&quot;Miss Julie&quot;},{&quot;genre&quot;:&quot;Animation|Children|Fantasy|Musical&quot;,&quot;movieID&quot;:529,&quot;title&quot;:&quot;Pinocchio&quot;},{&quot;genre&quot;:&quot;Drama&quot;,&quot;movieID&quot;:530,&quot;title&quot;:&quot;Umberto D.&quot;},{&quot;genre&quot;:&quot;Drama|War&quot;,&quot;movieID&quot;:531,&quot;title&quot;:&quot;War Witch (Rebelle)&quot;},{&quot;genre&quot;:&quot;Drama&quot;,&quot;movieID&quot;:532,&quot;title&quot;:&quot;Salo, or The 120 Days of Sodom (Salò o le 120 giornate di Sodoma)&quot;},{&quot;genre&quot;:&quot;Drama&quot;,&quot;movieID&quot;:533,&quot;title&quot;:&quot;Quinceañera&quot;},{&quot;genre&quot;:&quot;Documentary|Musical&quot;,&quot;movieID&quot;:534,&quot;title&quot;:&quot;Cosmic Psychos: Blokes You Can Trust&quot;},{&quot;genre&quot;:&quot;Action&quot;,&quot;movieID&quot;:535,&quot;title&quot;:&quot;Tournament, The&quot;},{&quot;genre&quot;:&quot;Drama&quot;,&quot;movieID&quot;:536,&quot;title&quot;:&quot;Sunshine&quot;},{&quot;genre&quot;:&quot;Crime|Drama|Thriller&quot;,&quot;movieID&quot;:537,&quot;title&quot;:&quot;Karla&quot;},{&quot;genre&quot;:&quot;Drama&quot;,&quot;movieID&quot;:538,&quot;title&quot;:&quot;The Horseplayer&quot;},{&quot;genre&quot;:&quot;Western&quot;,&quot;movieID&quot;:539,&quot;title&quot;:&quot;Desert Trail, The&quot;},{&quot;genre&quot;:&quot;Adventure|Sci-Fi|Thriller&quot;,&quot;movieID&quot;:540,&quot;title&quot;:&quot;The Hunger Games: Mockingjay - Part 1&quot;},{&quot;genre&quot;:&quot;Comedy|Drama&quot;,&quot;movieID&quot;:541,&quot;title&quot;:&quot;Bonneville&quot;},{&quot;genre&quot;:&quot;Documentary|Musical&quot;,&quot;movieID&quot;:542,&quot;title&quot;:&quot;Punk in London&quot;},{&quot;genre&quot;:&quot;Action|Adventure|Comedy|Sci-Fi&quot;,&quot;movieID&quot;:543,&quot;title&quot;:&quot;Land of the Lost&quot;},{&quot;genre&quot;:&quot;Adventure|Drama&quot;,&quot;movieID&quot;:544,&quot;title&quot;:&quot;1492: Conquest of Paradise&quot;},{&quot;genre&quot;:&quot;Animation|Children|Comedy&quot;,&quot;movieID&quot;:545,&quot;title&quot;:&quot;Animals United&quot;},{&quot;genre&quot;:&quot;Comedy&quot;,&quot;movieID&quot;:546,&quot;title&quot;:&quot;Associate, The&quot;},{&quot;genre&quot;:&quot;Animation|Children|Comedy&quot;,&quot;movieID&quot;:547,&quot;title&quot;:&quot;Kung Fu Panda Holiday Special&quot;},{&quot;genre&quot;:&quot;Comedy|Romance&quot;,&quot;movieID&quot;:548,&quot;title&quot;:&quot;Bed &amp; Breakfast: Love is a Happy Accident (Bed &amp; Breakfast)&quot;},{&quot;genre&quot;:&quot;Comedy&quot;,&quot;movieID&quot;:549,&quot;title&quot;:&quot;Siegfried&quot;},{&quot;genre&quot;:&quot;Action|Adventure|Comedy|Fantasy|Horror|Thriller&quot;,&quot;movieID&quot;:550,&quot;title&quot;:&quot;Mummy, The&quot;},{&quot;genre&quot;:&quot;Documentary&quot;,&quot;movieID&quot;:551,&quot;title&quot;:&quot;Harvard Beats Yale 29-29&quot;},{&quot;genre&quot;:&quot;Comedy&quot;,&quot;movieID&quot;:552,&quot;title&quot;:&quot;Flight of the Conchords: A Texan Odyssey&quot;},{&quot;genre&quot;:&quot;Drama&quot;,&quot;movieID&quot;:553,&quot;title&quot;:&quot;Plenty&quot;},{&quot;genre&quot;:&quot;Comedy&quot;,&quot;movieID&quot;:554,&quot;title&quot;:&quot;Diminished Capacity&quot;},{&quot;genre&quot;:&quot;(no genres listed)&quot;,&quot;movieID&quot;:555,&quot;title&quot;:&quot;Slumber Party &apos;57&quot;},{&quot;genre&quot;:&quot;Comedy|Horror&quot;,&quot;movieID&quot;:556,&quot;title&quot;:&quot;WNUF Halloween Special&quot;},{&quot;genre&quot;:&quot;Comedy|Fantasy&quot;,&quot;movieID&quot;:557,&quot;title&quot;:&quot;High Test Girls&quot;},{&quot;genre&quot;:&quot;Horror&quot;,&quot;movieID&quot;:558,&quot;title&quot;:&quot;Survival of the Dead&quot;},{&quot;genre&quot;:&quot;Action|Adventure|Sci-Fi|Thriller&quot;,&quot;movieID&quot;:559,&quot;title&quot;:&quot;Escape from L.A.&quot;},{&quot;genre&quot;:&quot;Comedy&quot;,&quot;movieID&quot;:560,&quot;title&quot;:&quot;Christmas Party, The (Joulubileet)&quot;},{&quot;genre&quot;:&quot;Sci-Fi&quot;,&quot;movieID&quot;:561,&quot;title&quot;:&quot;Things to Come&quot;},{&quot;genre&quot;:&quot;Drama&quot;,&quot;movieID&quot;:562,&quot;title&quot;:&quot;SherryBaby&quot;},{&quot;genre&quot;:&quot;Crime|Film-Noir|Thriller&quot;,&quot;movieID&quot;:563,&quot;title&quot;:&quot;Night Court&quot;},{&quot;genre&quot;:&quot;Drama|Musical&quot;,&quot;movieID&quot;:564,&quot;title&quot;:&quot;Million Dollar Mermaid&quot;},{&quot;genre&quot;:&quot;Action|Drama&quot;,&quot;movieID&quot;:565,&quot;title&quot;:&quot;Mixed Blood&quot;},{&quot;genre&quot;:&quot;Documentary&quot;,&quot;movieID&quot;:566,&quot;title&quot;:&quot;Lunch Break&quot;},{&quot;genre&quot;:&quot;Drama|Romance&quot;,&quot;movieID&quot;:567,&quot;title&quot;:&quot;Weary River&quot;},{&quot;genre&quot;:&quot;Comedy|Horror&quot;,&quot;movieID&quot;:568,&quot;title&quot;:&quot;Transylvania 6-5000&quot;},{&quot;genre&quot;:&quot;Documentary&quot;,&quot;movieID&quot;:569,&quot;title&quot;:&quot;King Leopold&apos;s Ghost&quot;},{&quot;genre&quot;:&quot;Comedy|Drama|Fantasy&quot;,&quot;movieID&quot;:570,&quot;title&quot;:&quot;Being John Malkovich&quot;},{&quot;genre&quot;:&quot;Horror|Thriller&quot;,&quot;movieID&quot;:571,&quot;title&quot;:&quot;Dementia 13&quot;},{&quot;genre&quot;:&quot;Documentary&quot;,&quot;movieID&quot;:572,&quot;title&quot;:&quot;Boogie Man: The Lee Atwater Story&quot;},{&quot;genre&quot;:&quot;Drama&quot;,&quot;movieID&quot;:573,&quot;title&quot;:&quot;Pointe-Courte, La&quot;},{&quot;genre&quot;:&quot;Crime|Drama|Film-Noir|Thriller&quot;,&quot;movieID&quot;:574,&quot;title&quot;:&quot;High Sierra&quot;},{&quot;genre&quot;:&quot;Comedy&quot;,&quot;movieID&quot;:575,&quot;title&quot;:&quot;Delicate Art of Parking, The&quot;},{&quot;genre&quot;:&quot;Drama|Film-Noir|Romance&quot;,&quot;movieID&quot;:576,&quot;title&quot;:&quot;Champion&quot;},{&quot;genre&quot;:&quot;Comedy|Crime|Drama|Mystery&quot;,&quot;movieID&quot;:577,&quot;title&quot;:&quot;The Case of the Curious Bride&quot;},{&quot;genre&quot;:&quot;Comedy|Drama&quot;,&quot;movieID&quot;:578,&quot;title&quot;:&quot;Perfect Family, The&quot;},{&quot;genre&quot;:&quot;Drama|Romance|War&quot;,&quot;movieID&quot;:579,&quot;title&quot;:&quot;Pornography (Pornografia)&quot;},{&quot;genre&quot;:&quot;Comedy&quot;,&quot;movieID&quot;:580,&quot;title&quot;:&quot;All in a Night&apos;s Work&quot;},{&quot;genre&quot;:&quot;Action|Crime|Thriller&quot;,&quot;movieID&quot;:581,&quot;title&quot;:&quot;Judgment Night&quot;},{&quot;genre&quot;:&quot;Mystery|Thriller&quot;,&quot;movieID&quot;:582,&quot;title&quot;:&quot;Bat, The&quot;},{&quot;genre&quot;:&quot;Drama|Romance&quot;,&quot;movieID&quot;:583,&quot;title&quot;:&quot;Lady Chatterley&apos;s Lover&quot;},{&quot;genre&quot;:&quot;Drama|War&quot;,&quot;movieID&quot;:584,&quot;title&quot;:&quot;As Far As My Feet Will Carry Me (So weit die Füße tragen)&quot;},{&quot;genre&quot;:&quot;Comedy|Drama|Mystery&quot;,&quot;movieID&quot;:585,&quot;title&quot;:&quot;Frank&quot;},{&quot;genre&quot;:&quot;Drama|Sci-Fi&quot;,&quot;movieID&quot;:586,&quot;title&quot;:&quot;Enigma&quot;},{&quot;genre&quot;:&quot;Action|Comedy&quot;,&quot;movieID&quot;:587,&quot;title&quot;:&quot;Easy Wheels&quot;},{&quot;genre&quot;:&quot;Comedy|Horror|Mystery&quot;,&quot;movieID&quot;:588,&quot;title&quot;:&quot;One Body Too Many&quot;},{&quot;genre&quot;:&quot;Documentary&quot;,&quot;movieID&quot;:589,&quot;title&quot;:&quot;Vito&quot;},{&quot;genre&quot;:&quot;Documentary&quot;,&quot;movieID&quot;:590,&quot;title&quot;:&quot;My Brother the Terrorist&quot;},{&quot;genre&quot;:&quot;Crime|Drama|Romance&quot;,&quot;movieID&quot;:591,&quot;title&quot;:&quot;Brazilian Western (Faroeste Caboclo)&quot;},{&quot;genre&quot;:&quot;Comedy|Musical&quot;,&quot;movieID&quot;:592,&quot;title&quot;:&quot;Happiest Millionaire, The&quot;},{&quot;genre&quot;:&quot;Comedy|Drama&quot;,&quot;movieID&quot;:593,&quot;title&quot;:&quot;Change of Plans (Le code a changé)&quot;},{&quot;genre&quot;:&quot;Drama&quot;,&quot;movieID&quot;:594,&quot;title&quot;:&quot;Written on the Wind&quot;},{&quot;genre&quot;:&quot;Drama|Romance&quot;,&quot;movieID&quot;:595,&quot;title&quot;:&quot;Revolutionary Road&quot;},{&quot;genre&quot;:&quot;Drama&quot;,&quot;movieID&quot;:596,&quot;title&quot;:&quot;Three Comrades&quot;},{&quot;genre&quot;:&quot;Comedy&quot;,&quot;movieID&quot;:597,&quot;title&quot;:&quot;Bridesmaids&quot;},{&quot;genre&quot;:&quot;Documentary&quot;,&quot;movieID&quot;:598,&quot;title&quot;:&quot;Sound City&quot;},{&quot;genre&quot;:&quot;Comedy&quot;,&quot;movieID&quot;:599,&quot;title&quot;:&quot;Morsian yllättää&quot;},{&quot;genre&quot;:&quot;Horror&quot;,&quot;movieID&quot;:600,&quot;title&quot;:&quot;13/13/13&quot;},{&quot;genre&quot;:&quot;Documentary&quot;,&quot;movieID&quot;:601,&quot;title&quot;:&quot;Midnight Movies: From the Margin to the Mainstream&quot;},{&quot;genre&quot;:&quot;Crime|Drama|Mystery&quot;,&quot;movieID&quot;:602,&quot;title&quot;:&quot;Suspect X (Yôgisha X no kenshin)&quot;},{&quot;genre&quot;:&quot;Documentary&quot;,&quot;movieID&quot;:603,&quot;title&quot;:&quot;Four Seasons (Seasons, The) (Vremena goda)&quot;},{&quot;genre&quot;:&quot;Crime|Drama|Mystery|Thriller&quot;,&quot;movieID&quot;:604,&quot;title&quot;:&quot;Interview, The&quot;},{&quot;genre&quot;:&quot;Crime|Drama&quot;,&quot;movieID&quot;:605,&quot;title&quot;:&quot;Night of the Following Day, The&quot;},{&quot;genre&quot;:&quot;Comedy|Drama&quot;,&quot;movieID&quot;:606,&quot;title&quot;:&quot;Lightnin&apos;&quot;},{&quot;genre&quot;:&quot;Comedy|Drama|Romance&quot;,&quot;movieID&quot;:607,&quot;title&quot;:&quot;Secretary&quot;},{&quot;genre&quot;:&quot;Horror&quot;,&quot;movieID&quot;:608,&quot;title&quot;:&quot;Anatomy (Anatomie)&quot;},{&quot;genre&quot;:&quot;Drama|Mystery&quot;,&quot;movieID&quot;:609,&quot;title&quot;:&quot;In the Heat of the Night&quot;},{&quot;genre&quot;:&quot;Crime|Mystery&quot;,&quot;movieID&quot;:610,&quot;title&quot;:&quot;Appointment with Death&quot;},{&quot;genre&quot;:&quot;Children|Drama&quot;,&quot;movieID&quot;:611,&quot;title&quot;:&quot;Kim&quot;},{&quot;genre&quot;:&quot;Drama|Fantasy|Romance&quot;,&quot;movieID&quot;:612,&quot;title&quot;:&quot;Beastly&quot;},{&quot;genre&quot;:&quot;Drama|Fantasy|Musical&quot;,&quot;movieID&quot;:613,&quot;title&quot;:&quot;Scrooge&quot;},{&quot;genre&quot;:&quot;Comedy&quot;,&quot;movieID&quot;:614,&quot;title&quot;:&quot;Craig Ferguson: A Wee Bit o&apos; Revolution&quot;},{&quot;genre&quot;:&quot;Horror&quot;,&quot;movieID&quot;:615,&quot;title&quot;:&quot;Texas Chainsaw Massacre 2, The&quot;},{&quot;genre&quot;:&quot;Thriller&quot;,&quot;movieID&quot;:616,&quot;title&quot;:&quot;Borgman&quot;},{&quot;genre&quot;:&quot;Drama|Romance&quot;,&quot;movieID&quot;:617,&quot;title&quot;:&quot;Sound and the Fury, The&quot;},{&quot;genre&quot;:&quot;Horror&quot;,&quot;movieID&quot;:618,&quot;title&quot;:&quot;Chillers&quot;},{&quot;genre&quot;:&quot;Drama&quot;,&quot;movieID&quot;:619,&quot;title&quot;:&quot;Cold Weather&quot;},{&quot;genre&quot;:&quot;Documentary&quot;,&quot;movieID&quot;:620,&quot;title&quot;:&quot;Human Experience, The&quot;},{&quot;genre&quot;:&quot;Action|Crime|Drama&quot;,&quot;movieID&quot;:621,&quot;title&quot;:&quot;New Jack City&quot;},{&quot;genre&quot;:&quot;Comedy|Drama|Fantasy&quot;,&quot;movieID&quot;:622,&quot;title&quot;:&quot;Odd Life of Timothy Green, The&quot;},{&quot;genre&quot;:&quot;Comedy|Romance&quot;,&quot;movieID&quot;:623,&quot;title&quot;:&quot;When Harry Met Sally...&quot;},{&quot;genre&quot;:&quot;Drama&quot;,&quot;movieID&quot;:624,&quot;title&quot;:&quot;We and the I, The&quot;},{&quot;genre&quot;:&quot;Comedy|Musical&quot;,&quot;movieID&quot;:625,&quot;title&quot;:&quot;West Point Story, The&quot;},{&quot;genre&quot;:&quot;Drama|Romance&quot;,&quot;movieID&quot;:626,&quot;title&quot;:&quot;Sea Gull, The&quot;},{&quot;genre&quot;:&quot;Action|Adventure|War&quot;,&quot;movieID&quot;:627,&quot;title&quot;:&quot;Navy Seals&quot;},{&quot;genre&quot;:&quot;Crime|Drama&quot;,&quot;movieID&quot;:628,&quot;title&quot;:&quot;Someone Like You (Unnaipol Oruvan)&quot;},{&quot;genre&quot;:&quot;Drama|Thriller&quot;,&quot;movieID&quot;:629,&quot;title&quot;:&quot;Bottom of the Sea, The (El fondo del mar)&quot;},{&quot;genre&quot;:&quot;Animation&quot;,&quot;movieID&quot;:630,&quot;title&quot;:&quot;Bleach: Fade to Black (Bur&amp;#299;chi Fade to Black Kimi no Na o Yobu)&quot;},{&quot;genre&quot;:&quot;Drama|Romance&quot;,&quot;movieID&quot;:631,&quot;title&quot;:&quot;Save the Last Dance 2&quot;},{&quot;genre&quot;:&quot;Horror|Thriller&quot;,&quot;movieID&quot;:632,&quot;title&quot;:&quot;Incubus, The&quot;},{&quot;genre&quot;:&quot;Children|Comedy&quot;,&quot;movieID&quot;:633,&quot;title&quot;:&quot;Home Alone 3&quot;},{&quot;genre&quot;:&quot;Comedy|Crime&quot;,&quot;movieID&quot;:634,&quot;title&quot;:&quot;Seven Psychopaths&quot;},{&quot;genre&quot;:&quot;Comedy|Drama&quot;,&quot;movieID&quot;:635,&quot;title&quot;:&quot;Little Nicholas (Le petit Nicolas)&quot;},{&quot;genre&quot;:&quot;Documentary&quot;,&quot;movieID&quot;:636,&quot;title&quot;:&quot;Silent World, The (Le monde du silence)&quot;},{&quot;genre&quot;:&quot;Drama&quot;,&quot;movieID&quot;:637,&quot;title&quot;:&quot;Putty Hill&quot;},{&quot;genre&quot;:&quot;Action|Adventure|Animation|Children|Comedy&quot;,&quot;movieID&quot;:638,&quot;title&quot;:&quot;Bolt&quot;},{&quot;genre&quot;:&quot;Thriller&quot;,&quot;movieID&quot;:639,&quot;title&quot;:&quot;Canyon, The&quot;},{&quot;genre&quot;:&quot;Adventure|Children|Comedy|Fantasy&quot;,&quot;movieID&quot;:640,&quot;title&quot;:&quot;Shaggy Dog, The&quot;},{&quot;genre&quot;:&quot;Drama|Thriller&quot;,&quot;movieID&quot;:641,&quot;title&quot;:&quot;Zandalee&quot;},{&quot;genre&quot;:&quot;Comedy&quot;,&quot;movieID&quot;:642,&quot;title&quot;:&quot;Konopielka&quot;},{&quot;genre&quot;:&quot;Drama&quot;,&quot;movieID&quot;:643,&quot;title&quot;:&quot;Babbitt&quot;},{&quot;genre&quot;:&quot;Drama&quot;,&quot;movieID&quot;:644,&quot;title&quot;:&quot;Shop on Main Street, The (Obchod na korze)&quot;},{&quot;genre&quot;:&quot;Drama|Mystery|Thriller&quot;,&quot;movieID&quot;:645,&quot;title&quot;:&quot;Kissed by Winter (Vinterkyss)&quot;},{&quot;genre&quot;:&quot;Comedy|Drama&quot;,&quot;movieID&quot;:646,&quot;title&quot;:&quot;Deconstructing Harry&quot;},{&quot;genre&quot;:&quot;Comedy|Crime|Romance&quot;,&quot;movieID&quot;:647,&quot;title&quot;:&quot;Gigli&quot;},{&quot;genre&quot;:&quot;Romance&quot;,&quot;movieID&quot;:648,&quot;title&quot;:&quot;Hugo Pool&quot;},{&quot;genre&quot;:&quot;Crime|Drama&quot;,&quot;movieID&quot;:649,&quot;title&quot;:&quot;Child I Never Was, The (Leben lang kurze Hosen Tragen, Ein)&quot;},{&quot;genre&quot;:&quot;Children|Comedy|Sci-Fi&quot;,&quot;movieID&quot;:650,&quot;title&quot;:&quot;Honey, I Blew Up the Kid&quot;},{&quot;genre&quot;:&quot;Drama&quot;,&quot;movieID&quot;:651,&quot;title&quot;:&quot;Music of Chance, The&quot;},{&quot;genre&quot;:&quot;Action&quot;,&quot;movieID&quot;:652,&quot;title&quot;:&quot;T.N.T.&quot;},{&quot;genre&quot;:&quot;Comedy&quot;,&quot;movieID&quot;:653,&quot;title&quot;:&quot;Special Correspondents (Envoyés très spéciaux)&quot;},{&quot;genre&quot;:&quot;Documentary&quot;,&quot;movieID&quot;:654,&quot;title&quot;:&quot;Sing Your Song&quot;},{&quot;genre&quot;:&quot;Drama&quot;,&quot;movieID&quot;:655,&quot;title&quot;:&quot;Clown and the Kid, The&quot;},{&quot;genre&quot;:&quot;Documentary&quot;,&quot;movieID&quot;:656,&quot;title&quot;:&quot;Great Communist Bank Robbery (Marele jaf comunist)&quot;},{&quot;genre&quot;:&quot;Comedy|Sci-Fi&quot;,&quot;movieID&quot;:657,&quot;title&quot;:&quot;Repo Man&quot;},{&quot;genre&quot;:&quot;Adventure|Comedy|Sci-Fi&quot;,&quot;movieID&quot;:658,&quot;title&quot;:&quot;Hitch Hikers Guide to the Galaxy, The&quot;},{&quot;genre&quot;:&quot;Comedy|Romance|Thriller&quot;,&quot;movieID&quot;:659,&quot;title&quot;:&quot;Secret Life of Walter Mitty, The&quot;},{&quot;genre&quot;:&quot;Drama&quot;,&quot;movieID&quot;:660,&quot;title&quot;:&quot;That Was Then... This Is Now&quot;},{&quot;genre&quot;:&quot;Action|Comedy|Crime&quot;,&quot;movieID&quot;:661,&quot;title&quot;:&quot;V2: Dead Angel (Vares 2 - Jäätynyt Enkeli)&quot;},{&quot;genre&quot;:&quot;Animation|Sci-Fi|IMAX&quot;,&quot;movieID&quot;:662,&quot;title&quot;:&quot;Monsters vs. Aliens&quot;},{&quot;genre&quot;:&quot;Drama&quot;,&quot;movieID&quot;:663,&quot;title&quot;:&quot;Slaves of New York&quot;},{&quot;genre&quot;:&quot;Horror&quot;,&quot;movieID&quot;:664,&quot;title&quot;:&quot;Laid To Rest&quot;},{&quot;genre&quot;:&quot;Documentary&quot;,&quot;movieID&quot;:665,&quot;title&quot;:&quot;DiG!&quot;},{&quot;genre&quot;:&quot;Drama|Horror&quot;,&quot;movieID&quot;:666,&quot;title&quot;:&quot;Cronos&quot;},{&quot;genre&quot;:&quot;Thriller&quot;,&quot;movieID&quot;:667,&quot;title&quot;:&quot;Il fiore dai petali d&apos;acciaio&quot;},{&quot;genre&quot;:&quot;Crime|Mystery&quot;,&quot;movieID&quot;:668,&quot;title&quot;:&quot;Death on the Nile&quot;},{&quot;genre&quot;:&quot;Action|Crime|Thriller&quot;,&quot;movieID&quot;:669,&quot;title&quot;:&quot;Restless (Uro)&quot;},{&quot;genre&quot;:&quot;Drama&quot;,&quot;movieID&quot;:670,&quot;title&quot;:&quot;Ordinary People&quot;},{&quot;genre&quot;:&quot;Action|Drama&quot;,&quot;movieID&quot;:671,&quot;title&quot;:&quot;Mixed Blood&quot;},{&quot;genre&quot;:&quot;Drama&quot;,&quot;movieID&quot;:672,&quot;title&quot;:&quot;A Night for Dying Tigers&quot;},{&quot;genre&quot;:&quot;Adventure|Comedy|Sci-Fi&quot;,&quot;movieID&quot;:673,&quot;title&quot;:&quot;Bill &amp; Ted&apos;s Excellent Adventure&quot;},{&quot;genre&quot;:&quot;War&quot;,&quot;movieID&quot;:674,&quot;title&quot;:&quot;Ghetto (Vilniaus Getas)&quot;},{&quot;genre&quot;:&quot;Documentary&quot;,&quot;movieID&quot;:675,&quot;title&quot;:&quot;Captain Mike Across America (Slacker Uprising)&quot;},{&quot;genre&quot;:&quot;Comedy|Crime&quot;,&quot;movieID&quot;:676,&quot;title&quot;:&quot;Duplex&quot;},{&quot;genre&quot;:&quot;Action|Adventure|Drama|War&quot;,&quot;movieID&quot;:677,&quot;title&quot;:&quot;1911 (Xinhai geming)&quot;},{&quot;genre&quot;:&quot;Drama&quot;,&quot;movieID&quot;:678,&quot;title&quot;:&quot;Yi Yi&quot;},{&quot;genre&quot;:&quot;Drama&quot;,&quot;movieID&quot;:679,&quot;title&quot;:&quot;Above Us Only Sky&quot;},{&quot;genre&quot;:&quot;Action|Drama|Sci-Fi|Thriller&quot;,&quot;movieID&quot;:680,&quot;title&quot;:&quot;Core, The&quot;},{&quot;genre&quot;:&quot;Action|Comedy|Crime&quot;,&quot;movieID&quot;:681,&quot;title&quot;:&quot;White Chicks&quot;},{&quot;genre&quot;:&quot;Drama&quot;,&quot;movieID&quot;:682,&quot;title&quot;:&quot;Beginners&quot;},{&quot;genre&quot;:&quot;(no genres listed)&quot;,&quot;movieID&quot;:683,&quot;title&quot;:&quot;The Private Life of a Cat&quot;},{&quot;genre&quot;:&quot;Crime|Mystery|Thriller&quot;,&quot;movieID&quot;:684,&quot;title&quot;:&quot;Mirror Crack&apos;d, The&quot;},{&quot;genre&quot;:&quot;Drama&quot;,&quot;movieID&quot;:685,&quot;title&quot;:&quot;Stolen Life, A&quot;},{&quot;genre&quot;:&quot;Horror|Mystery|Thriller&quot;,&quot;movieID&quot;:686,&quot;title&quot;:&quot;Unborn, The&quot;},{&quot;genre&quot;:&quot;Action|Adventure|Sci-Fi&quot;,&quot;movieID&quot;:687,&quot;title&quot;:&quot;Mad Max Beyond Thunderdome&quot;},{&quot;genre&quot;:&quot;Drama|Musical&quot;,&quot;movieID&quot;:688,&quot;title&quot;:&quot;Cadillac Records&quot;},{&quot;genre&quot;:&quot;Comedy&quot;,&quot;movieID&quot;:689,&quot;title&quot;:&quot;Trainer on the Beach 2&quot;},{&quot;genre&quot;:&quot;Action|Crime|Thriller&quot;,&quot;movieID&quot;:690,&quot;title&quot;:&quot;Un Poliziotto Scomodo&quot;},{&quot;genre&quot;:&quot;Drama&quot;,&quot;movieID&quot;:691,&quot;title&quot;:&quot;Margaret&apos;s Museum&quot;},{&quot;genre&quot;:&quot;Documentary&quot;,&quot;movieID&quot;:692,&quot;title&quot;:&quot;Sins of My Father&quot;},{&quot;genre&quot;:&quot;Comedy|Drama|Romance&quot;,&quot;movieID&quot;:693,&quot;title&quot;:&quot;Desperately Seeking Susan&quot;},{&quot;genre&quot;:&quot;Comedy|Horror&quot;,&quot;movieID&quot;:694,&quot;title&quot;:&quot;Elvira, Mistress of the Dark&quot;},{&quot;genre&quot;:&quot;Animation|Children|Fantasy&quot;,&quot;movieID&quot;:695,&quot;title&quot;:&quot;Hobbit, The&quot;},{&quot;genre&quot;:&quot;Comedy|Drama|Romance&quot;,&quot;movieID&quot;:696,&quot;title&quot;:&quot;Garbage Prince&quot;},{&quot;genre&quot;:&quot;Drama&quot;,&quot;movieID&quot;:697,&quot;title&quot;:&quot;Mala Noche&quot;},{&quot;genre&quot;:&quot;Drama&quot;,&quot;movieID&quot;:698,&quot;title&quot;:&quot;Traveler, The (Mossafer)&quot;},{&quot;genre&quot;:&quot;Drama&quot;,&quot;movieID&quot;:699,&quot;title&quot;:&quot;Shine of Rainbows, A&quot;},{&quot;genre&quot;:&quot;Drama&quot;,&quot;movieID&quot;:700,&quot;title&quot;:&quot;Cotton Mary&quot;},{&quot;genre&quot;:&quot;Drama&quot;,&quot;movieID&quot;:701,&quot;title&quot;:&quot;Autumn Sonata (Höstsonaten)&quot;},{&quot;genre&quot;:&quot;Comedy&quot;,&quot;movieID&quot;:702,&quot;title&quot;:&quot;Farsan&quot;},{&quot;genre&quot;:&quot;Drama|War&quot;,&quot;movieID&quot;:703,&quot;title&quot;:&quot;Mysterious X, The (Sealed Orders) (Det hemmelighedsfulde X)&quot;},{&quot;genre&quot;:&quot;Drama&quot;,&quot;movieID&quot;:704,&quot;title&quot;:&quot;Doctor, The&quot;},{&quot;genre&quot;:&quot;Documentary&quot;,&quot;movieID&quot;:705,&quot;title&quot;:&quot;Being Elmo: A Puppeteer&apos;s Journey&quot;},{&quot;genre&quot;:&quot;Documentary&quot;,&quot;movieID&quot;:706,&quot;title&quot;:&quot;GLOW: The Story of the Gorgeous Ladies of Wrestling&quot;},{&quot;genre&quot;:&quot;Drama&quot;,&quot;movieID&quot;:707,&quot;title&quot;:&quot;I Am Taraneh, I Am Fifteen Years Old (Man, taraneh, panzdah sal daram)&quot;},{&quot;genre&quot;:&quot;Drama&quot;,&quot;movieID&quot;:708,&quot;title&quot;:&quot;Black Balloon, The&quot;},{&quot;genre&quot;:&quot;Comedy&quot;,&quot;movieID&quot;:709,&quot;title&quot;:&quot;Nadine&quot;},{&quot;genre&quot;:&quot;Crime|Drama|Thriller&quot;,&quot;movieID&quot;:710,&quot;title&quot;:&quot;Best of Times, The (Mei li shi guang)&quot;},{&quot;genre&quot;:&quot;Comedy|Romance&quot;,&quot;movieID&quot;:711,&quot;title&quot;:&quot;Finding Bliss&quot;},{&quot;genre&quot;:&quot;Adventure|Drama&quot;,&quot;movieID&quot;:712,&quot;title&quot;:&quot;High Wind in Jamaica, A&quot;},{&quot;genre&quot;:&quot;Comedy|Romance&quot;,&quot;movieID&quot;:713,&quot;title&quot;:&quot;Manual of Love 2 (Manuale d&apos;amore (capitoli successivi))&quot;},{&quot;genre&quot;:&quot;Drama|Romance&quot;,&quot;movieID&quot;:714,&quot;title&quot;:&quot;Paris, Texas&quot;},{&quot;genre&quot;:&quot;Action&quot;,&quot;movieID&quot;:715,&quot;title&quot;:&quot;American Ninja 4: The Annihilation&quot;},{&quot;genre&quot;:&quot;Drama&quot;,&quot;movieID&quot;:716,&quot;title&quot;:&quot;Home of Dark Butterflies, The (Tummien perhosten koti)&quot;},{&quot;genre&quot;:&quot;Drama&quot;,&quot;movieID&quot;:717,&quot;title&quot;:&quot;Private Romeo&quot;},{&quot;genre&quot;:&quot;Crime|Drama|Thriller&quot;,&quot;movieID&quot;:718,&quot;title&quot;:&quot;Just Another Love Story (Kærlighed på film)&quot;},{&quot;genre&quot;:&quot;Documentary&quot;,&quot;movieID&quot;:719,&quot;title&quot;:&quot;The Disappeared&quot;},{&quot;genre&quot;:&quot;Horror|Thriller&quot;,&quot;movieID&quot;:720,&quot;title&quot;:&quot;Elfie Hopkins: Cannibal Hunter&quot;},{&quot;genre&quot;:&quot;Comedy|Drama|Romance&quot;,&quot;movieID&quot;:721,&quot;title&quot;:&quot;Importance of Being Earnest, The&quot;},{&quot;genre&quot;:&quot;Documentary&quot;,&quot;movieID&quot;:722,&quot;title&quot;:&quot;Silent World, The (Le monde du silence)&quot;},{&quot;genre&quot;:&quot;Crime|Drama|Romance&quot;,&quot;movieID&quot;:723,&quot;title&quot;:&quot;Gretchen the Greenhorn&quot;},{&quot;genre&quot;:&quot;Drama&quot;,&quot;movieID&quot;:724,&quot;title&quot;:&quot;Melbourne&quot;},{&quot;genre&quot;:&quot;Documentary&quot;,&quot;movieID&quot;:725,&quot;title&quot;:&quot;Shock Doctrine, The&quot;},{&quot;genre&quot;:&quot;Documentary&quot;,&quot;movieID&quot;:726,&quot;title&quot;:&quot;Human Behavior Experiments, The&quot;},{&quot;genre&quot;:&quot;Documentary|Musical&quot;,&quot;movieID&quot;:727,&quot;title&quot;:&quot;Stones in Exile&quot;},{&quot;genre&quot;:&quot;Action|Drama&quot;,&quot;movieID&quot;:728,&quot;title&quot;:&quot;Billy Jack&quot;},{&quot;genre&quot;:&quot;Children|Comedy&quot;,&quot;movieID&quot;:729,&quot;title&quot;:&quot;Down and Derby&quot;},{&quot;genre&quot;:&quot;Drama&quot;,&quot;movieID&quot;:730,&quot;title&quot;:&quot;Callejón de los milagros, El&quot;},{&quot;genre&quot;:&quot;Horror|Thriller&quot;,&quot;movieID&quot;:731,&quot;title&quot;:&quot;New Daughter, The&quot;},{&quot;genre&quot;:&quot;Children|Musical|Romance&quot;,&quot;movieID&quot;:732,&quot;title&quot;:&quot;Curly Top&quot;},{&quot;genre&quot;:&quot;Comedy|Drama&quot;,&quot;movieID&quot;:733,&quot;title&quot;:&quot;Pleasures of the Flesh (Etsuraku)&quot;},{&quot;genre&quot;:&quot;Crime|Drama|Horror&quot;,&quot;movieID&quot;:734,&quot;title&quot;:&quot;Guilty of Romance (Koi no tsumi) &quot;},{&quot;genre&quot;:&quot;Comedy|Drama&quot;,&quot;movieID&quot;:735,&quot;title&quot;:&quot;Solitary Man&quot;},{&quot;genre&quot;:&quot;Action|Adventure|Sci-Fi&quot;,&quot;movieID&quot;:736,&quot;title&quot;:&quot;Rocketeer, The&quot;},{&quot;genre&quot;:&quot;Drama&quot;,&quot;movieID&quot;:737,&quot;title&quot;:&quot;Lawn Dogs&quot;},{&quot;genre&quot;:&quot;Drama|Romance&quot;,&quot;movieID&quot;:738,&quot;title&quot;:&quot;Carrie&quot;},{&quot;genre&quot;:&quot;Comedy|Drama&quot;,&quot;movieID&quot;:739,&quot;title&quot;:&quot;Only When I Laugh&quot;},{&quot;genre&quot;:&quot;Sci-Fi&quot;,&quot;movieID&quot;:740,&quot;title&quot;:&quot;Earth vs. the Flying Saucers&quot;},{&quot;genre&quot;:&quot;Comedy&quot;,&quot;movieID&quot;:741,&quot;title&quot;:&quot;Fatal Instinct&quot;},{&quot;genre&quot;:&quot;Documentary&quot;,&quot;movieID&quot;:742,&quot;title&quot;:&quot;Better Living Through Circuitry&quot;},{&quot;genre&quot;:&quot;Documentary&quot;,&quot;movieID&quot;:743,&quot;title&quot;:&quot;Punk&apos;s Not Dead&quot;},{&quot;genre&quot;:&quot;Drama|Romance&quot;,&quot;movieID&quot;:744,&quot;title&quot;:&quot;Playboys, The&quot;},{&quot;genre&quot;:&quot;Adventure|Animation|Children|Comedy|Fantasy&quot;,&quot;movieID&quot;:745,&quot;title&quot;:&quot;Asterix and the Vikings (Astérix et les Vikings)&quot;},{&quot;genre&quot;:&quot;Action|Crime|Drama&quot;,&quot;movieID&quot;:746,&quot;title&quot;:&quot;Rich and Famous (Gong woo ching)&quot;},{&quot;genre&quot;:&quot;Action|Adventure|Fantasy&quot;,&quot;movieID&quot;:747,&quot;title&quot;:&quot;7th Voyage of Sinbad, The&quot;},{&quot;genre&quot;:&quot;Horror|Sci-Fi&quot;,&quot;movieID&quot;:748,&quot;title&quot;:&quot;Invisible Man, The&quot;},{&quot;genre&quot;:&quot;Children&quot;,&quot;movieID&quot;:749,&quot;title&quot;:&quot;Quatsch und die Nasenbärbande&quot;},{&quot;genre&quot;:&quot;Crime|Thriller&quot;,&quot;movieID&quot;:750,&quot;title&quot;:&quot;John Doe: Vigilante&quot;},{&quot;genre&quot;:&quot;Animation&quot;,&quot;movieID&quot;:751,&quot;title&quot;:&quot;Merry Madagascar&quot;},{&quot;genre&quot;:&quot;Drama&quot;,&quot;movieID&quot;:752,&quot;title&quot;:&quot;Beast at Bay, A&quot;},{&quot;genre&quot;:&quot;Drama&quot;,&quot;movieID&quot;:753,&quot;title&quot;:&quot;Rendez-vous&quot;},{&quot;genre&quot;:&quot;Drama|Thriller&quot;,&quot;movieID&quot;:754,&quot;title&quot;:&quot;Fail Safe&quot;},{&quot;genre&quot;:&quot;Drama|Romance&quot;,&quot;movieID&quot;:755,&quot;title&quot;:&quot;Employees&apos; Entrance&quot;},{&quot;genre&quot;:&quot;Drama&quot;,&quot;movieID&quot;:756,&quot;title&quot;:&quot;Against the Current&quot;},{&quot;genre&quot;:&quot;Horror|Thriller&quot;,&quot;movieID&quot;:757,&quot;title&quot;:&quot;They&quot;},{&quot;genre&quot;:&quot;Drama|Musical|Romance&quot;,&quot;movieID&quot;:758,&quot;title&quot;:&quot;Moulin Rouge&quot;},{&quot;genre&quot;:&quot;Drama&quot;,&quot;movieID&quot;:759,&quot;title&quot;:&quot;Last Letter, The (La dernière lettre)&quot;},{&quot;genre&quot;:&quot;Drama|Romance|War&quot;,&quot;movieID&quot;:760,&quot;title&quot;:&quot;Shopworn Angel, The&quot;},{&quot;genre&quot;:&quot;Drama&quot;,&quot;movieID&quot;:761,&quot;title&quot;:&quot;Sugar Cane Alley (Rue cases nègres)&quot;},{&quot;genre&quot;:&quot;Drama&quot;,&quot;movieID&quot;:762,&quot;title&quot;:&quot;Jim Thorpe -- All-American&quot;},{&quot;genre&quot;:&quot;Comedy&quot;,&quot;movieID&quot;:763,&quot;title&quot;:&quot;Mistress&quot;},{&quot;genre&quot;:&quot;Comedy|Drama&quot;,&quot;movieID&quot;:764,&quot;title&quot;:&quot;Lucky Numbers&quot;},{&quot;genre&quot;:&quot;Adventure|Sci-Fi&quot;,&quot;movieID&quot;:765,&quot;title&quot;:&quot;Land That Time Forgot, The&quot;},{&quot;genre&quot;:&quot;Comedy|Sci-Fi&quot;,&quot;movieID&quot;:766,&quot;title&quot;:&quot;Way... Way Out&quot;},{&quot;genre&quot;:&quot;Comedy|Horror|Sci-Fi&quot;,&quot;movieID&quot;:767,&quot;title&quot;:&quot;Critters 4&quot;},{&quot;genre&quot;:&quot;Drama&quot;,&quot;movieID&quot;:768,&quot;title&quot;:&quot;Chariots of Fire&quot;},{&quot;genre&quot;:&quot;Drama&quot;,&quot;movieID&quot;:769,&quot;title&quot;:&quot;Small Town, The (a.k.a. The Town) (Kasaba)&quot;},{&quot;genre&quot;:&quot;Drama|Horror&quot;,&quot;movieID&quot;:770,&quot;title&quot;:&quot;London After Midnight&quot;},{&quot;genre&quot;:&quot;Drama&quot;,&quot;movieID&quot;:771,&quot;title&quot;:&quot;Everybody&apos;s Got Somebody... Not Me&quot;},{&quot;genre&quot;:&quot;Comedy&quot;,&quot;movieID&quot;:772,&quot;title&quot;:&quot;Vice Versa&quot;},{&quot;genre&quot;:&quot;Action|Adventure|Comedy|Sci-Fi&quot;,&quot;movieID&quot;:773,&quot;title&quot;:&quot;Space Cowboys&quot;},{&quot;genre&quot;:&quot;Horror&quot;,&quot;movieID&quot;:774,&quot;title&quot;:&quot;The Face of Marble&quot;},{&quot;genre&quot;:&quot;Documentary&quot;,&quot;movieID&quot;:775,&quot;title&quot;:&quot;Citizen Koch&quot;},{&quot;genre&quot;:&quot;Children|Drama|Sci-Fi&quot;,&quot;movieID&quot;:776,&quot;title&quot;:&quot;Advantageous&quot;},{&quot;genre&quot;:&quot;Comedy&quot;,&quot;movieID&quot;:777,&quot;title&quot;:&quot;Ernest Scared Stupid&quot;},{&quot;genre&quot;:&quot;Drama&quot;,&quot;movieID&quot;:778,&quot;title&quot;:&quot;Al otro lado&quot;},{&quot;genre&quot;:&quot;Western&quot;,&quot;movieID&quot;:779,&quot;title&quot;:&quot;Cowboy&quot;},{&quot;genre&quot;:&quot;Children|Horror&quot;,&quot;movieID&quot;:780,&quot;title&quot;:&quot;The Boy Who Cried Werewolf&quot;},{&quot;genre&quot;:&quot;Comedy|Drama&quot;,&quot;movieID&quot;:781,&quot;title&quot;:&quot;Last Call, The (Tercera Llamada)&quot;},{&quot;genre&quot;:&quot;Children|Comedy|Drama&quot;,&quot;movieID&quot;:782,&quot;title&quot;:&quot;Feast at Midnight, A&quot;},{&quot;genre&quot;:&quot;Comedy&quot;,&quot;movieID&quot;:783,&quot;title&quot;:&quot;Pootie Tang&quot;},{&quot;genre&quot;:&quot;Drama&quot;,&quot;movieID&quot;:784,&quot;title&quot;:&quot;Riding Alone for Thousands of Miles (Qian li zou dan qi)&quot;},{&quot;genre&quot;:&quot;Comedy|Drama|Romance&quot;,&quot;movieID&quot;:785,&quot;title&quot;:&quot;In Therapy (Divã)&quot;},{&quot;genre&quot;:&quot;Comedy|Drama|Romance&quot;,&quot;movieID&quot;:786,&quot;title&quot;:&quot;King of Comedy (Hei kek ji wong)&quot;},{&quot;genre&quot;:&quot;Action|Comedy|Fantasy&quot;,&quot;movieID&quot;:787,&quot;title&quot;:&quot;Vampire Academy&quot;},{&quot;genre&quot;:&quot;Drama|Thriller&quot;,&quot;movieID&quot;:788,&quot;title&quot;:&quot;Life Before Her Eyes, The&quot;},{&quot;genre&quot;:&quot;Comedy|Drama&quot;,&quot;movieID&quot;:789,&quot;title&quot;:&quot;Volver&quot;},{&quot;genre&quot;:&quot;Comedy|Drama|Romance|Western&quot;,&quot;movieID&quot;:790,&quot;title&quot;:&quot;Cowboy and the Lady, The&quot;},{&quot;genre&quot;:&quot;Comedy&quot;,&quot;movieID&quot;:791,&quot;title&quot;:&quot;Babysitting&quot;},{&quot;genre&quot;:&quot;Comedy|Fantasy|Horror&quot;,&quot;movieID&quot;:792,&quot;title&quot;:&quot;Demonic Toys&quot;},{&quot;genre&quot;:&quot;Comedy|Drama|Romance&quot;,&quot;movieID&quot;:793,&quot;title&quot;:&quot;Italian for Beginners (Italiensk for begyndere)&quot;},{&quot;genre&quot;:&quot;Drama|Romance&quot;,&quot;movieID&quot;:794,&quot;title&quot;:&quot;Bird of the Air, A (Loop, The)&quot;},{&quot;genre&quot;:&quot;Comedy|Romance&quot;,&quot;movieID&quot;:795,&quot;title&quot;:&quot;Arthur 2: On the Rocks&quot;},{&quot;genre&quot;:&quot;Action|Crime|Mystery|Sci-Fi|Thriller&quot;,&quot;movieID&quot;:796,&quot;title&quot;:&quot;Ticking Clock&quot;},{&quot;genre&quot;:&quot;Action|Drama|War&quot;,&quot;movieID&quot;:797,&quot;title&quot;:&quot;Battle of the Warriors&quot;},{&quot;genre&quot;:&quot;Comedy|Drama&quot;,&quot;movieID&quot;:798,&quot;title&quot;:&quot;Vicious Kind, The&quot;},{&quot;genre&quot;:&quot;Horror&quot;,&quot;movieID&quot;:799,&quot;title&quot;:&quot;Don&apos;t Go in the House&quot;},{&quot;genre&quot;:&quot;Comedy|Romance&quot;,&quot;movieID&quot;:800,&quot;title&quot;:&quot;She&apos;s the One&quot;},{&quot;genre&quot;:&quot;Crime|Thriller&quot;,&quot;movieID&quot;:801,&quot;title&quot;:&quot;Pusher&quot;},{&quot;genre&quot;:&quot;Documentary&quot;,&quot;movieID&quot;:802,&quot;title&quot;:&quot;Human Planet&quot;},{&quot;genre&quot;:&quot;Comedy&quot;,&quot;movieID&quot;:803,&quot;title&quot;:&quot;Tammy&quot;},{&quot;genre&quot;:&quot;Drama&quot;,&quot;movieID&quot;:804,&quot;title&quot;:&quot;Pushing Hands (Tui shou)&quot;},{&quot;genre&quot;:&quot;Action|Crime&quot;,&quot;movieID&quot;:805,&quot;title&quot;:&quot;New Wave, A&quot;},{&quot;genre&quot;:&quot;Comedy|Drama|Mystery|Thriller&quot;,&quot;movieID&quot;:806,&quot;title&quot;:&quot;Ditirambo&quot;},{&quot;genre&quot;:&quot;Drama&quot;,&quot;movieID&quot;:807,&quot;title&quot;:&quot;Puerta de Hierro, el exilio de Perón&quot;},{&quot;genre&quot;:&quot;Adventure|Children|Comedy|Drama&quot;,&quot;movieID&quot;:808,&quot;title&quot;:&quot;Wizard, The&quot;},{&quot;genre&quot;:&quot;Crime|Mystery|Thriller&quot;,&quot;movieID&quot;:809,&quot;title&quot;:&quot;St. Ives&quot;},{&quot;genre&quot;:&quot;Crime|Drama|Mystery|Thriller&quot;,&quot;movieID&quot;:810,&quot;title&quot;:&quot;Mr. Moto in Danger Island&quot;},{&quot;genre&quot;:&quot;Comedy|Romance&quot;,&quot;movieID&quot;:811,&quot;title&quot;:&quot;Bar Girls&quot;},{&quot;genre&quot;:&quot;Action|Adventure|Children|Comedy|Sci-Fi&quot;,&quot;movieID&quot;:812,&quot;title&quot;:&quot;Spy Kids: All the Time in the World in 4D&quot;},{&quot;genre&quot;:&quot;Comedy&quot;,&quot;movieID&quot;:813,&quot;title&quot;:&quot;Holiday (Jour de fête)&quot;},{&quot;genre&quot;:&quot;Horror|Mystery|Thriller&quot;,&quot;movieID&quot;:814,&quot;title&quot;:&quot;Mirrors&quot;},{&quot;genre&quot;:&quot;Documentary&quot;,&quot;movieID&quot;:815,&quot;title&quot;:&quot;Bowling for Columbine&quot;},{&quot;genre&quot;:&quot;Action|Drama|War&quot;,&quot;movieID&quot;:816,&quot;title&quot;:&quot;The Eagle and the Hawk&quot;},{&quot;genre&quot;:&quot;Horror|Thriller&quot;,&quot;movieID&quot;:817,&quot;title&quot;:&quot;He Knows You&apos;re Alone (a.k.a. Blood Wedding)&quot;},{&quot;genre&quot;:&quot;Documentary&quot;,&quot;movieID&quot;:818,&quot;title&quot;:&quot;Shadows of Liberty &quot;},{&quot;genre&quot;:&quot;Drama&quot;,&quot;movieID&quot;:819,&quot;title&quot;:&quot;Gorgeous Hussy, The&quot;},{&quot;genre&quot;:&quot;Adventure|Children|Comedy|Musical|Sci-Fi&quot;,&quot;movieID&quot;:820,&quot;title&quot;:&quot;Captain EO&quot;},{&quot;genre&quot;:&quot;Horror&quot;,&quot;movieID&quot;:821,&quot;title&quot;:&quot;The Oblong Box&quot;},{&quot;genre&quot;:&quot;Comedy|Drama|Musical&quot;,&quot;movieID&quot;:822,&quot;title&quot;:&quot;Bandslam&quot;},{&quot;genre&quot;:&quot;Action|Comedy|Crime|Thriller&quot;,&quot;movieID&quot;:823,&quot;title&quot;:&quot;Remo Williams: The Adventure Begins&quot;},{&quot;genre&quot;:&quot;Documentary&quot;,&quot;movieID&quot;:824,&quot;title&quot;:&quot;Modify &quot;},{&quot;genre&quot;:&quot;Comedy&quot;,&quot;movieID&quot;:825,&quot;title&quot;:&quot;Blue State&quot;},{&quot;genre&quot;:&quot;Comedy|Documentary|Romance&quot;,&quot;movieID&quot;:826,&quot;title&quot;:&quot;Vermont Is For Lovers&quot;},{&quot;genre&quot;:&quot;Comedy&quot;,&quot;movieID&quot;:827,&quot;title&quot;:&quot;100 Men and a Girl (One Hundred Men and a Girl)&quot;},{&quot;genre&quot;:&quot;Comedy&quot;,&quot;movieID&quot;:828,&quot;title&quot;:&quot;Jonah Who Will Be 25 in the Year 2000 (Jonas qui aura 25 ans en l&apos;an 2000)&quot;},{&quot;genre&quot;:&quot;Drama|Romance&quot;,&quot;movieID&quot;:829,&quot;title&quot;:&quot;Secrets, The (Sodot, Ha-)&quot;},{&quot;genre&quot;:&quot;Crime|Drama&quot;,&quot;movieID&quot;:830,&quot;title&quot;:&quot;Night of the Following Day, The&quot;},{&quot;genre&quot;:&quot;Drama|Musical|Thriller&quot;,&quot;movieID&quot;:831,&quot;title&quot;:&quot;Psych-Out&quot;},{&quot;genre&quot;:&quot;Crime|Drama&quot;,&quot;movieID&quot;:832,&quot;title&quot;:&quot;Blues Harp&quot;},{&quot;genre&quot;:&quot;Drama|War&quot;,&quot;movieID&quot;:833,&quot;title&quot;:&quot;Bell for Adano, A (John Hersey&apos;s A Bell for Adano)&quot;},{&quot;genre&quot;:&quot;Drama&quot;,&quot;movieID&quot;:834,&quot;title&quot;:&quot;Wild Side&quot;},{&quot;genre&quot;:&quot;Action|Crime|Drama|Sci-Fi|Thriller&quot;,&quot;movieID&quot;:835,&quot;title&quot;:&quot;RoboCop&quot;},{&quot;genre&quot;:&quot;Comedy&quot;,&quot;movieID&quot;:836,&quot;title&quot;:&quot;Little Voice&quot;},{&quot;genre&quot;:&quot;Comedy&quot;,&quot;movieID&quot;:837,&quot;title&quot;:&quot;Les Tuche&quot;},{&quot;genre&quot;:&quot;Documentary&quot;,&quot;movieID&quot;:838,&quot;title&quot;:&quot;Backyard, The&quot;},{&quot;genre&quot;:&quot;Comedy|Thriller&quot;,&quot;movieID&quot;:839,&quot;title&quot;:&quot;Bad Eggs&quot;},{&quot;genre&quot;:&quot;Horror|Thriller&quot;,&quot;movieID&quot;:840,&quot;title&quot;:&quot;Surgeon, The&quot;},{&quot;genre&quot;:&quot;Thriller&quot;,&quot;movieID&quot;:841,&quot;title&quot;:&quot;Entitled, The&quot;},{&quot;genre&quot;:&quot;Action|Sci-Fi|Thriller&quot;,&quot;movieID&quot;:842,&quot;title&quot;:&quot;Godzilla Against MechaGodzilla (Gojira tai Mekagojira)&quot;},{&quot;genre&quot;:&quot;Drama|Romance&quot;,&quot;movieID&quot;:843,&quot;title&quot;:&quot;Dog Tags&quot;},{&quot;genre&quot;:&quot;Comedy|Drama&quot;,&quot;movieID&quot;:844,&quot;title&quot;:&quot;How About You...&quot;},{&quot;genre&quot;:&quot;Drama&quot;,&quot;movieID&quot;:845,&quot;title&quot;:&quot;Todos eran culpables&quot;},{&quot;genre&quot;:&quot;Comedy&quot;,&quot;movieID&quot;:846,&quot;title&quot;:&quot;Goat, The&quot;},{&quot;genre&quot;:&quot;Action|Crime|Drama|Thriller&quot;,&quot;movieID&quot;:847,&quot;title&quot;:&quot;Line, The (La linea)&quot;},{&quot;genre&quot;:&quot;Adventure|Children&quot;,&quot;movieID&quot;:848,&quot;title&quot;:&quot;My Side of the Mountain&quot;},{&quot;genre&quot;:&quot;Comedy|Musical|Romance&quot;,&quot;movieID&quot;:849,&quot;title&quot;:&quot;I&apos;ll Be There&quot;},{&quot;genre&quot;:&quot;Action|Adventure|Thriller|War&quot;,&quot;movieID&quot;:850,&quot;title&quot;:&quot;Marksman, The&quot;},{&quot;genre&quot;:&quot;Comedy|Drama|Romance&quot;,&quot;movieID&quot;:851,&quot;title&quot;:&quot;Margaret&quot;},{&quot;genre&quot;:&quot;Drama|Horror|Sci-Fi&quot;,&quot;movieID&quot;:852,&quot;title&quot;:&quot;Frankenstein&quot;},{&quot;genre&quot;:&quot;Action|Comedy&quot;,&quot;movieID&quot;:853,&quot;title&quot;:&quot;Simon Sez&quot;},{&quot;genre&quot;:&quot;Animation|Comedy&quot;,&quot;movieID&quot;:854,&quot;title&quot;:&quot;The Madagascar Penguins in a Christmas Caper&quot;},{&quot;genre&quot;:&quot;Comedy&quot;,&quot;movieID&quot;:855,&quot;title&quot;:&quot;Trading Places&quot;},{&quot;genre&quot;:&quot;Crime|Mystery|Thriller&quot;,&quot;movieID&quot;:856,&quot;title&quot;:&quot;Reservoir Dogs&quot;},{&quot;genre&quot;:&quot;Drama&quot;,&quot;movieID&quot;:857,&quot;title&quot;:&quot;Wilson&quot;},{&quot;genre&quot;:&quot;Drama&quot;,&quot;movieID&quot;:858,&quot;title&quot;:&quot;Majesteit&quot;},{&quot;genre&quot;:&quot;Drama&quot;,&quot;movieID&quot;:859,&quot;title&quot;:&quot;Hell Without Limits (Lugar sin límites, El)&quot;},{&quot;genre&quot;:&quot;Drama|Horror|Mystery|Thriller&quot;,&quot;movieID&quot;:860,&quot;title&quot;:&quot;Tale of Two Sisters, A (Janghwa, Hongryeon)&quot;},{&quot;genre&quot;:&quot;Comedy|Drama&quot;,&quot;movieID&quot;:861,&quot;title&quot;:&quot;American Loser (Trainwreck: My Life as an Idiot)&quot;},{&quot;genre&quot;:&quot;Comedy|Drama|Romance&quot;,&quot;movieID&quot;:862,&quot;title&quot;:&quot;Rain or Shine&quot;},{&quot;genre&quot;:&quot;Action|Crime|Horror|Sci-Fi&quot;,&quot;movieID&quot;:863,&quot;title&quot;:&quot;The Brides of Fu Manchu&quot;},{&quot;genre&quot;:&quot;Horror&quot;,&quot;movieID&quot;:864,&quot;title&quot;:&quot;Day of the Dead&quot;},{&quot;genre&quot;:&quot;Drama|Mystery|Western&quot;,&quot;movieID&quot;:865,&quot;title&quot;:&quot;Dead Man&quot;},{&quot;genre&quot;:&quot;Documentary&quot;,&quot;movieID&quot;:866,&quot;title&quot;:&quot;Out of the Clear Blue Sky&quot;},{&quot;genre&quot;:&quot;Comedy|Romance&quot;,&quot;movieID&quot;:867,&quot;title&quot;:&quot;Wimbledon&quot;},{&quot;genre&quot;:&quot;Comedy|Drama|Fantasy&quot;,&quot;movieID&quot;:868,&quot;title&quot;:&quot;Girl Walks Into a Bar&quot;},{&quot;genre&quot;:&quot;Adventure|Children|Comedy&quot;,&quot;movieID&quot;:869,&quot;title&quot;:&quot;Antboy&quot;},{&quot;genre&quot;:&quot;Comedy&quot;,&quot;movieID&quot;:870,&quot;title&quot;:&quot;Jungle Book of Regulations, A (Nie Ma Rozy Bez Ognia)&quot;},{&quot;genre&quot;:&quot;Drama|War&quot;,&quot;movieID&quot;:871,&quot;title&quot;:&quot;Boy in the Striped Pajamas, The (Boy in the Striped Pyjamas, The)&quot;},{&quot;genre&quot;:&quot;Drama&quot;,&quot;movieID&quot;:872,&quot;title&quot;:&quot;Lost and Delirious&quot;},{&quot;genre&quot;:&quot;Comedy&quot;,&quot;movieID&quot;:873,&quot;title&quot;:&quot;Do Not Disturb&quot;},{&quot;genre&quot;:&quot;Comedy|Drama&quot;,&quot;movieID&quot;:874,&quot;title&quot;:&quot;Very Social Secretary, A&quot;},{&quot;genre&quot;:&quot;Documentary&quot;,&quot;movieID&quot;:875,&quot;title&quot;:&quot;Rocky Saga: Going the Distance, The&quot;},{&quot;genre&quot;:&quot;Action|Comedy|Crime&quot;,&quot;movieID&quot;:876,&quot;title&quot;:&quot;Rent-A-Cop&quot;},{&quot;genre&quot;:&quot;Action|Comedy|Horror&quot;,&quot;movieID&quot;:877,&quot;title&quot;:&quot;Dead Snow 2: Red vs. Dead &quot;},{&quot;genre&quot;:&quot;Drama&quot;,&quot;movieID&quot;:878,&quot;title&quot;:&quot;Cold Weather&quot;},{&quot;genre&quot;:&quot;Drama&quot;,&quot;movieID&quot;:879,&quot;title&quot;:&quot;Day and Night (Le jour et la nuit)&quot;},{&quot;genre&quot;:&quot;Drama|War&quot;,&quot;movieID&quot;:880,&quot;title&quot;:&quot;Sergeant York&quot;},{&quot;genre&quot;:&quot;Comedy|Musical|Romance&quot;,&quot;movieID&quot;:881,&quot;title&quot;:&quot;What a Way to Go!&quot;},{&quot;genre&quot;:&quot;Action|Drama|Thriller&quot;,&quot;movieID&quot;:882,&quot;title&quot;:&quot;JCVD&quot;},{&quot;genre&quot;:&quot;Comedy|Drama&quot;,&quot;movieID&quot;:883,&quot;title&quot;:&quot;Watermelon Man&quot;},{&quot;genre&quot;:&quot;Drama&quot;,&quot;movieID&quot;:884,&quot;title&quot;:&quot;Admissions&quot;},{&quot;genre&quot;:&quot;Drama|Thriller&quot;,&quot;movieID&quot;:885,&quot;title&quot;:&quot;Michael&quot;},{&quot;genre&quot;:&quot;Action|Sci-Fi&quot;,&quot;movieID&quot;:886,&quot;title&quot;:&quot;Highlander II: The Quickening&quot;},{&quot;genre&quot;:&quot;Documentary&quot;,&quot;movieID&quot;:887,&quot;title&quot;:&quot;Good Copy Bad Copy&quot;},{&quot;genre&quot;:&quot;Action|Drama|Thriller|War&quot;,&quot;movieID&quot;:888,&quot;title&quot;:&quot;Rambo (Rambo 4)&quot;},{&quot;genre&quot;:&quot;Action|Comedy|Romance&quot;,&quot;movieID&quot;:889,&quot;title&quot;:&quot;Chinese Odyssey 2002 (Tian xia wu shuang)&quot;},{&quot;genre&quot;:&quot;Crime|Drama|Thriller&quot;,&quot;movieID&quot;:890,&quot;title&quot;:&quot;Carlos&quot;},{&quot;genre&quot;:&quot;(no genres listed)&quot;,&quot;movieID&quot;:891,&quot;title&quot;:&quot;Lilla Jönssonligan på styva linan&quot;},{&quot;genre&quot;:&quot;Drama&quot;,&quot;movieID&quot;:892,&quot;title&quot;:&quot;Game of Their Lives, The&quot;},{&quot;genre&quot;:&quot;Comedy|Drama&quot;,&quot;movieID&quot;:893,&quot;title&quot;:&quot;The Merry Widow&quot;},{&quot;genre&quot;:&quot;Comedy|War|Western&quot;,&quot;movieID&quot;:894,&quot;title&quot;:&quot;Two Mules for Sister Sara&quot;},{&quot;genre&quot;:&quot;Adventure|Animation|Children|Comedy&quot;,&quot;movieID&quot;:895,&quot;title&quot;:&quot;Penguins of Madagascar&quot;},{&quot;genre&quot;:&quot;Drama&quot;,&quot;movieID&quot;:896,&quot;title&quot;:&quot;Street Scene&quot;},{&quot;genre&quot;:&quot;Drama&quot;,&quot;movieID&quot;:897,&quot;title&quot;:&quot;Make Way for Tomorrow&quot;},{&quot;genre&quot;:&quot;Comedy|Horror&quot;,&quot;movieID&quot;:898,&quot;title&quot;:&quot;Innocent Blood&quot;},{&quot;genre&quot;:&quot;Comedy|Drama|Romance&quot;,&quot;movieID&quot;:899,&quot;title&quot;:&quot;Irony of Fate, or Enjoy Your Bath! (Ironiya sudby, ili S legkim parom!)&quot;},{&quot;genre&quot;:&quot;Action|Crime|Thriller&quot;,&quot;movieID&quot;:900,&quot;title&quot;:&quot;S.W.A.T.: Firefight&quot;},{&quot;genre&quot;:&quot;Comedy&quot;,&quot;movieID&quot;:901,&quot;title&quot;:&quot;Smashing Time&quot;},{&quot;genre&quot;:&quot;Drama|War&quot;,&quot;movieID&quot;:902,&quot;title&quot;:&quot;Safe Conduct (Laissez-Passer)&quot;},{&quot;genre&quot;:&quot;Documentary&quot;,&quot;movieID&quot;:903,&quot;title&quot;:&quot;Year Zero: The Silent Death of Cambodia&quot;},{&quot;genre&quot;:&quot;Adventure|Comedy&quot;,&quot;movieID&quot;:904,&quot;title&quot;:&quot;Mr. Robinson Crusoe&quot;},{&quot;genre&quot;:&quot;Comedy|Drama&quot;,&quot;movieID&quot;:905,&quot;title&quot;:&quot;Doctor Bull&quot;},{&quot;genre&quot;:&quot;Drama|Sci-Fi&quot;,&quot;movieID&quot;:906,&quot;title&quot;:&quot;Marooned&quot;},{&quot;genre&quot;:&quot;Comedy&quot;,&quot;movieID&quot;:907,&quot;title&quot;:&quot;Rock-a-Bye Baby&quot;},{&quot;genre&quot;:&quot;Action|Adventure|Comedy&quot;,&quot;movieID&quot;:908,&quot;title&quot;:&quot;Rundown, The&quot;},{&quot;genre&quot;:&quot;Crime|Thriller&quot;,&quot;movieID&quot;:909,&quot;title&quot;:&quot;4.3.2.1&quot;},{&quot;genre&quot;:&quot;Action|Crime|Drama&quot;,&quot;movieID&quot;:910,&quot;title&quot;:&quot;Shottas&quot;},{&quot;genre&quot;:&quot;Documentary&quot;,&quot;movieID&quot;:911,&quot;title&quot;:&quot;Commune&quot;},{&quot;genre&quot;:&quot;Comedy&quot;,&quot;movieID&quot;:912,&quot;title&quot;:&quot;Monty Python&apos;s And Now for Something Completely Different&quot;},{&quot;genre&quot;:&quot;Action|Adventure|Sci-Fi&quot;,&quot;movieID&quot;:913,&quot;title&quot;:&quot;Flash Gordon&quot;},{&quot;genre&quot;:&quot;Comedy|Crime&quot;,&quot;movieID&quot;:914,&quot;title&quot;:&quot;Great Diamond Robbery, The&quot;},{&quot;genre&quot;:&quot;Adventure|Comedy&quot;,&quot;movieID&quot;:915,&quot;title&quot;:&quot;Around the World in 80 Days&quot;},{&quot;genre&quot;:&quot;(no genres listed)&quot;,&quot;movieID&quot;:916,&quot;title&quot;:&quot;Always for Pleasure&quot;},{&quot;genre&quot;:&quot;Action|Adventure|Drama|Sci-Fi|Thriller&quot;,&quot;movieID&quot;:917,&quot;title&quot;:&quot;Children of Men&quot;},{&quot;genre&quot;:&quot;(no genres listed)&quot;,&quot;movieID&quot;:918,&quot;title&quot;:&quot;Lucrèce Borgia&quot;},{&quot;genre&quot;:&quot;Drama|Thriller&quot;,&quot;movieID&quot;:919,&quot;title&quot;:&quot;Murk (Mørke)&quot;},{&quot;genre&quot;:&quot;Documentary&quot;,&quot;movieID&quot;:920,&quot;title&quot;:&quot;Curse of the Hedgehog, The (Blestemul ariciului)&quot;},{&quot;genre&quot;:&quot;Drama|Romance&quot;,&quot;movieID&quot;:921,&quot;title&quot;:&quot;My Summer of Love&quot;},{&quot;genre&quot;:&quot;Drama|Romance&quot;,&quot;movieID&quot;:922,&quot;title&quot;:&quot;The Chatterley Affair&quot;},{&quot;genre&quot;:&quot;Crime|Drama|Mystery&quot;,&quot;movieID&quot;:923,&quot;title&quot;:&quot;A Fugitive from the Past&quot;},{&quot;genre&quot;:&quot;Drama|War&quot;,&quot;movieID&quot;:924,&quot;title&quot;:&quot;Under the Bombs&quot;},{&quot;genre&quot;:&quot;Drama|War&quot;,&quot;movieID&quot;:925,&quot;title&quot;:&quot;PT 109&quot;},{&quot;genre&quot;:&quot;Horror&quot;,&quot;movieID&quot;:926,&quot;title&quot;:&quot;Nightmare on Elm Street 2: Freddy&apos;s Revenge, A&quot;},{&quot;genre&quot;:&quot;Drama&quot;,&quot;movieID&quot;:927,&quot;title&quot;:&quot;Klimt&quot;},{&quot;genre&quot;:&quot;Horror|Thriller&quot;,&quot;movieID&quot;:928,&quot;title&quot;:&quot;Blind Date&quot;},{&quot;genre&quot;:&quot;Comedy|Drama|Romance&quot;,&quot;movieID&quot;:929,&quot;title&quot;:&quot;Sundome&quot;},{&quot;genre&quot;:&quot;Comedy|Drama|Romance&quot;,&quot;movieID&quot;:930,&quot;title&quot;:&quot;Love on the Run (Amour en fuite, L&apos;)&quot;},{&quot;genre&quot;:&quot;Crime|Drama|Thriller&quot;,&quot;movieID&quot;:931,&quot;title&quot;:&quot;Cassandra&apos;s Dream&quot;},{&quot;genre&quot;:&quot;Drama&quot;,&quot;movieID&quot;:932,&quot;title&quot;:&quot;Thurgood&quot;},{&quot;genre&quot;:&quot;Comedy|Drama&quot;,&quot;movieID&quot;:933,&quot;title&quot;:&quot;Crane World (Mundo grúa)&quot;},{&quot;genre&quot;:&quot;Comedy|Drama|Romance&quot;,&quot;movieID&quot;:934,&quot;title&quot;:&quot;Good Marriage, A (Beau mariage, Le)&quot;},{&quot;genre&quot;:&quot;Comedy|Drama&quot;,&quot;movieID&quot;:935,&quot;title&quot;:&quot;Brothers, The&quot;},{&quot;genre&quot;:&quot;Action|Film-Noir|Sci-Fi&quot;,&quot;movieID&quot;:936,&quot;title&quot;:&quot;Crime Zone&quot;},{&quot;genre&quot;:&quot;Children|Comedy|Romance&quot;,&quot;movieID&quot;:937,&quot;title&quot;:&quot;Golden Christmas, A&quot;},{&quot;genre&quot;:&quot;Comedy|Drama&quot;,&quot;movieID&quot;:938,&quot;title&quot;:&quot;As Cool As I Am&quot;},{&quot;genre&quot;:&quot;Film-Noir|Thriller&quot;,&quot;movieID&quot;:939,&quot;title&quot;:&quot;No habrá paz para los malvados&quot;},{&quot;genre&quot;:&quot;Drama&quot;,&quot;movieID&quot;:940,&quot;title&quot;:&quot;Firm, The&quot;},{&quot;genre&quot;:&quot;Drama|Romance|War&quot;,&quot;movieID&quot;:941,&quot;title&quot;:&quot;Red Angel (Akai tenshi)&quot;},{&quot;genre&quot;:&quot;Action|Adventure|Sci-Fi&quot;,&quot;movieID&quot;:942,&quot;title&quot;:&quot;Power/Rangers&quot;},{&quot;genre&quot;:&quot;Drama|Mystery|Romance|Thriller&quot;,&quot;movieID&quot;:943,&quot;title&quot;:&quot;Vertigo&quot;},{&quot;genre&quot;:&quot;Drama&quot;,&quot;movieID&quot;:944,&quot;title&quot;:&quot;Knight of Cups&quot;},{&quot;genre&quot;:&quot;Comedy&quot;,&quot;movieID&quot;:945,&quot;title&quot;:&quot;Trojan War&quot;},{&quot;genre&quot;:&quot;Action|Animation|Drama|Sci-Fi&quot;,&quot;movieID&quot;:946,&quot;title&quot;:&quot;Gunbuster (Top wo Narae)&quot;},{&quot;genre&quot;:&quot;Comedy|Drama|Romance&quot;,&quot;movieID&quot;:947,&quot;title&quot;:&quot;Majestic, The&quot;},{&quot;genre&quot;:&quot;Action|Comedy|Drama|Horror|Romance&quot;,&quot;movieID&quot;:948,&quot;title&quot;:&quot;Maniacts&quot;},{&quot;genre&quot;:&quot;Drama&quot;,&quot;movieID&quot;:949,&quot;title&quot;:&quot;Manon of the Spring (Manon des sources)&quot;},{&quot;genre&quot;:&quot;Comedy|Drama&quot;,&quot;movieID&quot;:950,&quot;title&quot;:&quot;Little Help, A&quot;},{&quot;genre&quot;:&quot;Drama&quot;,&quot;movieID&quot;:951,&quot;title&quot;:&quot;Swindle, The (Bidone, Il)&quot;},{&quot;genre&quot;:&quot;Drama&quot;,&quot;movieID&quot;:952,&quot;title&quot;:&quot;Stone Angel, The&quot;},{&quot;genre&quot;:&quot;Drama&quot;,&quot;movieID&quot;:953,&quot;title&quot;:&quot;William Vincent (Shadows and Lies)&quot;},{&quot;genre&quot;:&quot;Drama&quot;,&quot;movieID&quot;:954,&quot;title&quot;:&quot;Noose, The (Petla)&quot;},{&quot;genre&quot;:&quot;Drama|Romance&quot;,&quot;movieID&quot;:955,&quot;title&quot;:&quot;Jane Austen Book Club, The&quot;},{&quot;genre&quot;:&quot;Comedy|Romance&quot;,&quot;movieID&quot;:956,&quot;title&quot;:&quot;Dream Wife&quot;},{&quot;genre&quot;:&quot;Animation&quot;,&quot;movieID&quot;:957,&quot;title&quot;:&quot;Your Friend the Rat&quot;},{&quot;genre&quot;:&quot;Drama|Fantasy|Romance|Sci-Fi&quot;,&quot;movieID&quot;:958,&quot;title&quot;:&quot;These Are the Damned (a.k.a. The Damned)&quot;},{&quot;genre&quot;:&quot;Drama&quot;,&quot;movieID&quot;:959,&quot;title&quot;:&quot;House of Tolerance&quot;},{&quot;genre&quot;:&quot;Action|Adventure&quot;,&quot;movieID&quot;:960,&quot;title&quot;:&quot;Azumi 2: Death or Love&quot;},{&quot;genre&quot;:&quot;Horror|Thriller&quot;,&quot;movieID&quot;:961,&quot;title&quot;:&quot;Cabin Fever 2: Spring Fever&quot;},{&quot;genre&quot;:&quot;Comedy|Drama&quot;,&quot;movieID&quot;:962,&quot;title&quot;:&quot;Sum of Us, The&quot;},{&quot;genre&quot;:&quot;Action|Animation|Drama|Sci-Fi&quot;,&quot;movieID&quot;:963,&quot;title&quot;:&quot;Gunbuster (Top wo Narae)&quot;},{&quot;genre&quot;:&quot;Comedy|Thriller&quot;,&quot;movieID&quot;:964,&quot;title&quot;:&quot;Family Plot&quot;},{&quot;genre&quot;:&quot;Drama&quot;,&quot;movieID&quot;:965,&quot;title&quot;:&quot;Scarlet Letter, The&quot;},{&quot;genre&quot;:&quot;Drama|Horror|Romance|Thriller&quot;,&quot;movieID&quot;:966,&quot;title&quot;:&quot;Cat People&quot;},{&quot;genre&quot;:&quot;Action|Adventure|Drama|War&quot;,&quot;movieID&quot;:967,&quot;title&quot;:&quot;King Arthur&quot;},{&quot;genre&quot;:&quot;Comedy|Romance&quot;,&quot;movieID&quot;:968,&quot;title&quot;:&quot;FC Venus&quot;},{&quot;genre&quot;:&quot;Adventure|Animation|Fantasy|IMAX&quot;,&quot;movieID&quot;:969,&quot;title&quot;:&quot;Legend of the Guardians: The Owls of Ga&apos;Hoole&quot;},{&quot;genre&quot;:&quot;Sci-Fi|Thriller&quot;,&quot;movieID&quot;:970,&quot;title&quot;:&quot;Machine, The&quot;},{&quot;genre&quot;:&quot;Drama|Romance&quot;,&quot;movieID&quot;:971,&quot;title&quot;:&quot;Competition, The&quot;},{&quot;genre&quot;:&quot;Horror&quot;,&quot;movieID&quot;:972,&quot;title&quot;:&quot;Grave Encounters 2&quot;},{&quot;genre&quot;:&quot;Drama|Thriller&quot;,&quot;movieID&quot;:973,&quot;title&quot;:&quot;Holcroft Covenant, The&quot;},{&quot;genre&quot;:&quot;Drama&quot;,&quot;movieID&quot;:974,&quot;title&quot;:&quot;Letters to Father Jacob (Postia pappi Jaakobille)&quot;},{&quot;genre&quot;:&quot;Comedy|Drama&quot;,&quot;movieID&quot;:975,&quot;title&quot;:&quot;Wise Guys, The (Les grandes gueules)&quot;},{&quot;genre&quot;:&quot;Documentary&quot;,&quot;movieID&quot;:976,&quot;title&quot;:&quot;Lesson Plan &quot;},{&quot;genre&quot;:&quot;Documentary|Musical&quot;,&quot;movieID&quot;:977,&quot;title&quot;:&quot;All Tomorrow&apos;s Parties&quot;},{&quot;genre&quot;:&quot;(no genres listed)&quot;,&quot;movieID&quot;:978,&quot;title&quot;:&quot;Somewhere Under the Broad Sky&quot;},{&quot;genre&quot;:&quot;Comedy|Romance&quot;,&quot;movieID&quot;:979,&quot;title&quot;:&quot;Truth About Cats &amp; Dogs, The&quot;},{&quot;genre&quot;:&quot;Action|Adventure|Animation&quot;,&quot;movieID&quot;:980,&quot;title&quot;:&quot;How to Train Your Dragon 2&quot;},{&quot;genre&quot;:&quot;Drama&quot;,&quot;movieID&quot;:981,&quot;title&quot;:&quot;Babymother&quot;},{&quot;genre&quot;:&quot;Mystery&quot;,&quot;movieID&quot;:982,&quot;title&quot;:&quot;Charlie Chan&apos;s Chance&quot;},{&quot;genre&quot;:&quot;Drama|Horror|Mystery&quot;,&quot;movieID&quot;:983,&quot;title&quot;:&quot;Blame (6 Films to Keep You Awake) (Películas para no dormir: La culpa)&quot;},{&quot;genre&quot;:&quot;Action|Adventure|Fantasy&quot;,&quot;movieID&quot;:984,&quot;title&quot;:&quot;Ator, the Fighting Eagle (Ator l&apos;invincibile)&quot;},{&quot;genre&quot;:&quot;Musical&quot;,&quot;movieID&quot;:985,&quot;title&quot;:&quot;Silk Stockings&quot;},{&quot;genre&quot;:&quot;Crime|Documentary|War&quot;,&quot;movieID&quot;:986,&quot;title&quot;:&quot;Standard Operating Procedure&quot;},{&quot;genre&quot;:&quot;Drama&quot;,&quot;movieID&quot;:987,&quot;title&quot;:&quot;Glass Menagerie, The&quot;},{&quot;genre&quot;:&quot;Drama&quot;,&quot;movieID&quot;:988,&quot;title&quot;:&quot;Hawk Is Dying, The&quot;},{&quot;genre&quot;:&quot;Comedy|Western&quot;,&quot;movieID&quot;:989,&quot;title&quot;:&quot;The Seven Males&quot;},{&quot;genre&quot;:&quot;Comedy|Drama&quot;,&quot;movieID&quot;:990,&quot;title&quot;:&quot;Chill Out! (Descongélate!)&quot;},{&quot;genre&quot;:&quot;Drama|Musical|Romance&quot;,&quot;movieID&quot;:991,&quot;title&quot;:&quot;As it is in Heaven (Så som i himmelen)&quot;},{&quot;genre&quot;:&quot;Documentary&quot;,&quot;movieID&quot;:992,&quot;title&quot;:&quot;Capturing the Friedmans&quot;},{&quot;genre&quot;:&quot;Drama|Thriller&quot;,&quot;movieID&quot;:993,&quot;title&quot;:&quot;German Doctor, The (Wakolda)&quot;},{&quot;genre&quot;:&quot;Drama&quot;,&quot;movieID&quot;:994,&quot;title&quot;:&quot;Stupid Boy (Garçon stupide)&quot;},{&quot;genre&quot;:&quot;Adventure|Comedy|Fantasy&quot;,&quot;movieID&quot;:995,&quot;title&quot;:&quot;Nim&apos;s Island&quot;},{&quot;genre&quot;:&quot;Drama&quot;,&quot;movieID&quot;:996,&quot;title&quot;:&quot;Tale of Zatoichi, The (Zatôichi monogatari) (Zatôichi 1)&quot;},{&quot;genre&quot;:&quot;Comedy&quot;,&quot;movieID&quot;:997,&quot;title&quot;:&quot;Illuminata&quot;},{&quot;genre&quot;:&quot;Crime|Drama|Mystery|Thriller&quot;,&quot;movieID&quot;:998,&quot;title&quot;:&quot;Think Fast, Mr. Moto&quot;},{&quot;genre&quot;:&quot;Comedy&quot;,&quot;movieID&quot;:999,&quot;title&quot;:&quot;Uncle Marin, the Billionaire (Nea Marin miliardar) (Uncle Martin, the Multimillionaire)&quot;},{&quot;genre&quot;:&quot;Action|Fantasy|Sci-Fi&quot;,&quot;movieID&quot;:1000,&quot;title&quot;:&quot;Gamera vs. Jiger&quot;}]&gt;" type="java.lang.AssertionError"><![CDATA[java.lang.AssertionError: expected:<null> but was:<[{"genre":"Crime|Drama","movieID":1,"title":"Alpha Dog"},{"genre":"Comedy|Drama|Horror","movieID":2,"title":"Taxidermia"},{"genre":"Comedy|Crime|Drama","movieID":3,"title":"Double Dhamaal"},{"genre":"Adventure|Drama|Romance","movieID":4,"title":"Mutiny on the Bounty"},{"genre":"Action|Thriller","movieID":5,"title":"Extreme Justice"},{"genre":"Documentary","movieID":6,"title":"Man on Wire"},{"genre":"Action|Adventure|Sci-Fi","movieID":7,"title":"Journey to the Center of the Earth"},{"genre":"Comedy|Drama|Romance","movieID":8,"title":"Chaos Theory"},{"genre":"Drama|Musical","movieID":9,"title":"Cremaster 5"},{"genre":"Action|Comedy|Drama","movieID":10,"title":"Cannonball"},{"genre":"Drama|Thriller","movieID":11,"title":"Restraint"},{"genre":"Comedy","movieID":12,"title":"Wheelmen"},{"genre":"Comedy","movieID":13,"title":"I Got the Hook Up"},{"genre":"Horror","movieID":14,"title":"Smiley"},{"genre":"Action|Adventure|Thriller","movieID":15,"title":"Shadow Warriors 2 (Assault on Devil's Island)"},{"genre":"Drama","movieID":16,"title":"Miral"},{"genre":"Comedy|Drama|Romance","movieID":17,"title":"Agata and the Storm (Agata e la tempesta)"},{"genre":"Crime|Romance|Thriller","movieID":18,"title":"Jagged Edge"},{"genre":"Drama|Romance","movieID":19,"title":"Enchanted April"},{"genre":"Horror|Mystery|Thriller","movieID":20,"title":"Lizard in a Woman's Skin, A (Lucertola con la pelle di donna, Una)"},{"genre":"Drama|Thriller","movieID":21,"title":"Michael"},{"genre":"Drama","movieID":22,"title":"On the Beach"},{"genre":"Drama|War","movieID":23,"title":"Generation War"},{"genre":"Action|Adventure","movieID":24,"title":"Long John Silver"},{"genre":"Documentary","movieID":25,"title":"Girl Next Door, The"},{"genre":"Action|Drama","movieID":26,"title":"Rocky Balboa"},{"genre":"Action|Adventure|Sci-Fi","movieID":27,"title":"Road Warrior, The (Mad Max 2)"},{"genre":"Comedy","movieID":28,"title":"Mille bolle blu"},{"genre":"Drama","movieID":29,"title":"Alice"},{"genre":"Horror|Sci-Fi|Thriller","movieID":30,"title":"Night of the Lepus"},{"genre":"Drama","movieID":31,"title":"If...."},{"genre":"Drama|War","movieID":32,"title":"Battle of the Rails, The (La bataille du rail)"},{"genre":"Horror|Thriller","movieID":33,"title":"Believers, The"},{"genre":"Documentary","movieID":34,"title":"Soviet Story, The"},{"genre":"Action|Sci-Fi","movieID":35,"title":"Thunderbird Six"},{"genre":"Animation|Children|Fantasy|Musical","movieID":36,"title":"Beauty and the Beast: The Enchanted Christmas"},{"genre":"Drama","movieID":37,"title":"Life of Oharu, The (Saikaku ichidai onna)"},{"genre":"Comedy|Drama","movieID":38,"title":"12:08 East of Bucharest (A fost sau n-a fost?)"},{"genre":"Sci-Fi","movieID":39,"title":"Things to Come"},{"genre":"Drama","movieID":40,"title":"Attack, The"},{"genre":"Documentary","movieID":41,"title":"Bastards"},{"genre":"Action","movieID":42,"title":"Bounty Hunters (Bail Enforcers)"},{"genre":"Documentary","movieID":43,"title":"Bully"},{"genre":"Crime|Drama|Film-Noir","movieID":44,"title":"The Amazing Dr. Clitterhouse"},{"genre":"Horror|Thriller","movieID":45,"title":"Train"},{"genre":"Drama","movieID":46,"title":"Holly"},{"genre":"Drama|Thriller","movieID":47,"title":"Ape, The (Apan)"},{"genre":"Comedy","movieID":48,"title":"Ninette"},{"genre":"Comedy|Drama|Romance","movieID":49,"title":"Last Time, The"},{"genre":"Drama","movieID":50,"title":"Hawaiians, The"},{"genre":"Comedy","movieID":51,"title":"Nickelodeon"},{"genre":"Drama|War","movieID":52,"title":"Gardens of Stone"},{"genre":"Crime|Horror|Mystery|Sci-Fi","movieID":53,"title":"Idle Mist (Vana Espuma)"},{"genre":"Drama","movieID":54,"title":"Guter Junge"},{"genre":"Crime|Romance|Thriller","movieID":55,"title":"Rx"},{"genre":"Children|Drama","movieID":56,"title":"Now and Then"},{"genre":"Comedy|Fantasy","movieID":57,"title":"Gods Must Be Crazy III, The (a.k.a. Crazy Safari) (Fei zhou he shang)"},{"genre":"Drama","movieID":58,"title":"Other Woman, The"},{"genre":"Sci-Fi","movieID":59,"title":"Parallels"},{"genre":"Drama|Mystery|Thriller","movieID":60,"title":"Stoker"},{"genre":"Drama|Thriller","movieID":61,"title":"Crave"},{"genre":"Crime|Drama|Film-Noir|Thriller","movieID":62,"title":"Murder by Contract"},{"genre":"Comedy","movieID":63,"title":"W.W. and the Dixie Dancekings"},{"genre":"Drama","movieID":64,"title":"LUV"},{"genre":"Drama","movieID":65,"title":"Preacher's Wife, The"},{"genre":"Drama|Romance","movieID":66,"title":"Theory of Everything, The"},{"genre":"Drama|Romance","movieID":67,"title":"Cruel Romance, A (Zhestokij Romans)"},{"genre":"Action|Thriller","movieID":68,"title":"Enemy of the State"},{"genre":"Drama","movieID":69,"title":"Levity"},{"genre":"Action|Children","movieID":70,"title":"Stormbreaker (Alex Rider: Operation Stormbreaker)"},{"genre":"Drama","movieID":71,"title":"Diving Bell and the Butterfly, The (Scaphandre et le papillon, Le)"},{"genre":"Comedy|Drama|Romance","movieID":72,"title":"Don Juan DeMarco"},{"genre":"Drama|Romance","movieID":73,"title":"W.E."},{"genre":"Documentary","movieID":74,"title":"Steal This Film"},{"genre":"Comedy|Crime","movieID":75,"title":"Stand Up Guys"},{"genre":"Comedy|Drama|Musical","movieID":76,"title":"Reefer Madness: The Movie Musical"},{"genre":"Drama","movieID":77,"title":"Woman's Tale, A"},{"genre":"Action|Crime|Drama","movieID":78,"title":"Harley Davidson and the Marlboro Man"},{"genre":"Action|Crime|Thriller","movieID":79,"title":"S.W.A.T.: Firefight"},{"genre":"Crime|Drama|Thriller|Western","movieID":80,"title":"Killer Inside Me, The"},{"genre":"Crime|Drama","movieID":81,"title":"St. Valentine's Day Massacre, The"},{"genre":"Action|Adventure|Thriller","movieID":82,"title":"12 Rounds 2: Reloaded"},{"genre":"Drama|Horror|Thriller","movieID":83,"title":"1408"},{"genre":"Crime|Drama|Romance","movieID":84,"title":"First Name: Carmen (Prénom Carmen)"},{"genre":"Drama|Romance|Sci-Fi","movieID":85,"title":"Eternal Sunshine of the Spotless Mind"},{"genre":"Animation|Comedy|Sci-Fi","movieID":86,"title":"Monsters vs Aliens: Mutant Pumpkins from Outer Space"},{"genre":"Drama","movieID":87,"title":"Hannah Arendt"},{"genre":"Drama","movieID":88,"title":"Ice Bound"},{"genre":"Drama","movieID":89,"title":"Feel the Noise"},{"genre":"Comedy|Western","movieID":90,"title":"There Was a Crooked Man..."},{"genre":"Action","movieID":91,"title":"Good Guys Wear Black"},{"genre":"Adventure","movieID":92,"title":"White Water Summer"},{"genre":"Comedy|Drama","movieID":93,"title":"Let it Rain (Parlez-moi de la pluie)"},{"genre":"Adventure|Children|Comedy|Fantasy|Mystery","movieID":94,"title":"Scooby-Doo"},{"genre":"Drama","movieID":95,"title":"Moment of Truth, The (Il momento della verità)"},{"genre":"Horror|Thriller","movieID":96,"title":"House at the End of the Street"},{"genre":"Documentary","movieID":97,"title":"Let the Fire Burn"},{"genre":"Documentary","movieID":98,"title":"Lightning in a Bottle"},{"genre":"Sci-Fi","movieID":99,"title":"Alien Nation: Body and Soul"},{"genre":"Comedy|Drama","movieID":100,"title":"Only When I Laugh"},{"genre":"Documentary","movieID":101,"title":"When the Levees Broke: A Requiem in Four Acts"},{"genre":"(no genres listed)","movieID":102,"title":"Lucrèce Borgia"},{"genre":"Comedy|Drama","movieID":103,"title":"Rules of the Game, The (La règle du jeu)"},{"genre":"Adventure|Drama|Fantasy","movieID":104,"title":"Valerie and Her Week of Wonders (Valerie a týden divu)"},{"genre":"Adventure|Children|Drama","movieID":105,"title":"Running Free"},{"genre":"Action|Crime|Drama|Thriller","movieID":106,"title":"Colt 38 Special Squad"},{"genre":"Action|Drama|War","movieID":107,"title":"Cockleshell Heroes, The"},{"genre":"Comedy","movieID":108,"title":"Cabin Boy"},{"genre":"Documentary","movieID":109,"title":"Conan O'Brien Can't Stop"},{"genre":"Comedy|Drama|Romance","movieID":110,"title":"Hobson's Choice"},{"genre":"Animation|Drama|Romance|War","movieID":111,"title":"Corto Maltese: Under the Sign of Capricorn (Sous le signe du capricorne)"},{"genre":"Drama","movieID":112,"title":"Diary of a Nymphomaniac (Diario de una Ninfómana)"},{"genre":"Drama","movieID":113,"title":"Chameleon, The "},{"genre":"Horror|Sci-Fi","movieID":114,"title":"X from Outer Space, The (Uchû daikaijû Girara)"},{"genre":"Adventure|Comedy|Fantasy|Horror","movieID":115,"title":"Night of the Living Dead 3D"},{"genre":"Action|Adventure|Children|Comedy|Crime","movieID":116,"title":"Catch That Kid"},{"genre":"Crime|Drama","movieID":117,"title":"G Men"},{"genre":"Children|Drama","movieID":118,"title":"The Encounter"},{"genre":"Drama","movieID":119,"title":"We Don't Live Here Anymore"},{"genre":"Crime|Documentary","movieID":120,"title":"Condemned, The"},{"genre":"Animation|Children|Fantasy","movieID":121,"title":"Momo"},{"genre":"Drama|Romance","movieID":122,"title":"Mustalaishurmaaja"},{"genre":"Comedy|Romance","movieID":123,"title":"Fitzwilly"},{"genre":"Western","movieID":124,"title":"Big Jake"},{"genre":"Drama","movieID":125,"title":"They Drive by Night"},{"genre":"Crime|Thriller","movieID":126,"title":"Hunters, The (Jägarna)"},{"genre":"Drama|Romance","movieID":127,"title":"All the Mornings of the World (Tous les matins du monde)"},{"genre":"Action|Adventure|Fantasy|Sci-Fi","movieID":128,"title":"Mysterious Island"},{"genre":"Action|Drama","movieID":129,"title":"Bending the Rules"},{"genre":"Horror","movieID":130,"title":"Kiss of the Vampire, The"},{"genre":"Comedy|Crime","movieID":131,"title":"School for Scoundrels"},{"genre":"Drama|Romance","movieID":132,"title":"Visitor, The"},{"genre":"Horror|Mystery","movieID":133,"title":"Toolbox Murders"},{"genre":"Comedy|Drama|Romance|War","movieID":134,"title":"Music Within"},{"genre":"Comedy|Fantasy","movieID":135,"title":"Witching and Bitching (Brujas de Zugarramurdi, Las)"},{"genre":"Comedy|Drama","movieID":136,"title":"Prick Up Your Ears"},{"genre":"Drama|Romance","movieID":137,"title":"Stay as You Are"},{"genre":"Adventure|Thriller|Western","movieID":138,"title":"Missing, The"},{"genre":"Comedy|Horror","movieID":139,"title":"Bloody Bloody Bible Camp"},{"genre":"Drama","movieID":140,"title":"Julien Donkey-Boy"},{"genre":"Action|Crime|Thriller","movieID":141,"title":"Likeable Mister R, The (Simpaticul domn R)"},{"genre":"Drama|Musical|Romance","movieID":142,"title":"Show Boat"},{"genre":"Action|Fantasy|Horror|Thriller","movieID":143,"title":"Underworld: Rise of the Lycans"},{"genre":"Thriller","movieID":144,"title":"The Mark of the Angels - Miserere"},{"genre":"Comedy","movieID":145,"title":"Tim and Eric's Billion Dollar Movie"},{"genre":"Comedy","movieID":146,"title":"Down and Out in Beverly Hills"},{"genre":"Crime|Horror|Mystery|Thriller","movieID":147,"title":"Tell Me Something (Telmisseomding)"},{"genre":"Fantasy|Horror|Mystery|Thriller","movieID":148,"title":"Dagon"},{"genre":"Documentary","movieID":149,"title":"Decline of Western Civilization Part II: The Metal Years, The"},{"genre":"Comedy","movieID":150,"title":"Day's Pleasure, A (Ford Story, A)"},{"genre":"Musical","movieID":151,"title":"High School Musical 3: Senior Year"},{"genre":"Drama","movieID":152,"title":"Love & Pop"},{"genre":"Comedy|Romance","movieID":153,"title":"Carnival in Flanders (La kermesse héroïque)"},{"genre":"Documentary","movieID":154,"title":"Triumph of the Will (Triumph des Willens)"},{"genre":"Adventure|Sci-Fi","movieID":155,"title":"At the Earth's Core"},{"genre":"Comedy|Romance","movieID":156,"title":"Steamboat Bill, Jr."},{"genre":"Documentary","movieID":157,"title":"Joan Rivers: A Piece of Work"},{"genre":"Comedy|Musical|Romance","movieID":158,"title":"Let's Make Love"},{"genre":"Drama","movieID":159,"title":"Story Written with Water, A (Mizu de kakareta monogatari)"},{"genre":"Animation|Fantasy","movieID":160,"title":"Snow Queen"},{"genre":"Comedy|Musical","movieID":161,"title":"Very Potter Sequel, A"},{"genre":"Drama","movieID":162,"title":"I, the Worst of All (Yo, la peor de todas)"},{"genre":"Comedy|Drama","movieID":163,"title":"Everybody's Fine (Stanno tutti bene)"},{"genre":"Drama|Romance","movieID":164,"title":"Children of Paradise (Les enfants du paradis)"},{"genre":"Action|Crime","movieID":165,"title":"Italian Job, The"},{"genre":"Drama","movieID":166,"title":"Lost Christmas"},{"genre":"Action|Sci-Fi","movieID":167,"title":"Conquest of the Planet of the Apes"},{"genre":"Comedy|Drama","movieID":168,"title":"Idiots, The (Idioterne)"},{"genre":"Horror","movieID":169,"title":"Vampire Lovers, The"},{"genre":"Drama|Thriller","movieID":170,"title":"Derailed"},{"genre":"Documentary","movieID":171,"title":"Benji "},{"genre":"Drama","movieID":172,"title":"This Sporting Life"},{"genre":"Action|Adventure|Fantasy","movieID":173,"title":"Conan the Barbarian"},{"genre":"Thriller","movieID":174,"title":"Escapist, The"},{"genre":"Drama|Fantasy|Romance","movieID":175,"title":"Matter of Life and Death, A (Stairway to Heaven)"},{"genre":"Comedy|Horror","movieID":176,"title":"Frankenhooker"},{"genre":"Drama","movieID":177,"title":"Like It Is"},{"genre":"Action|Adventure","movieID":178,"title":"Good Man in Africa, A"},{"genre":"Documentary","movieID":179,"title":"Recruiter, The"},{"genre":"Drama|Romance","movieID":180,"title":"Days of Being Wild (A Fei jingjyuhn)"},{"genre":"Documentary","movieID":181,"title":"Steam of Life (Miesten vuoro)"},{"genre":"Drama","movieID":182,"title":"On a Clear Day"},{"genre":"Drama","movieID":183,"title":"Ice Castles"},{"genre":"Comedy|Drama","movieID":184,"title":"Biloxi Blues"},{"genre":"Comedy","movieID":185,"title":"Jesus Henry Christ"},{"genre":"Drama","movieID":186,"title":"Bloodbrothers"},{"genre":"Comedy|Mystery","movieID":187,"title":"Manhattan Murder Mystery"},{"genre":"Drama|Thriller","movieID":188,"title":"Blindness"},{"genre":"Crime|Drama|War","movieID":189,"title":"Salvatore Giuliano"},{"genre":"Drama","movieID":190,"title":"Vitus"},{"genre":"Drama|War","movieID":191,"title":"Hangmen Also Die"},{"genre":"Drama","movieID":192,"title":"Zero"},{"genre":"Drama|Thriller","movieID":193,"title":"Cold Light of Day, The"},{"genre":"Action|Adventure|Comedy|Romance","movieID":194,"title":"Jewel of the Nile, The"},{"genre":"Comedy","movieID":195,"title":"Finger, The (Dedo, El)"},{"genre":"Comedy|Drama|Romance","movieID":196,"title":"No Rest for the Brave (Pas de repos pour les braves)"},{"genre":"Crime|Drama","movieID":197,"title":"Bells, The"},{"genre":"Documentary","movieID":198,"title":"Knuckle "},{"genre":"Comedy|Drama|Romance","movieID":199,"title":"Idiot Returns, The (Návrat idiota)"},{"genre":"Action|Comedy","movieID":200,"title":"Drunken Tai Chi (Siu taai gik)"},{"genre":"Adventure|Fantasy","movieID":201,"title":"Inkheart"},{"genre":"Comedy","movieID":202,"title":"Dinner Guest, The (L'invité)"},{"genre":"Drama|Thriller","movieID":203,"title":"Blackwoods"},{"genre":"Horror","movieID":204,"title":"Curse of Frankenstein, The"},{"genre":"Adventure|Comedy|Romance","movieID":205,"title":"Sullivan's Travels"},{"genre":"Fantasy|Horror","movieID":206,"title":"Company of Wolves, The"},{"genre":"Drama","movieID":207,"title":"Hell (L'enfer)"},{"genre":"Drama","movieID":208,"title":"Game of Their Lives, The"},{"genre":"Drama","movieID":209,"title":"One on One"},{"genre":"Comedy|Drama","movieID":210,"title":"Good Luck. And Take Care of Each Other"},{"genre":"Horror|Mystery|Thriller","movieID":211,"title":"People Under the Stairs, The"},{"genre":"Drama","movieID":212,"title":"One Night with the King"},{"genre":"Drama","movieID":213,"title":"Dirties, The"},{"genre":"Adventure|Romance","movieID":214,"title":"Medicine Man"},{"genre":"Action","movieID":215,"title":"Tournament, The"},{"genre":"Action|Comedy|Crime","movieID":216,"title":"Sunburn"},{"genre":"Crime|Drama","movieID":217,"title":"Wild Bill"},{"genre":"Drama|Romance|Thriller","movieID":218,"title":"Far North"},{"genre":"Action|Drama|Thriller|War","movieID":219,"title":"'71"},{"genre":"Mystery|Western","movieID":220,"title":"Five Card Stud (a.k.a. 5 Card Stud)"},{"genre":"Adventure|Comedy","movieID":221,"title":"Mystery on Monster Island"},{"genre":"Comedy","movieID":222,"title":"The Swedish Moment"},{"genre":"Documentary","movieID":223,"title":"Raw Deal: A Question of Consent"},{"genre":"Children|Comedy","movieID":224,"title":"Harriet the Spy"},{"genre":"Drama","movieID":225,"title":"That Day, on the Beach (Hai tan de yi tian)"},{"genre":"Comedy","movieID":226,"title":"How to Be a Player"},{"genre":"War","movieID":227,"title":"Lion of the Desert"},{"genre":"Documentary","movieID":228,"title":"WikiRebels: The Documentary"},{"genre":"Drama","movieID":229,"title":"Shadow of Angels (Schatten der Engel)"},{"genre":"Crime|Romance","movieID":230,"title":"You and Me"},{"genre":"Comedy|Romance","movieID":231,"title":"Sixteen Candles"},{"genre":"Comedy|Western","movieID":232,"title":"The Seven Males"},{"genre":"Drama","movieID":233,"title":"Running on Empty"},{"genre":"Comedy|Romance|Western","movieID":234,"title":"Many Rivers to Cross"},{"genre":"Drama|War","movieID":235,"title":"Red Badge of Courage, The"},{"genre":"Action|Drama|War","movieID":236,"title":"Into the White (Cross of Honour)"},{"genre":"Action|Adventure|Animation|Children|Sci-Fi","movieID":237,"title":"Kaena: The Prophecy (Kaena: La prophétie)"},{"genre":"Comedy|Fantasy|Horror|Sci-Fi|Thriller","movieID":238,"title":"Puppet Master vs. Demonic Toys (Puppet Master 9)"},{"genre":"Drama","movieID":239,"title":"Change of Habit"},{"genre":"Comedy","movieID":240,"title":"That's My Boy"},{"genre":"Action|Drama|Thriller","movieID":241,"title":"Bullies"},{"genre":"Thriller","movieID":242,"title":"Borgman"},{"genre":"Documentary","movieID":243,"title":"Hybrid"},{"genre":"Drama|Horror|Thriller","movieID":244,"title":"Backcountry"},{"genre":"Comedy|Drama","movieID":245,"title":"Some Kind of Hero"},{"genre":"Action|Fantasy|Horror|Thriller","movieID":246,"title":"Day Watch (Dnevnoy dozor)"},{"genre":"Crime|Drama","movieID":247,"title":"Storm Warning"},{"genre":"Documentary","movieID":248,"title":"Filth and the Fury, The"},{"genre":"Sci-Fi|Thriller","movieID":249,"title":"Return, The"},{"genre":"Documentary","movieID":250,"title":"Bobby Fischer Against the World"},{"genre":"Drama|Romance","movieID":251,"title":"Blue Swallow (Cheong yeon)"},{"genre":"Drama|Romance","movieID":252,"title":"Girl with a Pearl Earring"},{"genre":"Action|Adventure|Comedy|Romance","movieID":253,"title":"Three Musketeers, The"},{"genre":"Documentary|War","movieID":254,"title":"The Hornet's Nest"},{"genre":"(no genres listed)","movieID":255,"title":"Glitterbug"},{"genre":"Comedy|Drama|Romance","movieID":256,"title":"Meet Monica Velour"},{"genre":"Thriller","movieID":257,"title":"Aks"},{"genre":"Crime|Drama|Film-Noir|Thriller","movieID":258,"title":"Key Largo"},{"genre":"Action|Adventure|Sci-Fi","movieID":259,"title":"Hulk"},{"genre":"Action|Comedy|Crime","movieID":260,"title":"Cop Out"},{"genre":"Action|Comedy","movieID":261,"title":"Project A ('A' gai waak)"},{"genre":"Action|Drama|Romance","movieID":262,"title":"Bullfighter and the Lady"},{"genre":"Crime|Drama|Romance","movieID":263,"title":"Havoc"},{"genre":"Comedy","movieID":264,"title":"College"},{"genre":"Drama","movieID":265,"title":"Swades: We, the People (Our Country)"},{"genre":"Comedy|Drama|Romance","movieID":266,"title":"Elena and Her Men (Paris Does Strange Things) (Elena et les hommes)"},{"genre":"Comedy|Drama|Romance","movieID":267,"title":"God's Little Acre"},{"genre":"Action|Crime|Thriller","movieID":268,"title":"Hitman"},{"genre":"Drama","movieID":269,"title":"Hangtime - Kein leichtes Spiel"},{"genre":"Drama|Mystery","movieID":270,"title":"Girl with Hyacinths"},{"genre":"Action|Crime|Drama|Thriller","movieID":271,"title":"Memory of a Killer, The (Zaak Alzheimer, De)"},{"genre":"Drama","movieID":272,"title":"Butterfly"},{"genre":"Crime|Drama","movieID":273,"title":"Doorway to Hell, The"},{"genre":"Documentary","movieID":274,"title":"Confessions of a Superhero"},{"genre":"Horror|Thriller","movieID":275,"title":"Black Rock"},{"genre":"Children|Comedy|Drama","movieID":276,"title":"Tru Confessions"},{"genre":"Drama","movieID":277,"title":"Stoplight Society, The (La Sociedad del Semáforo)"},{"genre":"Action|Drama|Thriller","movieID":278,"title":"Wicked Blood"},{"genre":"Drama|War","movieID":279,"title":"Gung Ho! (Gung Ho!: The Story of Carlson's Makin Island Raiders)"},{"genre":"Action|Comedy|Crime|Fantasy|Thriller|IMAX","movieID":280,"title":"Green Hornet, The"},{"genre":"Drama","movieID":281,"title":"Cazuza - O Tempo Não Pára"},{"genre":"Drama","movieID":282,"title":"Pascali's Island"},{"genre":"Drama|Horror","movieID":283,"title":"Dorian Gray"},{"genre":"Comedy|Horror|Romance","movieID":284,"title":"Vampire in Brooklyn"},{"genre":"Drama|War","movieID":285,"title":"World War II: When Lions Roared"},{"genre":"Comedy|Romance","movieID":286,"title":"Date Movie"},{"genre":"Drama|Horror","movieID":287,"title":"Battery, The"},{"genre":"Comedy|Crime|Mystery|Thriller","movieID":288,"title":"Charlie Chan in The Chinese Cat"},{"genre":"Drama|Thriller","movieID":289,"title":"Jill the Ripper (Jill Rips)"},{"genre":"Animation|Comedy","movieID":290,"title":"Seven Brothers (Seitsemän veljestä)"},{"genre":"Drama","movieID":291,"title":"Margaret's Museum"},{"genre":"Documentary","movieID":292,"title":"Somm"},{"genre":"Comedy|Musical","movieID":293,"title":"Thank God It's Friday"},{"genre":"Comedy|Fantasy|Romance|Sci-Fi","movieID":294,"title":"Nutty Professor, The"},{"genre":"Drama|Musical","movieID":295,"title":"Stomp the Yard"},{"genre":"Crime|Drama","movieID":296,"title":"Busting"},{"genre":"Drama","movieID":297,"title":"Freedom"},{"genre":"Horror|Mystery|Sci-Fi|Thriller","movieID":298,"title":"The Whisperer in Darkness"},{"genre":"Drama","movieID":299,"title":"End of Love, The"},{"genre":"Horror|Sci-Fi","movieID":300,"title":"Shadowzone"},{"genre":"Sci-Fi","movieID":301,"title":"Alien from L.A."},{"genre":"Children|Comedy|Fantasy","movieID":302,"title":"Gordy"},{"genre":"Crime|Drama|Thriller","movieID":303,"title":"Poker Club, The"},{"genre":"Action|Adventure","movieID":304,"title":"Back in Business"},{"genre":"Drama","movieID":305,"title":"Susannah of the Mounties"},{"genre":"(no genres listed)","movieID":306,"title":"The Distance"},{"genre":"Musical","movieID":307,"title":"\"Great Performances\" Cats"},{"genre":"Romance|Western","movieID":308,"title":"Long Ride Home, The"},{"genre":"Comedy|Drama|Romance","movieID":309,"title":"Mermaids"},{"genre":"Children|Drama","movieID":310,"title":"Dolphin Tale"},{"genre":"Comedy","movieID":311,"title":"Vice Versa"},{"genre":"Comedy|Drama","movieID":312,"title":"Molly"},{"genre":"Comedy|Drama","movieID":313,"title":"Adam's Apples (Adams æbler)"},{"genre":"Adventure|Animation|Children|Comedy","movieID":314,"title":"Open Season 2"},{"genre":"Drama","movieID":315,"title":"So Evil, So Young"},{"genre":"Drama|Sci-Fi","movieID":316,"title":"Killings at Outpost Zeta, The"},{"genre":"Action|Romance|Western","movieID":317,"title":"Desperado"},{"genre":"Comedy|Drama|Romance","movieID":318,"title":"Raising Helen"},{"genre":"Drama","movieID":319,"title":"Time to Leave"},{"genre":"Adventure|Animation|Drama","movieID":320,"title":"Tokyo Godfathers"},{"genre":"Comedy|Horror|Sci-Fi|Thriller","movieID":321,"title":"Sand Sharks"},{"genre":"Drama","movieID":322,"title":"¡Qué hacer!"},{"genre":"Comedy|Drama","movieID":323,"title":"Vizontele"},{"genre":"Action|Adventure|Drama|War","movieID":324,"title":"Inglorious Bastards (Quel maledetto treno blindato)"},{"genre":"Comedy|Drama","movieID":325,"title":"Hotel Very Welcome"},{"genre":"Crime|Horror|Thriller","movieID":326,"title":"Hostel: Part II"},{"genre":"Romance","movieID":327,"title":"Once Upon a Time (Der var engang)"},{"genre":"Animation|Sci-Fi","movieID":328,"title":"Congress, The"},{"genre":"Horror|Mystery","movieID":329,"title":"Messengers 2: The Scarecrow"},{"genre":"Children|Comedy|Musical","movieID":330,"title":"Muppet Musicians of Bremen, The"},{"genre":"Action|Animation|Comedy","movieID":331,"title":"Killer Bean 2: The Party"},{"genre":"Comedy|Musical","movieID":332,"title":"Panama Hattie"},{"genre":"Drama","movieID":333,"title":"Summer in Berlin (Sommer vorm Balkon)"},{"genre":"Drama","movieID":334,"title":"Kid With a Bike, The (Le gamin au vélo)"},{"genre":"Action|Animation","movieID":335,"title":"G.I. Joe: A Real American Hero (G.I. Joe: The MASS Device)"},{"genre":"Drama","movieID":336,"title":"8 Mile"},{"genre":"Comedy|Sci-Fi","movieID":337,"title":"Space Milkshake"},{"genre":"Drama|Romance","movieID":338,"title":"Yves Saint Laurent"},{"genre":"Comedy|Mystery","movieID":339,"title":"Once Upon a Crime..."},{"genre":"Horror|Thriller","movieID":340,"title":"Eye 2, The (Gin gwai 2)"},{"genre":"Action|Adventure|Drama|Fantasy|Horror|Romance|Sci-Fi","movieID":341,"title":"She"},{"genre":"Crime","movieID":342,"title":"Across 110th Street"},{"genre":"Drama","movieID":343,"title":"Valley of the Dolls"},{"genre":"Drama","movieID":344,"title":"Deep, The (Djúpið)"},{"genre":"Drama","movieID":345,"title":"Dangerous Game"},{"genre":"Adventure|Romance","movieID":346,"title":"Boy on a Dolphin"},{"genre":"Drama","movieID":347,"title":"Spitfire Grill, The"},{"genre":"Documentary","movieID":348,"title":"Armstrong Lie, The"},{"genre":"Comedy","movieID":349,"title":"Impure Thoughts"},{"genre":"Action|Crime|Drama","movieID":350,"title":"Bad Ass"},{"genre":"Drama","movieID":351,"title":"Fitzgerald Family Christmas, The"},{"genre":"Crime|Thriller","movieID":352,"title":"Border Run (Mule, The)"},{"genre":"Drama|War","movieID":353,"title":"Four Sons"},{"genre":"Horror|Sci-Fi","movieID":354,"title":"Parasite"},{"genre":"Drama|Thriller","movieID":355,"title":"Dangerous Method, A"},{"genre":"Drama|Romance","movieID":356,"title":"Voices"},{"genre":"Drama|Film-Noir|Romance","movieID":357,"title":"Woman on the Beach, The"},{"genre":"Drama|Mystery","movieID":358,"title":"The Island"},{"genre":"Drama","movieID":359,"title":"Brave, The"},{"genre":"Documentary","movieID":360,"title":"Magnetic Man, The (Magneettimies)"},{"genre":"Comedy|Drama","movieID":361,"title":"In the Soup"},{"genre":"Drama|Romance","movieID":362,"title":"Jane Austen Book Club, The"},{"genre":"Comedy|Crime","movieID":363,"title":"Great Bank Hoax, The"},{"genre":"Comedy","movieID":364,"title":"Happy End"},{"genre":"Comedy","movieID":365,"title":"Siete minutos (Seven Minutes)"},{"genre":"Comedy|Drama","movieID":366,"title":"I Don't Want to Sleep Alone (Hei yan quan)"},{"genre":"Drama","movieID":367,"title":"Memories of Underdevelopment (Memorias del subdesarrollo)"},{"genre":"Documentary","movieID":368,"title":"Boy Interrupted"},{"genre":"Drama","movieID":369,"title":"Fill the Void (Lemale et ha'halal)"},{"genre":"Drama|Romance","movieID":370,"title":"Jane Eyre"},{"genre":"Comedy","movieID":371,"title":"If a Man Answers"},{"genre":"Comedy|Drama","movieID":372,"title":"Visions of Europe"},{"genre":"Documentary","movieID":373,"title":"Oath, The"},{"genre":"Crime|Drama|Thriller","movieID":374,"title":"Brothers: The Return"},{"genre":"Thriller","movieID":375,"title":"Police Python 357"},{"genre":"Comedy","movieID":376,"title":"Kariera Nikosia Dyzmy"},{"genre":"Crime|Drama","movieID":377,"title":"Good Thief, The"},{"genre":"Horror|Sci-Fi|Thriller","movieID":378,"title":"Hollow Man"},{"genre":"Crime|Drama|Fantasy","movieID":379,"title":"Pitfall (Otoshiana)"},{"genre":"Horror","movieID":380,"title":"Corruption (a.k.a. Carnage)"},{"genre":"Comedy|Musical|Western","movieID":381,"title":"Red Garters"},{"genre":"Musical|Western","movieID":382,"title":"Can't Help Singing"},{"genre":"Drama","movieID":383,"title":"Nobody Wants the Night"},{"genre":"Drama|Romance","movieID":384,"title":"Bounce"},{"genre":"Drama","movieID":385,"title":"Still Life"},{"genre":"Comedy|Crime|Drama","movieID":386,"title":"Drogówka"},{"genre":"Action|Drama|Romance","movieID":387,"title":"First Knight"},{"genre":"Crime|Drama|Thriller","movieID":388,"title":"Karla"},{"genre":"Horror","movieID":389,"title":"Jeepers Creepers"},{"genre":"Drama|Horror|Mystery","movieID":390,"title":"Other, The"},{"genre":"Comedy|Drama|Romance","movieID":391,"title":"Yes Or No"},{"genre":"Comedy|Romance","movieID":392,"title":"Shall We Dance?"},{"genre":"Drama|Thriller","movieID":393,"title":"Cat's Meow, The"},{"genre":"Action|Adventure|Drama","movieID":394,"title":"Back In Action"},{"genre":"Drama|War","movieID":395,"title":"Lancelot of the Lake (Lancelot du Lac)"},{"genre":"Comedy|Musical|Romance","movieID":396,"title":"Presenting Lily Mars"},{"genre":"Comedy|Musical|Romance","movieID":397,"title":"Royal Wedding"},{"genre":"Action|Fantasy","movieID":398,"title":"BloodRayne"},{"genre":"Documentary|Drama","movieID":399,"title":"Marihuana"},{"genre":"Comedy|Crime|Romance","movieID":400,"title":"Cure for Love, A (Lekarstwo na milosc)"},{"genre":"Comedy|Romance","movieID":401,"title":"Expecting Love (Mala wielka milosc)"},{"genre":"Action|Adventure|Comedy","movieID":402,"title":"Armour of God (Long xiong hu di)"},{"genre":"Drama|Romance","movieID":403,"title":"Vanity Fair"},{"genre":"Action|Adventure|Animation","movieID":404,"title":"Dragon Ball Z: Bio-Broly (Doragon bôru Z 11: Sûpâ senshi gekiha! Katsu no wa ore da)"},{"genre":"Crime|Drama|Film-Noir|Thriller","movieID":405,"title":"Hickey and Boggs"},{"genre":"(no genres listed)","movieID":406,"title":"The Shoe"},{"genre":"Action|Adventure|Fantasy|Sci-Fi","movieID":407,"title":"Trip to the Moon, A (Voyage dans la lune, Le)"},{"genre":"Documentary","movieID":408,"title":"For the Love of Movies"},{"genre":"Drama|Romance","movieID":409,"title":"Dog Tags"},{"genre":"Crime|Drama|Thriller","movieID":410,"title":"The Gambler"},{"genre":"Crime|Drama|Mystery|Thriller","movieID":411,"title":"After Alice (Eye of the Killer)"},{"genre":"Drama","movieID":412,"title":"Stalin"},{"genre":"Comedy","movieID":413,"title":"Lollilove"},{"genre":"Drama|Romance","movieID":414,"title":"Hoosiers (a.k.a. Best Shot)"},{"genre":"Drama|Romance","movieID":415,"title":"Makioka Sisters, The (Sasame-yuki)"},{"genre":"Crime|Drama|Romance","movieID":416,"title":"Death in Buenos Aires (Muerte en Buenos Aires)"},{"genre":"Drama|Romance","movieID":417,"title":"Our Daily Bread"},{"genre":"Drama","movieID":418,"title":"Black Butterflies"},{"genre":"Drama","movieID":419,"title":"Tales of Ordinary Madness (Storie di Ordinaria Follia)"},{"genre":"Horror|Mystery|Thriller","movieID":420,"title":"Rose Red"},{"genre":"Horror|Mystery|Sci-Fi|Thriller","movieID":421,"title":"The Whisperer in Darkness"},{"genre":"Comedy","movieID":422,"title":"Den enskilde medborgaren"},{"genre":"Thriller","movieID":423,"title":"Messenger of Death"},{"genre":"Documentary","movieID":424,"title":"Holy Wars"},{"genre":"Documentary","movieID":425,"title":"La Rabbia"},{"genre":"Drama","movieID":426,"title":"Daughter of the Nile (Ni luo he nu er)"},{"genre":"Horror|Mystery|Thriller","movieID":427,"title":"Breathing Room"},{"genre":"Drama|Musical|Romance","movieID":428,"title":"Goodbye, Mr. Chips"},{"genre":"Comedy","movieID":429,"title":"Wirey Spindell"},{"genre":"Drama","movieID":430,"title":"Elles"},{"genre":"Action|Drama|Sci-Fi|Thriller","movieID":431,"title":"Star Trek: Nemesis"},{"genre":"Drama|Film-Noir|Romance","movieID":432,"title":"Woman on the Beach, The"},{"genre":"Action|Drama","movieID":433,"title":"True Legend (Su Qi-Er)"},{"genre":"Drama","movieID":434,"title":"Jamaica Inn"},{"genre":"Action","movieID":435,"title":"First Target"},{"genre":"Comedy","movieID":436,"title":"Boeing, Boeing"},{"genre":"Horror","movieID":437,"title":"The Oblong Box"},{"genre":"Comedy|Horror","movieID":438,"title":"Sleeping Car, The"},{"genre":"Drama","movieID":439,"title":"Go Now"},{"genre":"Drama","movieID":440,"title":"Morgen"},{"genre":"Action|Adventure|Drama","movieID":441,"title":"Scott of the Antarctic"},{"genre":"Comedy|Romance","movieID":442,"title":"Vicky Donor"},{"genre":"Documentary","movieID":443,"title":"Vinyl"},{"genre":"Horror|Mystery|Thriller","movieID":444,"title":"Strange Circus (Kimyô na sâkasu)"},{"genre":"Horror","movieID":445,"title":"Greystone Park"},{"genre":"Adventure|Comedy|Horror|Romance","movieID":446,"title":"Dr. Phibes Rises Again"},{"genre":"Drama|Romance","movieID":447,"title":"Quiet Man, The"},{"genre":"Documentary","movieID":448,"title":"My First War"},{"genre":"Drama|Romance","movieID":449,"title":"Vivere"},{"genre":"Documentary","movieID":450,"title":"Cheshire Murders, The"},{"genre":"Drama|Romance","movieID":451,"title":"All Mine to Give"},{"genre":"Musical|Romance|Western","movieID":452,"title":"Girl of the Golden West"},{"genre":"Children|Comedy","movieID":453,"title":"I, Cesar (Moi César, 10 ans 1/2, 1m39)"},{"genre":"Crime|Drama|Thriller","movieID":454,"title":"Three Way"},{"genre":"Documentary","movieID":455,"title":"Man of Aran"},{"genre":"Drama","movieID":456,"title":"Childhood of Maxim Gorky, The (Detstvo Gorkogo)"},{"genre":"Drama","movieID":457,"title":"Mondays in the Sun (Lunes al sol, Los)"},{"genre":"Drama","movieID":458,"title":"Burnt by the Sun (Utomlyonnye solntsem)"},{"genre":"Adventure|Children|Fantasy|Western","movieID":459,"title":"Tall Tale"},{"genre":"Drama","movieID":460,"title":"Man There Was, A (Terje Vigen)"},{"genre":"Comedy|Crime|Drama|Romance","movieID":461,"title":"Green Butchers, The (Grønne slagtere, De)"},{"genre":"Fantasy|Horror|Thriller","movieID":462,"title":"Silent Hill"},{"genre":"Drama|Romance","movieID":463,"title":"Star for Two, A"},{"genre":"Comedy|Romance","movieID":464,"title":"Millionaire for Christy, A (Golden Goose) (No Room for the Groom)"},{"genre":"Action|Drama","movieID":465,"title":"Breed Apart, A"},{"genre":"Comedy|Drama","movieID":466,"title":"Intervista"},{"genre":"Comedy|Sci-Fi","movieID":467,"title":"Heartbeeps"},{"genre":"Drama","movieID":468,"title":"Pastoral Hide and Seek (Den-en ni shisu)"},{"genre":"Drama","movieID":469,"title":"From the Clouds to the Resistance (Dalla nube alla resistenza)"},{"genre":"Documentary","movieID":470,"title":"Double Dare"},{"genre":"Action|Horror|Thriller","movieID":471,"title":"Mulberry Street"},{"genre":"Horror|Mystery|Thriller","movieID":472,"title":"Ringu (Ring)"},{"genre":"Drama|Thriller","movieID":473,"title":"Beautiful"},{"genre":"Comedy|Horror|Sci-Fi","movieID":474,"title":"Top of the Food Chain (a.k.a. Invasion!)"},{"genre":"Documentary","movieID":475,"title":"Shanghai Ghetto"},{"genre":"Drama|Romance","movieID":476,"title":"Day He Arrives, The (Book chon bang hyang)"},{"genre":"Action|War","movieID":477,"title":"Dirty Dozen: Next Mission, The"},{"genre":"Drama|War","movieID":478,"title":"Hell to Eternity"},{"genre":"Drama|Romance","movieID":479,"title":"Pola X"},{"genre":"Drama","movieID":480,"title":"In Praise of Love (Éloge de l'amour)"},{"genre":"Drama","movieID":481,"title":"British Intelligence"},{"genre":"Comedy","movieID":482,"title":"AmeriQua"},{"genre":"Action|Adventure","movieID":483,"title":"Three Musketeers, The"},{"genre":"Drama|Fantasy|Mystery|Romance","movieID":484,"title":"Portrait of Jennie"},{"genre":"Drama","movieID":485,"title":"Month in the Country, A"},{"genre":"Action|Thriller","movieID":486,"title":"Daylight (Daglicht)"},{"genre":"Drama|Romance","movieID":487,"title":"Divorcee, The"},{"genre":"Comedy|Drama","movieID":488,"title":"Toughest Man in the World, The"},{"genre":"Children|Comedy","movieID":489,"title":"Mystery, Alaska"},{"genre":"Comedy|Drama|Fantasy|Musical","movieID":490,"title":"O Lucky Man!"},{"genre":"Action|Adventure|Animation|Comedy|Thriller","movieID":491,"title":"Teenage Mutant Ninja Turtles: Turtles Forever"},{"genre":"Drama","movieID":492,"title":"Don't Move (Non ti muovere)"},{"genre":"Crime|Drama|Romance","movieID":493,"title":"Petrified Forest, The"},{"genre":"Action|Adventure|Crime|Thriller","movieID":494,"title":"Hobo with a Shotgun"},{"genre":"Comedy|Drama|Romance","movieID":495,"title":"Wedding Banquet, The (Xi yan)"},{"genre":"Documentary|Drama","movieID":496,"title":"Is It Easy to be Young?"},{"genre":"Western","movieID":497,"title":"Return of Django (Son of Django) (Figlio di Django, Il)"},{"genre":"Comedy|Documentary","movieID":498,"title":"Exit Through the Gift Shop"},{"genre":"Documentary","movieID":499,"title":"Such Hawks Such Hounds"},{"genre":"Adventure","movieID":500,"title":"The Corsican Brothers"},{"genre":"Drama|War","movieID":501,"title":"Poll Diaries, The (Poll)"},{"genre":"Documentary","movieID":502,"title":"Erasing David"},{"genre":"Adventure|Comedy","movieID":503,"title":"Dumb & Dumber (Dumb and Dumber)"},{"genre":"Drama|Romance","movieID":504,"title":"Three Degrees Colder (3° kälter)"},{"genre":"Action|Crime|Drama|Romance|Thriller","movieID":505,"title":"Burnt Money (Plata Quemada)"},{"genre":"Drama|Thriller","movieID":506,"title":"Devil's Pond"},{"genre":"Comedy|Drama","movieID":507,"title":"August: Osage County"},{"genre":"Drama|Thriller","movieID":508,"title":"Coriolanus"},{"genre":"Drama|Romance","movieID":509,"title":"Honey"},{"genre":"Thriller","movieID":510,"title":"I as in Icarus (I... comme Icare)"},{"genre":"Drama","movieID":511,"title":"Sybil"},{"genre":"Comedy|Crime|Drama|Thriller","movieID":512,"title":"Body Count"},{"genre":"Drama|Romance","movieID":513,"title":"Mother Carey's Chickens"},{"genre":"Drama","movieID":514,"title":"Street Without End (Kagirinaki hodo)"},{"genre":"Thriller","movieID":515,"title":"Red Rock West"},{"genre":"Western","movieID":516,"title":"Hombre"},{"genre":"Comedy|Romance","movieID":517,"title":"Buying the Cow"},{"genre":"Action|Comedy|Sci-Fi|IMAX","movieID":518,"title":"Men in Black III (M.III.B.) (M.I.B.³)"},{"genre":"Action|Adventure","movieID":519,"title":"The Hunchback of Paris"},{"genre":"Adventure|Children|Comedy|Fantasy|Romance","movieID":520,"title":"Kid in King Arthur's Court, A"},{"genre":"Comedy|Drama","movieID":521,"title":"Schultze Gets the Blues"},{"genre":"Drama|Horror|Thriller","movieID":522,"title":"House"},{"genre":"Comedy","movieID":523,"title":"Bustin' Loose"},{"genre":"Drama","movieID":524,"title":"Fate Is the Hunter"},{"genre":"Drama|Mystery|Thriller","movieID":525,"title":"Cold Trail (Köld slóð)"},{"genre":"Drama","movieID":526,"title":"Eden"},{"genre":"Crime|Drama|Mystery","movieID":527,"title":"The Missing"},{"genre":"Drama","movieID":528,"title":"Miss Julie"},{"genre":"Animation|Children|Fantasy|Musical","movieID":529,"title":"Pinocchio"},{"genre":"Drama","movieID":530,"title":"Umberto D."},{"genre":"Drama|War","movieID":531,"title":"War Witch (Rebelle)"},{"genre":"Drama","movieID":532,"title":"Salo, or The 120 Days of Sodom (Salò o le 120 giornate di Sodoma)"},{"genre":"Drama","movieID":533,"title":"Quinceañera"},{"genre":"Documentary|Musical","movieID":534,"title":"Cosmic Psychos: Blokes You Can Trust"},{"genre":"Action","movieID":535,"title":"Tournament, The"},{"genre":"Drama","movieID":536,"title":"Sunshine"},{"genre":"Crime|Drama|Thriller","movieID":537,"title":"Karla"},{"genre":"Drama","movieID":538,"title":"The Horseplayer"},{"genre":"Western","movieID":539,"title":"Desert Trail, The"},{"genre":"Adventure|Sci-Fi|Thriller","movieID":540,"title":"The Hunger Games: Mockingjay - Part 1"},{"genre":"Comedy|Drama","movieID":541,"title":"Bonneville"},{"genre":"Documentary|Musical","movieID":542,"title":"Punk in London"},{"genre":"Action|Adventure|Comedy|Sci-Fi","movieID":543,"title":"Land of the Lost"},{"genre":"Adventure|Drama","movieID":544,"title":"1492: Conquest of Paradise"},{"genre":"Animation|Children|Comedy","movieID":545,"title":"Animals United"},{"genre":"Comedy","movieID":546,"title":"Associate, The"},{"genre":"Animation|Children|Comedy","movieID":547,"title":"Kung Fu Panda Holiday Special"},{"genre":"Comedy|Romance","movieID":548,"title":"Bed & Breakfast: Love is a Happy Accident (Bed & Breakfast)"},{"genre":"Comedy","movieID":549,"title":"Siegfried"},{"genre":"Action|Adventure|Comedy|Fantasy|Horror|Thriller","movieID":550,"title":"Mummy, The"},{"genre":"Documentary","movieID":551,"title":"Harvard Beats Yale 29-29"},{"genre":"Comedy","movieID":552,"title":"Flight of the Conchords: A Texan Odyssey"},{"genre":"Drama","movieID":553,"title":"Plenty"},{"genre":"Comedy","movieID":554,"title":"Diminished Capacity"},{"genre":"(no genres listed)","movieID":555,"title":"Slumber Party '57"},{"genre":"Comedy|Horror","movieID":556,"title":"WNUF Halloween Special"},{"genre":"Comedy|Fantasy","movieID":557,"title":"High Test Girls"},{"genre":"Horror","movieID":558,"title":"Survival of the Dead"},{"genre":"Action|Adventure|Sci-Fi|Thriller","movieID":559,"title":"Escape from L.A."},{"genre":"Comedy","movieID":560,"title":"Christmas Party, The (Joulubileet)"},{"genre":"Sci-Fi","movieID":561,"title":"Things to Come"},{"genre":"Drama","movieID":562,"title":"SherryBaby"},{"genre":"Crime|Film-Noir|Thriller","movieID":563,"title":"Night Court"},{"genre":"Drama|Musical","movieID":564,"title":"Million Dollar Mermaid"},{"genre":"Action|Drama","movieID":565,"title":"Mixed Blood"},{"genre":"Documentary","movieID":566,"title":"Lunch Break"},{"genre":"Drama|Romance","movieID":567,"title":"Weary River"},{"genre":"Comedy|Horror","movieID":568,"title":"Transylvania 6-5000"},{"genre":"Documentary","movieID":569,"title":"King Leopold's Ghost"},{"genre":"Comedy|Drama|Fantasy","movieID":570,"title":"Being John Malkovich"},{"genre":"Horror|Thriller","movieID":571,"title":"Dementia 13"},{"genre":"Documentary","movieID":572,"title":"Boogie Man: The Lee Atwater Story"},{"genre":"Drama","movieID":573,"title":"Pointe-Courte, La"},{"genre":"Crime|Drama|Film-Noir|Thriller","movieID":574,"title":"High Sierra"},{"genre":"Comedy","movieID":575,"title":"Delicate Art of Parking, The"},{"genre":"Drama|Film-Noir|Romance","movieID":576,"title":"Champion"},{"genre":"Comedy|Crime|Drama|Mystery","movieID":577,"title":"The Case of the Curious Bride"},{"genre":"Comedy|Drama","movieID":578,"title":"Perfect Family, The"},{"genre":"Drama|Romance|War","movieID":579,"title":"Pornography (Pornografia)"},{"genre":"Comedy","movieID":580,"title":"All in a Night's Work"},{"genre":"Action|Crime|Thriller","movieID":581,"title":"Judgment Night"},{"genre":"Mystery|Thriller","movieID":582,"title":"Bat, The"},{"genre":"Drama|Romance","movieID":583,"title":"Lady Chatterley's Lover"},{"genre":"Drama|War","movieID":584,"title":"As Far As My Feet Will Carry Me (So weit die Füße tragen)"},{"genre":"Comedy|Drama|Mystery","movieID":585,"title":"Frank"},{"genre":"Drama|Sci-Fi","movieID":586,"title":"Enigma"},{"genre":"Action|Comedy","movieID":587,"title":"Easy Wheels"},{"genre":"Comedy|Horror|Mystery","movieID":588,"title":"One Body Too Many"},{"genre":"Documentary","movieID":589,"title":"Vito"},{"genre":"Documentary","movieID":590,"title":"My Brother the Terrorist"},{"genre":"Crime|Drama|Romance","movieID":591,"title":"Brazilian Western (Faroeste Caboclo)"},{"genre":"Comedy|Musical","movieID":592,"title":"Happiest Millionaire, The"},{"genre":"Comedy|Drama","movieID":593,"title":"Change of Plans (Le code a changé)"},{"genre":"Drama","movieID":594,"title":"Written on the Wind"},{"genre":"Drama|Romance","movieID":595,"title":"Revolutionary Road"},{"genre":"Drama","movieID":596,"title":"Three Comrades"},{"genre":"Comedy","movieID":597,"title":"Bridesmaids"},{"genre":"Documentary","movieID":598,"title":"Sound City"},{"genre":"Comedy","movieID":599,"title":"Morsian yllättää"},{"genre":"Horror","movieID":600,"title":"13/13/13"},{"genre":"Documentary","movieID":601,"title":"Midnight Movies: From the Margin to the Mainstream"},{"genre":"Crime|Drama|Mystery","movieID":602,"title":"Suspect X (Yôgisha X no kenshin)"},{"genre":"Documentary","movieID":603,"title":"Four Seasons (Seasons, The) (Vremena goda)"},{"genre":"Crime|Drama|Mystery|Thriller","movieID":604,"title":"Interview, The"},{"genre":"Crime|Drama","movieID":605,"title":"Night of the Following Day, The"},{"genre":"Comedy|Drama","movieID":606,"title":"Lightnin'"},{"genre":"Comedy|Drama|Romance","movieID":607,"title":"Secretary"},{"genre":"Horror","movieID":608,"title":"Anatomy (Anatomie)"},{"genre":"Drama|Mystery","movieID":609,"title":"In the Heat of the Night"},{"genre":"Crime|Mystery","movieID":610,"title":"Appointment with Death"},{"genre":"Children|Drama","movieID":611,"title":"Kim"},{"genre":"Drama|Fantasy|Romance","movieID":612,"title":"Beastly"},{"genre":"Drama|Fantasy|Musical","movieID":613,"title":"Scrooge"},{"genre":"Comedy","movieID":614,"title":"Craig Ferguson: A Wee Bit o' Revolution"},{"genre":"Horror","movieID":615,"title":"Texas Chainsaw Massacre 2, The"},{"genre":"Thriller","movieID":616,"title":"Borgman"},{"genre":"Drama|Romance","movieID":617,"title":"Sound and the Fury, The"},{"genre":"Horror","movieID":618,"title":"Chillers"},{"genre":"Drama","movieID":619,"title":"Cold Weather"},{"genre":"Documentary","movieID":620,"title":"Human Experience, The"},{"genre":"Action|Crime|Drama","movieID":621,"title":"New Jack City"},{"genre":"Comedy|Drama|Fantasy","movieID":622,"title":"Odd Life of Timothy Green, The"},{"genre":"Comedy|Romance","movieID":623,"title":"When Harry Met Sally..."},{"genre":"Drama","movieID":624,"title":"We and the I, The"},{"genre":"Comedy|Musical","movieID":625,"title":"West Point Story, The"},{"genre":"Drama|Romance","movieID":626,"title":"Sea Gull, The"},{"genre":"Action|Adventure|War","movieID":627,"title":"Navy Seals"},{"genre":"Crime|Drama","movieID":628,"title":"Someone Like You (Unnaipol Oruvan)"},{"genre":"Drama|Thriller","movieID":629,"title":"Bottom of the Sea, The (El fondo del mar)"},{"genre":"Animation","movieID":630,"title":"Bleach: Fade to Black (Bur&#299;chi Fade to Black Kimi no Na o Yobu)"},{"genre":"Drama|Romance","movieID":631,"title":"Save the Last Dance 2"},{"genre":"Horror|Thriller","movieID":632,"title":"Incubus, The"},{"genre":"Children|Comedy","movieID":633,"title":"Home Alone 3"},{"genre":"Comedy|Crime","movieID":634,"title":"Seven Psychopaths"},{"genre":"Comedy|Drama","movieID":635,"title":"Little Nicholas (Le petit Nicolas)"},{"genre":"Documentary","movieID":636,"title":"Silent World, The (Le monde du silence)"},{"genre":"Drama","movieID":637,"title":"Putty Hill"},{"genre":"Action|Adventure|Animation|Children|Comedy","movieID":638,"title":"Bolt"},{"genre":"Thriller","movieID":639,"title":"Canyon, The"},{"genre":"Adventure|Children|Comedy|Fantasy","movieID":640,"title":"Shaggy Dog, The"},{"genre":"Drama|Thriller","movieID":641,"title":"Zandalee"},{"genre":"Comedy","movieID":642,"title":"Konopielka"},{"genre":"Drama","movieID":643,"title":"Babbitt"},{"genre":"Drama","movieID":644,"title":"Shop on Main Street, The (Obchod na korze)"},{"genre":"Drama|Mystery|Thriller","movieID":645,"title":"Kissed by Winter (Vinterkyss)"},{"genre":"Comedy|Drama","movieID":646,"title":"Deconstructing Harry"},{"genre":"Comedy|Crime|Romance","movieID":647,"title":"Gigli"},{"genre":"Romance","movieID":648,"title":"Hugo Pool"},{"genre":"Crime|Drama","movieID":649,"title":"Child I Never Was, The (Leben lang kurze Hosen Tragen, Ein)"},{"genre":"Children|Comedy|Sci-Fi","movieID":650,"title":"Honey, I Blew Up the Kid"},{"genre":"Drama","movieID":651,"title":"Music of Chance, The"},{"genre":"Action","movieID":652,"title":"T.N.T."},{"genre":"Comedy","movieID":653,"title":"Special Correspondents (Envoyés très spéciaux)"},{"genre":"Documentary","movieID":654,"title":"Sing Your Song"},{"genre":"Drama","movieID":655,"title":"Clown and the Kid, The"},{"genre":"Documentary","movieID":656,"title":"Great Communist Bank Robbery (Marele jaf comunist)"},{"genre":"Comedy|Sci-Fi","movieID":657,"title":"Repo Man"},{"genre":"Adventure|Comedy|Sci-Fi","movieID":658,"title":"Hitch Hikers Guide to the Galaxy, The"},{"genre":"Comedy|Romance|Thriller","movieID":659,"title":"Secret Life of Walter Mitty, The"},{"genre":"Drama","movieID":660,"title":"That Was Then... This Is Now"},{"genre":"Action|Comedy|Crime","movieID":661,"title":"V2: Dead Angel (Vares 2 - Jäätynyt Enkeli)"},{"genre":"Animation|Sci-Fi|IMAX","movieID":662,"title":"Monsters vs. Aliens"},{"genre":"Drama","movieID":663,"title":"Slaves of New York"},{"genre":"Horror","movieID":664,"title":"Laid To Rest"},{"genre":"Documentary","movieID":665,"title":"DiG!"},{"genre":"Drama|Horror","movieID":666,"title":"Cronos"},{"genre":"Thriller","movieID":667,"title":"Il fiore dai petali d'acciaio"},{"genre":"Crime|Mystery","movieID":668,"title":"Death on the Nile"},{"genre":"Action|Crime|Thriller","movieID":669,"title":"Restless (Uro)"},{"genre":"Drama","movieID":670,"title":"Ordinary People"},{"genre":"Action|Drama","movieID":671,"title":"Mixed Blood"},{"genre":"Drama","movieID":672,"title":"A Night for Dying Tigers"},{"genre":"Adventure|Comedy|Sci-Fi","movieID":673,"title":"Bill & Ted's Excellent Adventure"},{"genre":"War","movieID":674,"title":"Ghetto (Vilniaus Getas)"},{"genre":"Documentary","movieID":675,"title":"Captain Mike Across America (Slacker Uprising)"},{"genre":"Comedy|Crime","movieID":676,"title":"Duplex"},{"genre":"Action|Adventure|Drama|War","movieID":677,"title":"1911 (Xinhai geming)"},{"genre":"Drama","movieID":678,"title":"Yi Yi"},{"genre":"Drama","movieID":679,"title":"Above Us Only Sky"},{"genre":"Action|Drama|Sci-Fi|Thriller","movieID":680,"title":"Core, The"},{"genre":"Action|Comedy|Crime","movieID":681,"title":"White Chicks"},{"genre":"Drama","movieID":682,"title":"Beginners"},{"genre":"(no genres listed)","movieID":683,"title":"The Private Life of a Cat"},{"genre":"Crime|Mystery|Thriller","movieID":684,"title":"Mirror Crack'd, The"},{"genre":"Drama","movieID":685,"title":"Stolen Life, A"},{"genre":"Horror|Mystery|Thriller","movieID":686,"title":"Unborn, The"},{"genre":"Action|Adventure|Sci-Fi","movieID":687,"title":"Mad Max Beyond Thunderdome"},{"genre":"Drama|Musical","movieID":688,"title":"Cadillac Records"},{"genre":"Comedy","movieID":689,"title":"Trainer on the Beach 2"},{"genre":"Action|Crime|Thriller","movieID":690,"title":"Un Poliziotto Scomodo"},{"genre":"Drama","movieID":691,"title":"Margaret's Museum"},{"genre":"Documentary","movieID":692,"title":"Sins of My Father"},{"genre":"Comedy|Drama|Romance","movieID":693,"title":"Desperately Seeking Susan"},{"genre":"Comedy|Horror","movieID":694,"title":"Elvira, Mistress of the Dark"},{"genre":"Animation|Children|Fantasy","movieID":695,"title":"Hobbit, The"},{"genre":"Comedy|Drama|Romance","movieID":696,"title":"Garbage Prince"},{"genre":"Drama","movieID":697,"title":"Mala Noche"},{"genre":"Drama","movieID":698,"title":"Traveler, The (Mossafer)"},{"genre":"Drama","movieID":699,"title":"Shine of Rainbows, A"},{"genre":"Drama","movieID":700,"title":"Cotton Mary"},{"genre":"Drama","movieID":701,"title":"Autumn Sonata (Höstsonaten)"},{"genre":"Comedy","movieID":702,"title":"Farsan"},{"genre":"Drama|War","movieID":703,"title":"Mysterious X, The (Sealed Orders) (Det hemmelighedsfulde X)"},{"genre":"Drama","movieID":704,"title":"Doctor, The"},{"genre":"Documentary","movieID":705,"title":"Being Elmo: A Puppeteer's Journey"},{"genre":"Documentary","movieID":706,"title":"GLOW: The Story of the Gorgeous Ladies of Wrestling"},{"genre":"Drama","movieID":707,"title":"I Am Taraneh, I Am Fifteen Years Old (Man, taraneh, panzdah sal daram)"},{"genre":"Drama","movieID":708,"title":"Black Balloon, The"},{"genre":"Comedy","movieID":709,"title":"Nadine"},{"genre":"Crime|Drama|Thriller","movieID":710,"title":"Best of Times, The (Mei li shi guang)"},{"genre":"Comedy|Romance","movieID":711,"title":"Finding Bliss"},{"genre":"Adventure|Drama","movieID":712,"title":"High Wind in Jamaica, A"},{"genre":"Comedy|Romance","movieID":713,"title":"Manual of Love 2 (Manuale d'amore (capitoli successivi))"},{"genre":"Drama|Romance","movieID":714,"title":"Paris, Texas"},{"genre":"Action","movieID":715,"title":"American Ninja 4: The Annihilation"},{"genre":"Drama","movieID":716,"title":"Home of Dark Butterflies, The (Tummien perhosten koti)"},{"genre":"Drama","movieID":717,"title":"Private Romeo"},{"genre":"Crime|Drama|Thriller","movieID":718,"title":"Just Another Love Story (Kærlighed på film)"},{"genre":"Documentary","movieID":719,"title":"The Disappeared"},{"genre":"Horror|Thriller","movieID":720,"title":"Elfie Hopkins: Cannibal Hunter"},{"genre":"Comedy|Drama|Romance","movieID":721,"title":"Importance of Being Earnest, The"},{"genre":"Documentary","movieID":722,"title":"Silent World, The (Le monde du silence)"},{"genre":"Crime|Drama|Romance","movieID":723,"title":"Gretchen the Greenhorn"},{"genre":"Drama","movieID":724,"title":"Melbourne"},{"genre":"Documentary","movieID":725,"title":"Shock Doctrine, The"},{"genre":"Documentary","movieID":726,"title":"Human Behavior Experiments, The"},{"genre":"Documentary|Musical","movieID":727,"title":"Stones in Exile"},{"genre":"Action|Drama","movieID":728,"title":"Billy Jack"},{"genre":"Children|Comedy","movieID":729,"title":"Down and Derby"},{"genre":"Drama","movieID":730,"title":"Callejón de los milagros, El"},{"genre":"Horror|Thriller","movieID":731,"title":"New Daughter, The"},{"genre":"Children|Musical|Romance","movieID":732,"title":"Curly Top"},{"genre":"Comedy|Drama","movieID":733,"title":"Pleasures of the Flesh (Etsuraku)"},{"genre":"Crime|Drama|Horror","movieID":734,"title":"Guilty of Romance (Koi no tsumi) "},{"genre":"Comedy|Drama","movieID":735,"title":"Solitary Man"},{"genre":"Action|Adventure|Sci-Fi","movieID":736,"title":"Rocketeer, The"},{"genre":"Drama","movieID":737,"title":"Lawn Dogs"},{"genre":"Drama|Romance","movieID":738,"title":"Carrie"},{"genre":"Comedy|Drama","movieID":739,"title":"Only When I Laugh"},{"genre":"Sci-Fi","movieID":740,"title":"Earth vs. the Flying Saucers"},{"genre":"Comedy","movieID":741,"title":"Fatal Instinct"},{"genre":"Documentary","movieID":742,"title":"Better Living Through Circuitry"},{"genre":"Documentary","movieID":743,"title":"Punk's Not Dead"},{"genre":"Drama|Romance","movieID":744,"title":"Playboys, The"},{"genre":"Adventure|Animation|Children|Comedy|Fantasy","movieID":745,"title":"Asterix and the Vikings (Astérix et les Vikings)"},{"genre":"Action|Crime|Drama","movieID":746,"title":"Rich and Famous (Gong woo ching)"},{"genre":"Action|Adventure|Fantasy","movieID":747,"title":"7th Voyage of Sinbad, The"},{"genre":"Horror|Sci-Fi","movieID":748,"title":"Invisible Man, The"},{"genre":"Children","movieID":749,"title":"Quatsch und die Nasenbärbande"},{"genre":"Crime|Thriller","movieID":750,"title":"John Doe: Vigilante"},{"genre":"Animation","movieID":751,"title":"Merry Madagascar"},{"genre":"Drama","movieID":752,"title":"Beast at Bay, A"},{"genre":"Drama","movieID":753,"title":"Rendez-vous"},{"genre":"Drama|Thriller","movieID":754,"title":"Fail Safe"},{"genre":"Drama|Romance","movieID":755,"title":"Employees' Entrance"},{"genre":"Drama","movieID":756,"title":"Against the Current"},{"genre":"Horror|Thriller","movieID":757,"title":"They"},{"genre":"Drama|Musical|Romance","movieID":758,"title":"Moulin Rouge"},{"genre":"Drama","movieID":759,"title":"Last Letter, The (La dernière lettre)"},{"genre":"Drama|Romance|War","movieID":760,"title":"Shopworn Angel, The"},{"genre":"Drama","movieID":761,"title":"Sugar Cane Alley (Rue cases nègres)"},{"genre":"Drama","movieID":762,"title":"Jim Thorpe -- All-American"},{"genre":"Comedy","movieID":763,"title":"Mistress"},{"genre":"Comedy|Drama","movieID":764,"title":"Lucky Numbers"},{"genre":"Adventure|Sci-Fi","movieID":765,"title":"Land That Time Forgot, The"},{"genre":"Comedy|Sci-Fi","movieID":766,"title":"Way... Way Out"},{"genre":"Comedy|Horror|Sci-Fi","movieID":767,"title":"Critters 4"},{"genre":"Drama","movieID":768,"title":"Chariots of Fire"},{"genre":"Drama","movieID":769,"title":"Small Town, The (a.k.a. The Town) (Kasaba)"},{"genre":"Drama|Horror","movieID":770,"title":"London After Midnight"},{"genre":"Drama","movieID":771,"title":"Everybody's Got Somebody... Not Me"},{"genre":"Comedy","movieID":772,"title":"Vice Versa"},{"genre":"Action|Adventure|Comedy|Sci-Fi","movieID":773,"title":"Space Cowboys"},{"genre":"Horror","movieID":774,"title":"The Face of Marble"},{"genre":"Documentary","movieID":775,"title":"Citizen Koch"},{"genre":"Children|Drama|Sci-Fi","movieID":776,"title":"Advantageous"},{"genre":"Comedy","movieID":777,"title":"Ernest Scared Stupid"},{"genre":"Drama","movieID":778,"title":"Al otro lado"},{"genre":"Western","movieID":779,"title":"Cowboy"},{"genre":"Children|Horror","movieID":780,"title":"The Boy Who Cried Werewolf"},{"genre":"Comedy|Drama","movieID":781,"title":"Last Call, The (Tercera Llamada)"},{"genre":"Children|Comedy|Drama","movieID":782,"title":"Feast at Midnight, A"},{"genre":"Comedy","movieID":783,"title":"Pootie Tang"},{"genre":"Drama","movieID":784,"title":"Riding Alone for Thousands of Miles (Qian li zou dan qi)"},{"genre":"Comedy|Drama|Romance","movieID":785,"title":"In Therapy (Divã)"},{"genre":"Comedy|Drama|Romance","movieID":786,"title":"King of Comedy (Hei kek ji wong)"},{"genre":"Action|Comedy|Fantasy","movieID":787,"title":"Vampire Academy"},{"genre":"Drama|Thriller","movieID":788,"title":"Life Before Her Eyes, The"},{"genre":"Comedy|Drama","movieID":789,"title":"Volver"},{"genre":"Comedy|Drama|Romance|Western","movieID":790,"title":"Cowboy and the Lady, The"},{"genre":"Comedy","movieID":791,"title":"Babysitting"},{"genre":"Comedy|Fantasy|Horror","movieID":792,"title":"Demonic Toys"},{"genre":"Comedy|Drama|Romance","movieID":793,"title":"Italian for Beginners (Italiensk for begyndere)"},{"genre":"Drama|Romance","movieID":794,"title":"Bird of the Air, A (Loop, The)"},{"genre":"Comedy|Romance","movieID":795,"title":"Arthur 2: On the Rocks"},{"genre":"Action|Crime|Mystery|Sci-Fi|Thriller","movieID":796,"title":"Ticking Clock"},{"genre":"Action|Drama|War","movieID":797,"title":"Battle of the Warriors"},{"genre":"Comedy|Drama","movieID":798,"title":"Vicious Kind, The"},{"genre":"Horror","movieID":799,"title":"Don't Go in the House"},{"genre":"Comedy|Romance","movieID":800,"title":"She's the One"},{"genre":"Crime|Thriller","movieID":801,"title":"Pusher"},{"genre":"Documentary","movieID":802,"title":"Human Planet"},{"genre":"Comedy","movieID":803,"title":"Tammy"},{"genre":"Drama","movieID":804,"title":"Pushing Hands (Tui shou)"},{"genre":"Action|Crime","movieID":805,"title":"New Wave, A"},{"genre":"Comedy|Drama|Mystery|Thriller","movieID":806,"title":"Ditirambo"},{"genre":"Drama","movieID":807,"title":"Puerta de Hierro, el exilio de Perón"},{"genre":"Adventure|Children|Comedy|Drama","movieID":808,"title":"Wizard, The"},{"genre":"Crime|Mystery|Thriller","movieID":809,"title":"St. Ives"},{"genre":"Crime|Drama|Mystery|Thriller","movieID":810,"title":"Mr. Moto in Danger Island"},{"genre":"Comedy|Romance","movieID":811,"title":"Bar Girls"},{"genre":"Action|Adventure|Children|Comedy|Sci-Fi","movieID":812,"title":"Spy Kids: All the Time in the World in 4D"},{"genre":"Comedy","movieID":813,"title":"Holiday (Jour de fête)"},{"genre":"Horror|Mystery|Thriller","movieID":814,"title":"Mirrors"},{"genre":"Documentary","movieID":815,"title":"Bowling for Columbine"},{"genre":"Action|Drama|War","movieID":816,"title":"The Eagle and the Hawk"},{"genre":"Horror|Thriller","movieID":817,"title":"He Knows You're Alone (a.k.a. Blood Wedding)"},{"genre":"Documentary","movieID":818,"title":"Shadows of Liberty "},{"genre":"Drama","movieID":819,"title":"Gorgeous Hussy, The"},{"genre":"Adventure|Children|Comedy|Musical|Sci-Fi","movieID":820,"title":"Captain EO"},{"genre":"Horror","movieID":821,"title":"The Oblong Box"},{"genre":"Comedy|Drama|Musical","movieID":822,"title":"Bandslam"},{"genre":"Action|Comedy|Crime|Thriller","movieID":823,"title":"Remo Williams: The Adventure Begins"},{"genre":"Documentary","movieID":824,"title":"Modify "},{"genre":"Comedy","movieID":825,"title":"Blue State"},{"genre":"Comedy|Documentary|Romance","movieID":826,"title":"Vermont Is For Lovers"},{"genre":"Comedy","movieID":827,"title":"100 Men and a Girl (One Hundred Men and a Girl)"},{"genre":"Comedy","movieID":828,"title":"Jonah Who Will Be 25 in the Year 2000 (Jonas qui aura 25 ans en l'an 2000)"},{"genre":"Drama|Romance","movieID":829,"title":"Secrets, The (Sodot, Ha-)"},{"genre":"Crime|Drama","movieID":830,"title":"Night of the Following Day, The"},{"genre":"Drama|Musical|Thriller","movieID":831,"title":"Psych-Out"},{"genre":"Crime|Drama","movieID":832,"title":"Blues Harp"},{"genre":"Drama|War","movieID":833,"title":"Bell for Adano, A (John Hersey's A Bell for Adano)"},{"genre":"Drama","movieID":834,"title":"Wild Side"},{"genre":"Action|Crime|Drama|Sci-Fi|Thriller","movieID":835,"title":"RoboCop"},{"genre":"Comedy","movieID":836,"title":"Little Voice"},{"genre":"Comedy","movieID":837,"title":"Les Tuche"},{"genre":"Documentary","movieID":838,"title":"Backyard, The"},{"genre":"Comedy|Thriller","movieID":839,"title":"Bad Eggs"},{"genre":"Horror|Thriller","movieID":840,"title":"Surgeon, The"},{"genre":"Thriller","movieID":841,"title":"Entitled, The"},{"genre":"Action|Sci-Fi|Thriller","movieID":842,"title":"Godzilla Against MechaGodzilla (Gojira tai Mekagojira)"},{"genre":"Drama|Romance","movieID":843,"title":"Dog Tags"},{"genre":"Comedy|Drama","movieID":844,"title":"How About You..."},{"genre":"Drama","movieID":845,"title":"Todos eran culpables"},{"genre":"Comedy","movieID":846,"title":"Goat, The"},{"genre":"Action|Crime|Drama|Thriller","movieID":847,"title":"Line, The (La linea)"},{"genre":"Adventure|Children","movieID":848,"title":"My Side of the Mountain"},{"genre":"Comedy|Musical|Romance","movieID":849,"title":"I'll Be There"},{"genre":"Action|Adventure|Thriller|War","movieID":850,"title":"Marksman, The"},{"genre":"Comedy|Drama|Romance","movieID":851,"title":"Margaret"},{"genre":"Drama|Horror|Sci-Fi","movieID":852,"title":"Frankenstein"},{"genre":"Action|Comedy","movieID":853,"title":"Simon Sez"},{"genre":"Animation|Comedy","movieID":854,"title":"The Madagascar Penguins in a Christmas Caper"},{"genre":"Comedy","movieID":855,"title":"Trading Places"},{"genre":"Crime|Mystery|Thriller","movieID":856,"title":"Reservoir Dogs"},{"genre":"Drama","movieID":857,"title":"Wilson"},{"genre":"Drama","movieID":858,"title":"Majesteit"},{"genre":"Drama","movieID":859,"title":"Hell Without Limits (Lugar sin límites, El)"},{"genre":"Drama|Horror|Mystery|Thriller","movieID":860,"title":"Tale of Two Sisters, A (Janghwa, Hongryeon)"},{"genre":"Comedy|Drama","movieID":861,"title":"American Loser (Trainwreck: My Life as an Idiot)"},{"genre":"Comedy|Drama|Romance","movieID":862,"title":"Rain or Shine"},{"genre":"Action|Crime|Horror|Sci-Fi","movieID":863,"title":"The Brides of Fu Manchu"},{"genre":"Horror","movieID":864,"title":"Day of the Dead"},{"genre":"Drama|Mystery|Western","movieID":865,"title":"Dead Man"},{"genre":"Documentary","movieID":866,"title":"Out of the Clear Blue Sky"},{"genre":"Comedy|Romance","movieID":867,"title":"Wimbledon"},{"genre":"Comedy|Drama|Fantasy","movieID":868,"title":"Girl Walks Into a Bar"},{"genre":"Adventure|Children|Comedy","movieID":869,"title":"Antboy"},{"genre":"Comedy","movieID":870,"title":"Jungle Book of Regulations, A (Nie Ma Rozy Bez Ognia)"},{"genre":"Drama|War","movieID":871,"title":"Boy in the Striped Pajamas, The (Boy in the Striped Pyjamas, The)"},{"genre":"Drama","movieID":872,"title":"Lost and Delirious"},{"genre":"Comedy","movieID":873,"title":"Do Not Disturb"},{"genre":"Comedy|Drama","movieID":874,"title":"Very Social Secretary, A"},{"genre":"Documentary","movieID":875,"title":"Rocky Saga: Going the Distance, The"},{"genre":"Action|Comedy|Crime","movieID":876,"title":"Rent-A-Cop"},{"genre":"Action|Comedy|Horror","movieID":877,"title":"Dead Snow 2: Red vs. Dead "},{"genre":"Drama","movieID":878,"title":"Cold Weather"},{"genre":"Drama","movieID":879,"title":"Day and Night (Le jour et la nuit)"},{"genre":"Drama|War","movieID":880,"title":"Sergeant York"},{"genre":"Comedy|Musical|Romance","movieID":881,"title":"What a Way to Go!"},{"genre":"Action|Drama|Thriller","movieID":882,"title":"JCVD"},{"genre":"Comedy|Drama","movieID":883,"title":"Watermelon Man"},{"genre":"Drama","movieID":884,"title":"Admissions"},{"genre":"Drama|Thriller","movieID":885,"title":"Michael"},{"genre":"Action|Sci-Fi","movieID":886,"title":"Highlander II: The Quickening"},{"genre":"Documentary","movieID":887,"title":"Good Copy Bad Copy"},{"genre":"Action|Drama|Thriller|War","movieID":888,"title":"Rambo (Rambo 4)"},{"genre":"Action|Comedy|Romance","movieID":889,"title":"Chinese Odyssey 2002 (Tian xia wu shuang)"},{"genre":"Crime|Drama|Thriller","movieID":890,"title":"Carlos"},{"genre":"(no genres listed)","movieID":891,"title":"Lilla Jönssonligan på styva linan"},{"genre":"Drama","movieID":892,"title":"Game of Their Lives, The"},{"genre":"Comedy|Drama","movieID":893,"title":"The Merry Widow"},{"genre":"Comedy|War|Western","movieID":894,"title":"Two Mules for Sister Sara"},{"genre":"Adventure|Animation|Children|Comedy","movieID":895,"title":"Penguins of Madagascar"},{"genre":"Drama","movieID":896,"title":"Street Scene"},{"genre":"Drama","movieID":897,"title":"Make Way for Tomorrow"},{"genre":"Comedy|Horror","movieID":898,"title":"Innocent Blood"},{"genre":"Comedy|Drama|Romance","movieID":899,"title":"Irony of Fate, or Enjoy Your Bath! (Ironiya sudby, ili S legkim parom!)"},{"genre":"Action|Crime|Thriller","movieID":900,"title":"S.W.A.T.: Firefight"},{"genre":"Comedy","movieID":901,"title":"Smashing Time"},{"genre":"Drama|War","movieID":902,"title":"Safe Conduct (Laissez-Passer)"},{"genre":"Documentary","movieID":903,"title":"Year Zero: The Silent Death of Cambodia"},{"genre":"Adventure|Comedy","movieID":904,"title":"Mr. Robinson Crusoe"},{"genre":"Comedy|Drama","movieID":905,"title":"Doctor Bull"},{"genre":"Drama|Sci-Fi","movieID":906,"title":"Marooned"},{"genre":"Comedy","movieID":907,"title":"Rock-a-Bye Baby"},{"genre":"Action|Adventure|Comedy","movieID":908,"title":"Rundown, The"},{"genre":"Crime|Thriller","movieID":909,"title":"4.3.2.1"},{"genre":"Action|Crime|Drama","movieID":910,"title":"Shottas"},{"genre":"Documentary","movieID":911,"title":"Commune"},{"genre":"Comedy","movieID":912,"title":"Monty Python's And Now for Something Completely Different"},{"genre":"Action|Adventure|Sci-Fi","movieID":913,"title":"Flash Gordon"},{"genre":"Comedy|Crime","movieID":914,"title":"Great Diamond Robbery, The"},{"genre":"Adventure|Comedy","movieID":915,"title":"Around the World in 80 Days"},{"genre":"(no genres listed)","movieID":916,"title":"Always for Pleasure"},{"genre":"Action|Adventure|Drama|Sci-Fi|Thriller","movieID":917,"title":"Children of Men"},{"genre":"(no genres listed)","movieID":918,"title":"Lucrèce Borgia"},{"genre":"Drama|Thriller","movieID":919,"title":"Murk (Mørke)"},{"genre":"Documentary","movieID":920,"title":"Curse of the Hedgehog, The (Blestemul ariciului)"},{"genre":"Drama|Romance","movieID":921,"title":"My Summer of Love"},{"genre":"Drama|Romance","movieID":922,"title":"The Chatterley Affair"},{"genre":"Crime|Drama|Mystery","movieID":923,"title":"A Fugitive from the Past"},{"genre":"Drama|War","movieID":924,"title":"Under the Bombs"},{"genre":"Drama|War","movieID":925,"title":"PT 109"},{"genre":"Horror","movieID":926,"title":"Nightmare on Elm Street 2: Freddy's Revenge, A"},{"genre":"Drama","movieID":927,"title":"Klimt"},{"genre":"Horror|Thriller","movieID":928,"title":"Blind Date"},{"genre":"Comedy|Drama|Romance","movieID":929,"title":"Sundome"},{"genre":"Comedy|Drama|Romance","movieID":930,"title":"Love on the Run (Amour en fuite, L')"},{"genre":"Crime|Drama|Thriller","movieID":931,"title":"Cassandra's Dream"},{"genre":"Drama","movieID":932,"title":"Thurgood"},{"genre":"Comedy|Drama","movieID":933,"title":"Crane World (Mundo grúa)"},{"genre":"Comedy|Drama|Romance","movieID":934,"title":"Good Marriage, A (Beau mariage, Le)"},{"genre":"Comedy|Drama","movieID":935,"title":"Brothers, The"},{"genre":"Action|Film-Noir|Sci-Fi","movieID":936,"title":"Crime Zone"},{"genre":"Children|Comedy|Romance","movieID":937,"title":"Golden Christmas, A"},{"genre":"Comedy|Drama","movieID":938,"title":"As Cool As I Am"},{"genre":"Film-Noir|Thriller","movieID":939,"title":"No habrá paz para los malvados"},{"genre":"Drama","movieID":940,"title":"Firm, The"},{"genre":"Drama|Romance|War","movieID":941,"title":"Red Angel (Akai tenshi)"},{"genre":"Action|Adventure|Sci-Fi","movieID":942,"title":"Power/Rangers"},{"genre":"Drama|Mystery|Romance|Thriller","movieID":943,"title":"Vertigo"},{"genre":"Drama","movieID":944,"title":"Knight of Cups"},{"genre":"Comedy","movieID":945,"title":"Trojan War"},{"genre":"Action|Animation|Drama|Sci-Fi","movieID":946,"title":"Gunbuster (Top wo Narae)"},{"genre":"Comedy|Drama|Romance","movieID":947,"title":"Majestic, The"},{"genre":"Action|Comedy|Drama|Horror|Romance","movieID":948,"title":"Maniacts"},{"genre":"Drama","movieID":949,"title":"Manon of the Spring (Manon des sources)"},{"genre":"Comedy|Drama","movieID":950,"title":"Little Help, A"},{"genre":"Drama","movieID":951,"title":"Swindle, The (Bidone, Il)"},{"genre":"Drama","movieID":952,"title":"Stone Angel, The"},{"genre":"Drama","movieID":953,"title":"William Vincent (Shadows and Lies)"},{"genre":"Drama","movieID":954,"title":"Noose, The (Petla)"},{"genre":"Drama|Romance","movieID":955,"title":"Jane Austen Book Club, The"},{"genre":"Comedy|Romance","movieID":956,"title":"Dream Wife"},{"genre":"Animation","movieID":957,"title":"Your Friend the Rat"},{"genre":"Drama|Fantasy|Romance|Sci-Fi","movieID":958,"title":"These Are the Damned (a.k.a. The Damned)"},{"genre":"Drama","movieID":959,"title":"House of Tolerance"},{"genre":"Action|Adventure","movieID":960,"title":"Azumi 2: Death or Love"},{"genre":"Horror|Thriller","movieID":961,"title":"Cabin Fever 2: Spring Fever"},{"genre":"Comedy|Drama","movieID":962,"title":"Sum of Us, The"},{"genre":"Action|Animation|Drama|Sci-Fi","movieID":963,"title":"Gunbuster (Top wo Narae)"},{"genre":"Comedy|Thriller","movieID":964,"title":"Family Plot"},{"genre":"Drama","movieID":965,"title":"Scarlet Letter, The"},{"genre":"Drama|Horror|Romance|Thriller","movieID":966,"title":"Cat People"},{"genre":"Action|Adventure|Drama|War","movieID":967,"title":"King Arthur"},{"genre":"Comedy|Romance","movieID":968,"title":"FC Venus"},{"genre":"Adventure|Animation|Fantasy|IMAX","movieID":969,"title":"Legend of the Guardians: The Owls of Ga'Hoole"},{"genre":"Sci-Fi|Thriller","movieID":970,"title":"Machine, The"},{"genre":"Drama|Romance","movieID":971,"title":"Competition, The"},{"genre":"Horror","movieID":972,"title":"Grave Encounters 2"},{"genre":"Drama|Thriller","movieID":973,"title":"Holcroft Covenant, The"},{"genre":"Drama","movieID":974,"title":"Letters to Father Jacob (Postia pappi Jaakobille)"},{"genre":"Comedy|Drama","movieID":975,"title":"Wise Guys, The (Les grandes gueules)"},{"genre":"Documentary","movieID":976,"title":"Lesson Plan "},{"genre":"Documentary|Musical","movieID":977,"title":"All Tomorrow's Parties"},{"genre":"(no genres listed)","movieID":978,"title":"Somewhere Under the Broad Sky"},{"genre":"Comedy|Romance","movieID":979,"title":"Truth About Cats & Dogs, The"},{"genre":"Action|Adventure|Animation","movieID":980,"title":"How to Train Your Dragon 2"},{"genre":"Drama","movieID":981,"title":"Babymother"},{"genre":"Mystery","movieID":982,"title":"Charlie Chan's Chance"},{"genre":"Drama|Horror|Mystery","movieID":983,"title":"Blame (6 Films to Keep You Awake) (Películas para no dormir: La culpa)"},{"genre":"Action|Adventure|Fantasy","movieID":984,"title":"Ator, the Fighting Eagle (Ator l'invincibile)"},{"genre":"Musical","movieID":985,"title":"Silk Stockings"},{"genre":"Crime|Documentary|War","movieID":986,"title":"Standard Operating Procedure"},{"genre":"Drama","movieID":987,"title":"Glass Menagerie, The"},{"genre":"Drama","movieID":988,"title":"Hawk Is Dying, The"},{"genre":"Comedy|Western","movieID":989,"title":"The Seven Males"},{"genre":"Comedy|Drama","movieID":990,"title":"Chill Out! (Descongélate!)"},{"genre":"Drama|Musical|Romance","movieID":991,"title":"As it is in Heaven (Så som i himmelen)"},{"genre":"Documentary","movieID":992,"title":"Capturing the Friedmans"},{"genre":"Drama|Thriller","movieID":993,"title":"German Doctor, The (Wakolda)"},{"genre":"Drama","movieID":994,"title":"Stupid Boy (Garçon stupide)"},{"genre":"Adventure|Comedy|Fantasy","movieID":995,"title":"Nim's Island"},{"genre":"Drama","movieID":996,"title":"Tale of Zatoichi, The (Zatôichi monogatari) (Zatôichi 1)"},{"genre":"Comedy","movieID":997,"title":"Illuminata"},{"genre":"Crime|Drama|Mystery|Thriller","movieID":998,"title":"Think Fast, Mr. Moto"},{"genre":"Comedy","movieID":999,"title":"Uncle Marin, the Billionaire (Nea Marin miliardar) (Uncle Martin, the Multimillionaire)"},{"genre":"Action|Fantasy|Sci-Fi","movieID":1000,"title":"Gamera vs. Jiger"}]>
	at greatTest.testUrl(greatTest.java:48)
]]></failure>
    <system-out><![CDATA[Url
Converted object = [{"genre":"Crime|Drama","movieID":1,"title":"Alpha Dog"},{"genre":"Comedy|Drama|Horror","movieID":2,"title":"Taxidermia"},{"genre":"Comedy|Crime|Drama","movieID":3,"title":"Double Dhamaal"},{"genre":"Adventure|Drama|Romance","movieID":4,"title":"Mutiny on the Bounty"},{"genre":"Action|Thriller","movieID":5,"title":"Extreme Justice"},{"genre":"Documentary","movieID":6,"title":"Man on Wire"},{"genre":"Action|Adventure|Sci-Fi","movieID":7,"title":"Journey to the Center of the Earth"},{"genre":"Comedy|Drama|Romance","movieID":8,"title":"Chaos Theory"},{"genre":"Drama|Musical","movieID":9,"title":"Cremaster 5"},{"genre":"Action|Comedy|Drama","movieID":10,"title":"Cannonball"},{"genre":"Drama|Thriller","movieID":11,"title":"Restraint"},{"genre":"Comedy","movieID":12,"title":"Wheelmen"},{"genre":"Comedy","movieID":13,"title":"I Got the Hook Up"},{"genre":"Horror","movieID":14,"title":"Smiley"},{"genre":"Action|Adventure|Thriller","movieID":15,"title":"Shadow Warriors 2 (Assault on Devil's Island)"},{"genre":"Drama","movieID":16,"title":"Miral"},{"genre":"Comedy|Drama|Romance","movieID":17,"title":"Agata and the Storm (Agata e la tempesta)"},{"genre":"Crime|Romance|Thriller","movieID":18,"title":"Jagged Edge"},{"genre":"Drama|Romance","movieID":19,"title":"Enchanted April"},{"genre":"Horror|Mystery|Thriller","movieID":20,"title":"Lizard in a Woman's Skin, A (Lucertola con la pelle di donna, Una)"},{"genre":"Drama|Thriller","movieID":21,"title":"Michael"},{"genre":"Drama","movieID":22,"title":"On the Beach"},{"genre":"Drama|War","movieID":23,"title":"Generation War"},{"genre":"Action|Adventure","movieID":24,"title":"Long John Silver"},{"genre":"Documentary","movieID":25,"title":"Girl Next Door, The"},{"genre":"Action|Drama","movieID":26,"title":"Rocky Balboa"},{"genre":"Action|Adventure|Sci-Fi","movieID":27,"title":"Road Warrior, The (Mad Max 2)"},{"genre":"Comedy","movieID":28,"title":"Mille bolle blu"},{"genre":"Drama","movieID":29,"title":"Alice"},{"genre":"Horror|Sci-Fi|Thriller","movieID":30,"title":"Night of the Lepus"},{"genre":"Drama","movieID":31,"title":"If...."},{"genre":"Drama|War","movieID":32,"title":"Battle of the Rails, The (La bataille du rail)"},{"genre":"Horror|Thriller","movieID":33,"title":"Believers, The"},{"genre":"Documentary","movieID":34,"title":"Soviet Story, The"},{"genre":"Action|Sci-Fi","movieID":35,"title":"Thunderbird Six"},{"genre":"Animation|Children|Fantasy|Musical","movieID":36,"title":"Beauty and the Beast: The Enchanted Christmas"},{"genre":"Drama","movieID":37,"title":"Life of Oharu, The (Saikaku ichidai onna)"},{"genre":"Comedy|Drama","movieID":38,"title":"12:08 East of Bucharest (A fost sau n-a fost?)"},{"genre":"Sci-Fi","movieID":39,"title":"Things to Come"},{"genre":"Drama","movieID":40,"title":"Attack, The"},{"genre":"Documentary","movieID":41,"title":"Bastards"},{"genre":"Action","movieID":42,"title":"Bounty Hunters (Bail Enforcers)"},{"genre":"Documentary","movieID":43,"title":"Bully"},{"genre":"Crime|Drama|Film-Noir","movieID":44,"title":"The Amazing Dr. Clitterhouse"},{"genre":"Horror|Thriller","movieID":45,"title":"Train"},{"genre":"Drama","movieID":46,"title":"Holly"},{"genre":"Drama|Thriller","movieID":47,"title":"Ape, The (Apan)"},{"genre":"Comedy","movieID":48,"title":"Ninette"},{"genre":"Comedy|Drama|Romance","movieID":49,"title":"Last Time, The"},{"genre":"Drama","movieID":50,"title":"Hawaiians, The"},{"genre":"Comedy","movieID":51,"title":"Nickelodeon"},{"genre":"Drama|War","movieID":52,"title":"Gardens of Stone"},{"genre":"Crime|Horror|Mystery|Sci-Fi","movieID":53,"title":"Idle Mist (Vana Espuma)"},{"genre":"Drama","movieID":54,"title":"Guter Junge"},{"genre":"Crime|Romance|Thriller","movieID":55,"title":"Rx"},{"genre":"Children|Drama","movieID":56,"title":"Now and Then"},{"genre":"Comedy|Fantasy","movieID":57,"title":"Gods Must Be Crazy III, The (a.k.a. Crazy Safari) (Fei zhou he shang)"},{"genre":"Drama","movieID":58,"title":"Other Woman, The"},{"genre":"Sci-Fi","movieID":59,"title":"Parallels"},{"genre":"Drama|Mystery|Thriller","movieID":60,"title":"Stoker"},{"genre":"Drama|Thriller","movieID":61,"title":"Crave"},{"genre":"Crime|Drama|Film-Noir|Thriller","movieID":62,"title":"Murder by Contract"},{"genre":"Comedy","movieID":63,"title":"W.W. and the Dixie Dancekings"},{"genre":"Drama","movieID":64,"title":"LUV"},{"genre":"Drama","movieID":65,"title":"Preacher's Wife, The"},{"genre":"Drama|Romance","movieID":66,"title":"Theory of Everything, The"},{"genre":"Drama|Romance","movieID":67,"title":"Cruel Romance, A (Zhestokij Romans)"},{"genre":"Action|Thriller","movieID":68,"title":"Enemy of the State"},{"genre":"Drama","movieID":69,"title":"Levity"},{"genre":"Action|Children","movieID":70,"title":"Stormbreaker (Alex Rider: Operation Stormbreaker)"},{"genre":"Drama","movieID":71,"title":"Diving Bell and the Butterfly, The (Scaphandre et le papillon, Le)"},{"genre":"Comedy|Drama|Romance","movieID":72,"title":"Don Juan DeMarco"},{"genre":"Drama|Romance","movieID":73,"title":"W.E."},{"genre":"Documentary","movieID":74,"title":"Steal This Film"},{"genre":"Comedy|Crime","movieID":75,"title":"Stand Up Guys"},{"genre":"Comedy|Drama|Musical","movieID":76,"title":"Reefer Madness: The Movie Musical"},{"genre":"Drama","movieID":77,"title":"Woman's Tale, A"},{"genre":"Action|Crime|Drama","movieID":78,"title":"Harley Davidson and the Marlboro Man"},{"genre":"Action|Crime|Thriller","movieID":79,"title":"S.W.A.T.: Firefight"},{"genre":"Crime|Drama|Thriller|Western","movieID":80,"title":"Killer Inside Me, The"},{"genre":"Crime|Drama","movieID":81,"title":"St. Valentine's Day Massacre, The"},{"genre":"Action|Adventure|Thriller","movieID":82,"title":"12 Rounds 2: Reloaded"},{"genre":"Drama|Horror|Thriller","movieID":83,"title":"1408"},{"genre":"Crime|Drama|Romance","movieID":84,"title":"First Name: Carmen (Prénom Carmen)"},{"genre":"Drama|Romance|Sci-Fi","movieID":85,"title":"Eternal Sunshine of the Spotless Mind"},{"genre":"Animation|Comedy|Sci-Fi","movieID":86,"title":"Monsters vs Aliens: Mutant Pumpkins from Outer Space"},{"genre":"Drama","movieID":87,"title":"Hannah Arendt"},{"genre":"Drama","movieID":88,"title":"Ice Bound"},{"genre":"Drama","movieID":89,"title":"Feel the Noise"},{"genre":"Comedy|Western","movieID":90,"title":"There Was a Crooked Man..."},{"genre":"Action","movieID":91,"title":"Good Guys Wear Black"},{"genre":"Adventure","movieID":92,"title":"White Water Summer"},{"genre":"Comedy|Drama","movieID":93,"title":"Let it Rain (Parlez-moi de la pluie)"},{"genre":"Adventure|Children|Comedy|Fantasy|Mystery","movieID":94,"title":"Scooby-Doo"},{"genre":"Drama","movieID":95,"title":"Moment of Truth, The (Il momento della verità)"},{"genre":"Horror|Thriller","movieID":96,"title":"House at the End of the Street"},{"genre":"Documentary","movieID":97,"title":"Let the Fire Burn"},{"genre":"Documentary","movieID":98,"title":"Lightning in a Bottle"},{"genre":"Sci-Fi","movieID":99,"title":"Alien Nation: Body and Soul"},{"genre":"Comedy|Drama","movieID":100,"title":"Only When I Laugh"},{"genre":"Documentary","movieID":101,"title":"When the Levees Broke: A Requiem in Four Acts"},{"genre":"(no genres listed)","movieID":102,"title":"Lucrèce Borgia"},{"genre":"Comedy|Drama","movieID":103,"title":"Rules of the Game, The (La règle du jeu)"},{"genre":"Adventure|Drama|Fantasy","movieID":104,"title":"Valerie and Her Week of Wonders (Valerie a týden divu)"},{"genre":"Adventure|Children|Drama","movieID":105,"title":"Running Free"},{"genre":"Action|Crime|Drama|Thriller","movieID":106,"title":"Colt 38 Special Squad"},{"genre":"Action|Drama|War","movieID":107,"title":"Cockleshell Heroes, The"},{"genre":"Comedy","movieID":108,"title":"Cabin Boy"},{"genre":"Documentary","movieID":109,"title":"Conan O'Brien Can't Stop"},{"genre":"Comedy|Drama|Romance","movieID":110,"title":"Hobson's Choice"},{"genre":"Animation|Drama|Romance|War","movieID":111,"title":"Corto Maltese: Under the Sign of Capricorn (Sous le signe du capricorne)"},{"genre":"Drama","movieID":112,"title":"Diary of a Nymphomaniac (Diario de una Ninfómana)"},{"genre":"Drama","movieID":113,"title":"Chameleon, The "},{"genre":"Horror|Sci-Fi","movieID":114,"title":"X from Outer Space, The (Uchû daikaijû Girara)"},{"genre":"Adventure|Comedy|Fantasy|Horror","movieID":115,"title":"Night of the Living Dead 3D"},{"genre":"Action|Adventure|Children|Comedy|Crime","movieID":116,"title":"Catch That Kid"},{"genre":"Crime|Drama","movieID":117,"title":"G Men"},{"genre":"Children|Drama","movieID":118,"title":"The Encounter"},{"genre":"Drama","movieID":119,"title":"We Don't Live Here Anymore"},{"genre":"Crime|Documentary","movieID":120,"title":"Condemned, The"},{"genre":"Animation|Children|Fantasy","movieID":121,"title":"Momo"},{"genre":"Drama|Romance","movieID":122,"title":"Mustalaishurmaaja"},{"genre":"Comedy|Romance","movieID":123,"title":"Fitzwilly"},{"genre":"Western","movieID":124,"title":"Big Jake"},{"genre":"Drama","movieID":125,"title":"They Drive by Night"},{"genre":"Crime|Thriller","movieID":126,"title":"Hunters, The (Jägarna)"},{"genre":"Drama|Romance","movieID":127,"title":"All the Mornings of the World (Tous les matins du monde)"},{"genre":"Action|Adventure|Fantasy|Sci-Fi","movieID":128,"title":"Mysterious Island"},{"genre":"Action|Drama","movieID":129,"title":"Bending the Rules"},{"genre":"Horror","movieID":130,"title":"Kiss of the Vampire, The"},{"genre":"Comedy|Crime","movieID":131,"title":"School for Scoundrels"},{"genre":"Drama|Romance","movieID":132,"title":"Visitor, The"},{"genre":"Horror|Mystery","movieID":133,"title":"Toolbox Murders"},{"genre":"Comedy|Drama|Romance|War","movieID":134,"title":"Music Within"},{"genre":"Comedy|Fantasy","movieID":135,"title":"Witching and Bitching (Brujas de Zugarramurdi, Las)"},{"genre":"Comedy|Drama","movieID":136,"title":"Prick Up Your Ears"},{"genre":"Drama|Romance","movieID":137,"title":"Stay as You Are"},{"genre":"Adventure|Thriller|Western","movieID":138,"title":"Missing, The"},{"genre":"Comedy|Horror","movieID":139,"title":"Bloody Bloody Bible Camp"},{"genre":"Drama","movieID":140,"title":"Julien Donkey-Boy"},{"genre":"Action|Crime|Thriller","movieID":141,"title":"Likeable Mister R, The (Simpaticul domn R)"},{"genre":"Drama|Musical|Romance","movieID":142,"title":"Show Boat"},{"genre":"Action|Fantasy|Horror|Thriller","movieID":143,"title":"Underworld: Rise of the Lycans"},{"genre":"Thriller","movieID":144,"title":"The Mark of the Angels - Miserere"},{"genre":"Comedy","movieID":145,"title":"Tim and Eric's Billion Dollar Movie"},{"genre":"Comedy","movieID":146,"title":"Down and Out in Beverly Hills"},{"genre":"Crime|Horror|Mystery|Thriller","movieID":147,"title":"Tell Me Something (Telmisseomding)"},{"genre":"Fantasy|Horror|Mystery|Thriller","movieID":148,"title":"Dagon"},{"genre":"Documentary","movieID":149,"title":"Decline of Western Civilization Part II: The Metal Years, The"},{"genre":"Comedy","movieID":150,"title":"Day's Pleasure, A (Ford Story, A)"},{"genre":"Musical","movieID":151,"title":"High School Musical 3: Senior Year"},{"genre":"Drama","movieID":152,"title":"Love & Pop"},{"genre":"Comedy|Romance","movieID":153,"title":"Carnival in Flanders (La kermesse héroïque)"},{"genre":"Documentary","movieID":154,"title":"Triumph of the Will (Triumph des Willens)"},{"genre":"Adventure|Sci-Fi","movieID":155,"title":"At the Earth's Core"},{"genre":"Comedy|Romance","movieID":156,"title":"Steamboat Bill, Jr."},{"genre":"Documentary","movieID":157,"title":"Joan Rivers: A Piece of Work"},{"genre":"Comedy|Musical|Romance","movieID":158,"title":"Let's Make Love"},{"genre":"Drama","movieID":159,"title":"Story Written with Water, A (Mizu de kakareta monogatari)"},{"genre":"Animation|Fantasy","movieID":160,"title":"Snow Queen"},{"genre":"Comedy|Musical","movieID":161,"title":"Very Potter Sequel, A"},{"genre":"Drama","movieID":162,"title":"I, the Worst of All (Yo, la peor de todas)"},{"genre":"Comedy|Drama","movieID":163,"title":"Everybody's Fine (Stanno tutti bene)"},{"genre":"Drama|Romance","movieID":164,"title":"Children of Paradise (Les enfants du paradis)"},{"genre":"Action|Crime","movieID":165,"title":"Italian Job, The"},{"genre":"Drama","movieID":166,"title":"Lost Christmas"},{"genre":"Action|Sci-Fi","movieID":167,"title":"Conquest of the Planet of the Apes"},{"genre":"Comedy|Drama","movieID":168,"title":"Idiots, The (Idioterne)"},{"genre":"Horror","movieID":169,"title":"Vampire Lovers, The"},{"genre":"Drama|Thriller","movieID":170,"title":"Derailed"},{"genre":"Documentary","movieID":171,"title":"Benji "},{"genre":"Drama","movieID":172,"title":"This Sporting Life"},{"genre":"Action|Adventure|Fantasy","movieID":173,"title":"Conan the Barbarian"},{"genre":"Thriller","movieID":174,"title":"Escapist, The"},{"genre":"Drama|Fantasy|Romance","movieID":175,"title":"Matter of Life and Death, A (Stairway to Heaven)"},{"genre":"Comedy|Horror","movieID":176,"title":"Frankenhooker"},{"genre":"Drama","movieID":177,"title":"Like It Is"},{"genre":"Action|Adventure","movieID":178,"title":"Good Man in Africa, A"},{"genre":"Documentary","movieID":179,"title":"Recruiter, The"},{"genre":"Drama|Romance","movieID":180,"title":"Days of Being Wild (A Fei jingjyuhn)"},{"genre":"Documentary","movieID":181,"title":"Steam of Life (Miesten vuoro)"},{"genre":"Drama","movieID":182,"title":"On a Clear Day"},{"genre":"Drama","movieID":183,"title":"Ice Castles"},{"genre":"Comedy|Drama","movieID":184,"title":"Biloxi Blues"},{"genre":"Comedy","movieID":185,"title":"Jesus Henry Christ"},{"genre":"Drama","movieID":186,"title":"Bloodbrothers"},{"genre":"Comedy|Mystery","movieID":187,"title":"Manhattan Murder Mystery"},{"genre":"Drama|Thriller","movieID":188,"title":"Blindness"},{"genre":"Crime|Drama|War","movieID":189,"title":"Salvatore Giuliano"},{"genre":"Drama","movieID":190,"title":"Vitus"},{"genre":"Drama|War","movieID":191,"title":"Hangmen Also Die"},{"genre":"Drama","movieID":192,"title":"Zero"},{"genre":"Drama|Thriller","movieID":193,"title":"Cold Light of Day, The"},{"genre":"Action|Adventure|Comedy|Romance","movieID":194,"title":"Jewel of the Nile, The"},{"genre":"Comedy","movieID":195,"title":"Finger, The (Dedo, El)"},{"genre":"Comedy|Drama|Romance","movieID":196,"title":"No Rest for the Brave (Pas de repos pour les braves)"},{"genre":"Crime|Drama","movieID":197,"title":"Bells, The"},{"genre":"Documentary","movieID":198,"title":"Knuckle "},{"genre":"Comedy|Drama|Romance","movieID":199,"title":"Idiot Returns, The (Návrat idiota)"},{"genre":"Action|Comedy","movieID":200,"title":"Drunken Tai Chi (Siu taai gik)"},{"genre":"Adventure|Fantasy","movieID":201,"title":"Inkheart"},{"genre":"Comedy","movieID":202,"title":"Dinner Guest, The (L'invité)"},{"genre":"Drama|Thriller","movieID":203,"title":"Blackwoods"},{"genre":"Horror","movieID":204,"title":"Curse of Frankenstein, The"},{"genre":"Adventure|Comedy|Romance","movieID":205,"title":"Sullivan's Travels"},{"genre":"Fantasy|Horror","movieID":206,"title":"Company of Wolves, The"},{"genre":"Drama","movieID":207,"title":"Hell (L'enfer)"},{"genre":"Drama","movieID":208,"title":"Game of Their Lives, The"},{"genre":"Drama","movieID":209,"title":"One on One"},{"genre":"Comedy|Drama","movieID":210,"title":"Good Luck. And Take Care of Each Other"},{"genre":"Horror|Mystery|Thriller","movieID":211,"title":"People Under the Stairs, The"},{"genre":"Drama","movieID":212,"title":"One Night with the King"},{"genre":"Drama","movieID":213,"title":"Dirties, The"},{"genre":"Adventure|Romance","movieID":214,"title":"Medicine Man"},{"genre":"Action","movieID":215,"title":"Tournament, The"},{"genre":"Action|Comedy|Crime","movieID":216,"title":"Sunburn"},{"genre":"Crime|Drama","movieID":217,"title":"Wild Bill"},{"genre":"Drama|Romance|Thriller","movieID":218,"title":"Far North"},{"genre":"Action|Drama|Thriller|War","movieID":219,"title":"'71"},{"genre":"Mystery|Western","movieID":220,"title":"Five Card Stud (a.k.a. 5 Card Stud)"},{"genre":"Adventure|Comedy","movieID":221,"title":"Mystery on Monster Island"},{"genre":"Comedy","movieID":222,"title":"The Swedish Moment"},{"genre":"Documentary","movieID":223,"title":"Raw Deal: A Question of Consent"},{"genre":"Children|Comedy","movieID":224,"title":"Harriet the Spy"},{"genre":"Drama","movieID":225,"title":"That Day, on the Beach (Hai tan de yi tian)"},{"genre":"Comedy","movieID":226,"title":"How to Be a Player"},{"genre":"War","movieID":227,"title":"Lion of the Desert"},{"genre":"Documentary","movieID":228,"title":"WikiRebels: The Documentary"},{"genre":"Drama","movieID":229,"title":"Shadow of Angels (Schatten der Engel)"},{"genre":"Crime|Romance","movieID":230,"title":"You and Me"},{"genre":"Comedy|Romance","movieID":231,"title":"Sixteen Candles"},{"genre":"Comedy|Western","movieID":232,"title":"The Seven Males"},{"genre":"Drama","movieID":233,"title":"Running on Empty"},{"genre":"Comedy|Romance|Western","movieID":234,"title":"Many Rivers to Cross"},{"genre":"Drama|War","movieID":235,"title":"Red Badge of Courage, The"},{"genre":"Action|Drama|War","movieID":236,"title":"Into the White (Cross of Honour)"},{"genre":"Action|Adventure|Animation|Children|Sci-Fi","movieID":237,"title":"Kaena: The Prophecy (Kaena: La prophétie)"},{"genre":"Comedy|Fantasy|Horror|Sci-Fi|Thriller","movieID":238,"title":"Puppet Master vs. Demonic Toys (Puppet Master 9)"},{"genre":"Drama","movieID":239,"title":"Change of Habit"},{"genre":"Comedy","movieID":240,"title":"That's My Boy"},{"genre":"Action|Drama|Thriller","movieID":241,"title":"Bullies"},{"genre":"Thriller","movieID":242,"title":"Borgman"},{"genre":"Documentary","movieID":243,"title":"Hybrid"},{"genre":"Drama|Horror|Thriller","movieID":244,"title":"Backcountry"},{"genre":"Comedy|Drama","movieID":245,"title":"Some Kind of Hero"},{"genre":"Action|Fantasy|Horror|Thriller","movieID":246,"title":"Day Watch (Dnevnoy dozor)"},{"genre":"Crime|Drama","movieID":247,"title":"Storm Warning"},{"genre":"Documentary","movieID":248,"title":"Filth and the Fury, The"},{"genre":"Sci-Fi|Thriller","movieID":249,"title":"Return, The"},{"genre":"Documentary","movieID":250,"title":"Bobby Fischer Against the World"},{"genre":"Drama|Romance","movieID":251,"title":"Blue Swallow (Cheong yeon)"},{"genre":"Drama|Romance","movieID":252,"title":"Girl with a Pearl Earring"},{"genre":"Action|Adventure|Comedy|Romance","movieID":253,"title":"Three Musketeers, The"},{"genre":"Documentary|War","movieID":254,"title":"The Hornet's Nest"},{"genre":"(no genres listed)","movieID":255,"title":"Glitterbug"},{"genre":"Comedy|Drama|Romance","movieID":256,"title":"Meet Monica Velour"},{"genre":"Thriller","movieID":257,"title":"Aks"},{"genre":"Crime|Drama|Film-Noir|Thriller","movieID":258,"title":"Key Largo"},{"genre":"Action|Adventure|Sci-Fi","movieID":259,"title":"Hulk"},{"genre":"Action|Comedy|Crime","movieID":260,"title":"Cop Out"},{"genre":"Action|Comedy","movieID":261,"title":"Project A ('A' gai waak)"},{"genre":"Action|Drama|Romance","movieID":262,"title":"Bullfighter and the Lady"},{"genre":"Crime|Drama|Romance","movieID":263,"title":"Havoc"},{"genre":"Comedy","movieID":264,"title":"College"},{"genre":"Drama","movieID":265,"title":"Swades: We, the People (Our Country)"},{"genre":"Comedy|Drama|Romance","movieID":266,"title":"Elena and Her Men (Paris Does Strange Things) (Elena et les hommes)"},{"genre":"Comedy|Drama|Romance","movieID":267,"title":"God's Little Acre"},{"genre":"Action|Crime|Thriller","movieID":268,"title":"Hitman"},{"genre":"Drama","movieID":269,"title":"Hangtime - Kein leichtes Spiel"},{"genre":"Drama|Mystery","movieID":270,"title":"Girl with Hyacinths"},{"genre":"Action|Crime|Drama|Thriller","movieID":271,"title":"Memory of a Killer, The (Zaak Alzheimer, De)"},{"genre":"Drama","movieID":272,"title":"Butterfly"},{"genre":"Crime|Drama","movieID":273,"title":"Doorway to Hell, The"},{"genre":"Documentary","movieID":274,"title":"Confessions of a Superhero"},{"genre":"Horror|Thriller","movieID":275,"title":"Black Rock"},{"genre":"Children|Comedy|Drama","movieID":276,"title":"Tru Confessions"},{"genre":"Drama","movieID":277,"title":"Stoplight Society, The (La Sociedad del Semáforo)"},{"genre":"Action|Drama|Thriller","movieID":278,"title":"Wicked Blood"},{"genre":"Drama|War","movieID":279,"title":"Gung Ho! (Gung Ho!: The Story of Carlson's Makin Island Raiders)"},{"genre":"Action|Comedy|Crime|Fantasy|Thriller|IMAX","movieID":280,"title":"Green Hornet, The"},{"genre":"Drama","movieID":281,"title":"Cazuza - O Tempo Não Pára"},{"genre":"Drama","movieID":282,"title":"Pascali's Island"},{"genre":"Drama|Horror","movieID":283,"title":"Dorian Gray"},{"genre":"Comedy|Horror|Romance","movieID":284,"title":"Vampire in Brooklyn"},{"genre":"Drama|War","movieID":285,"title":"World War II: When Lions Roared"},{"genre":"Comedy|Romance","movieID":286,"title":"Date Movie"},{"genre":"Drama|Horror","movieID":287,"title":"Battery, The"},{"genre":"Comedy|Crime|Mystery|Thriller","movieID":288,"title":"Charlie Chan in The Chinese Cat"},{"genre":"Drama|Thriller","movieID":289,"title":"Jill the Ripper (Jill Rips)"},{"genre":"Animation|Comedy","movieID":290,"title":"Seven Brothers (Seitsemän veljestä)"},{"genre":"Drama","movieID":291,"title":"Margaret's Museum"},{"genre":"Documentary","movieID":292,"title":"Somm"},{"genre":"Comedy|Musical","movieID":293,"title":"Thank God It's Friday"},{"genre":"Comedy|Fantasy|Romance|Sci-Fi","movieID":294,"title":"Nutty Professor, The"},{"genre":"Drama|Musical","movieID":295,"title":"Stomp the Yard"},{"genre":"Crime|Drama","movieID":296,"title":"Busting"},{"genre":"Drama","movieID":297,"title":"Freedom"},{"genre":"Horror|Mystery|Sci-Fi|Thriller","movieID":298,"title":"The Whisperer in Darkness"},{"genre":"Drama","movieID":299,"title":"End of Love, The"},{"genre":"Horror|Sci-Fi","movieID":300,"title":"Shadowzone"},{"genre":"Sci-Fi","movieID":301,"title":"Alien from L.A."},{"genre":"Children|Comedy|Fantasy","movieID":302,"title":"Gordy"},{"genre":"Crime|Drama|Thriller","movieID":303,"title":"Poker Club, The"},{"genre":"Action|Adventure","movieID":304,"title":"Back in Business"},{"genre":"Drama","movieID":305,"title":"Susannah of the Mounties"},{"genre":"(no genres listed)","movieID":306,"title":"The Distance"},{"genre":"Musical","movieID":307,"title":"\"Great Performances\" Cats"},{"genre":"Romance|Western","movieID":308,"title":"Long Ride Home, The"},{"genre":"Comedy|Drama|Romance","movieID":309,"title":"Mermaids"},{"genre":"Children|Drama","movieID":310,"title":"Dolphin Tale"},{"genre":"Comedy","movieID":311,"title":"Vice Versa"},{"genre":"Comedy|Drama","movieID":312,"title":"Molly"},{"genre":"Comedy|Drama","movieID":313,"title":"Adam's Apples (Adams æbler)"},{"genre":"Adventure|Animation|Children|Comedy","movieID":314,"title":"Open Season 2"},{"genre":"Drama","movieID":315,"title":"So Evil, So Young"},{"genre":"Drama|Sci-Fi","movieID":316,"title":"Killings at Outpost Zeta, The"},{"genre":"Action|Romance|Western","movieID":317,"title":"Desperado"},{"genre":"Comedy|Drama|Romance","movieID":318,"title":"Raising Helen"},{"genre":"Drama","movieID":319,"title":"Time to Leave"},{"genre":"Adventure|Animation|Drama","movieID":320,"title":"Tokyo Godfathers"},{"genre":"Comedy|Horror|Sci-Fi|Thriller","movieID":321,"title":"Sand Sharks"},{"genre":"Drama","movieID":322,"title":"¡Qué hacer!"},{"genre":"Comedy|Drama","movieID":323,"title":"Vizontele"},{"genre":"Action|Adventure|Drama|War","movieID":324,"title":"Inglorious Bastards (Quel maledetto treno blindato)"},{"genre":"Comedy|Drama","movieID":325,"title":"Hotel Very Welcome"},{"genre":"Crime|Horror|Thriller","movieID":326,"title":"Hostel: Part II"},{"genre":"Romance","movieID":327,"title":"Once Upon a Time (Der var engang)"},{"genre":"Animation|Sci-Fi","movieID":328,"title":"Congress, The"},{"genre":"Horror|Mystery","movieID":329,"title":"Messengers 2: The Scarecrow"},{"genre":"Children|Comedy|Musical","movieID":330,"title":"Muppet Musicians of Bremen, The"},{"genre":"Action|Animation|Comedy","movieID":331,"title":"Killer Bean 2: The Party"},{"genre":"Comedy|Musical","movieID":332,"title":"Panama Hattie"},{"genre":"Drama","movieID":333,"title":"Summer in Berlin (Sommer vorm Balkon)"},{"genre":"Drama","movieID":334,"title":"Kid With a Bike, The (Le gamin au vélo)"},{"genre":"Action|Animation","movieID":335,"title":"G.I. Joe: A Real American Hero (G.I. Joe: The MASS Device)"},{"genre":"Drama","movieID":336,"title":"8 Mile"},{"genre":"Comedy|Sci-Fi","movieID":337,"title":"Space Milkshake"},{"genre":"Drama|Romance","movieID":338,"title":"Yves Saint Laurent"},{"genre":"Comedy|Mystery","movieID":339,"title":"Once Upon a Crime..."},{"genre":"Horror|Thriller","movieID":340,"title":"Eye 2, The (Gin gwai 2)"},{"genre":"Action|Adventure|Drama|Fantasy|Horror|Romance|Sci-Fi","movieID":341,"title":"She"},{"genre":"Crime","movieID":342,"title":"Across 110th Street"},{"genre":"Drama","movieID":343,"title":"Valley of the Dolls"},{"genre":"Drama","movieID":344,"title":"Deep, The (Djúpið)"},{"genre":"Drama","movieID":345,"title":"Dangerous Game"},{"genre":"Adventure|Romance","movieID":346,"title":"Boy on a Dolphin"},{"genre":"Drama","movieID":347,"title":"Spitfire Grill, The"},{"genre":"Documentary","movieID":348,"title":"Armstrong Lie, The"},{"genre":"Comedy","movieID":349,"title":"Impure Thoughts"},{"genre":"Action|Crime|Drama","movieID":350,"title":"Bad Ass"},{"genre":"Drama","movieID":351,"title":"Fitzgerald Family Christmas, The"},{"genre":"Crime|Thriller","movieID":352,"title":"Border Run (Mule, The)"},{"genre":"Drama|War","movieID":353,"title":"Four Sons"},{"genre":"Horror|Sci-Fi","movieID":354,"title":"Parasite"},{"genre":"Drama|Thriller","movieID":355,"title":"Dangerous Method, A"},{"genre":"Drama|Romance","movieID":356,"title":"Voices"},{"genre":"Drama|Film-Noir|Romance","movieID":357,"title":"Woman on the Beach, The"},{"genre":"Drama|Mystery","movieID":358,"title":"The Island"},{"genre":"Drama","movieID":359,"title":"Brave, The"},{"genre":"Documentary","movieID":360,"title":"Magnetic Man, The (Magneettimies)"},{"genre":"Comedy|Drama","movieID":361,"title":"In the Soup"},{"genre":"Drama|Romance","movieID":362,"title":"Jane Austen Book Club, The"},{"genre":"Comedy|Crime","movieID":363,"title":"Great Bank Hoax, The"},{"genre":"Comedy","movieID":364,"title":"Happy End"},{"genre":"Comedy","movieID":365,"title":"Siete minutos (Seven Minutes)"},{"genre":"Comedy|Drama","movieID":366,"title":"I Don't Want to Sleep Alone (Hei yan quan)"},{"genre":"Drama","movieID":367,"title":"Memories of Underdevelopment (Memorias del subdesarrollo)"},{"genre":"Documentary","movieID":368,"title":"Boy Interrupted"},{"genre":"Drama","movieID":369,"title":"Fill the Void (Lemale et ha'halal)"},{"genre":"Drama|Romance","movieID":370,"title":"Jane Eyre"},{"genre":"Comedy","movieID":371,"title":"If a Man Answers"},{"genre":"Comedy|Drama","movieID":372,"title":"Visions of Europe"},{"genre":"Documentary","movieID":373,"title":"Oath, The"},{"genre":"Crime|Drama|Thriller","movieID":374,"title":"Brothers: The Return"},{"genre":"Thriller","movieID":375,"title":"Police Python 357"},{"genre":"Comedy","movieID":376,"title":"Kariera Nikosia Dyzmy"},{"genre":"Crime|Drama","movieID":377,"title":"Good Thief, The"},{"genre":"Horror|Sci-Fi|Thriller","movieID":378,"title":"Hollow Man"},{"genre":"Crime|Drama|Fantasy","movieID":379,"title":"Pitfall (Otoshiana)"},{"genre":"Horror","movieID":380,"title":"Corruption (a.k.a. Carnage)"},{"genre":"Comedy|Musical|Western","movieID":381,"title":"Red Garters"},{"genre":"Musical|Western","movieID":382,"title":"Can't Help Singing"},{"genre":"Drama","movieID":383,"title":"Nobody Wants the Night"},{"genre":"Drama|Romance","movieID":384,"title":"Bounce"},{"genre":"Drama","movieID":385,"title":"Still Life"},{"genre":"Comedy|Crime|Drama","movieID":386,"title":"Drogówka"},{"genre":"Action|Drama|Romance","movieID":387,"title":"First Knight"},{"genre":"Crime|Drama|Thriller","movieID":388,"title":"Karla"},{"genre":"Horror","movieID":389,"title":"Jeepers Creepers"},{"genre":"Drama|Horror|Mystery","movieID":390,"title":"Other, The"},{"genre":"Comedy|Drama|Romance","movieID":391,"title":"Yes Or No"},{"genre":"Comedy|Romance","movieID":392,"title":"Shall We Dance?"},{"genre":"Drama|Thriller","movieID":393,"title":"Cat's Meow, The"},{"genre":"Action|Adventure|Drama","movieID":394,"title":"Back In Action"},{"genre":"Drama|War","movieID":395,"title":"Lancelot of the Lake (Lancelot du Lac)"},{"genre":"Comedy|Musical|Romance","movieID":396,"title":"Presenting Lily Mars"},{"genre":"Comedy|Musical|Romance","movieID":397,"title":"Royal Wedding"},{"genre":"Action|Fantasy","movieID":398,"title":"BloodRayne"},{"genre":"Documentary|Drama","movieID":399,"title":"Marihuana"},{"genre":"Comedy|Crime|Romance","movieID":400,"title":"Cure for Love, A (Lekarstwo na milosc)"},{"genre":"Comedy|Romance","movieID":401,"title":"Expecting Love (Mala wielka milosc)"},{"genre":"Action|Adventure|Comedy","movieID":402,"title":"Armour of God (Long xiong hu di)"},{"genre":"Drama|Romance","movieID":403,"title":"Vanity Fair"},{"genre":"Action|Adventure|Animation","movieID":404,"title":"Dragon Ball Z: Bio-Broly (Doragon bôru Z 11: Sûpâ senshi gekiha! Katsu no wa ore da)"},{"genre":"Crime|Drama|Film-Noir|Thriller","movieID":405,"title":"Hickey and Boggs"},{"genre":"(no genres listed)","movieID":406,"title":"The Shoe"},{"genre":"Action|Adventure|Fantasy|Sci-Fi","movieID":407,"title":"Trip to the Moon, A (Voyage dans la lune, Le)"},{"genre":"Documentary","movieID":408,"title":"For the Love of Movies"},{"genre":"Drama|Romance","movieID":409,"title":"Dog Tags"},{"genre":"Crime|Drama|Thriller","movieID":410,"title":"The Gambler"},{"genre":"Crime|Drama|Mystery|Thriller","movieID":411,"title":"After Alice (Eye of the Killer)"},{"genre":"Drama","movieID":412,"title":"Stalin"},{"genre":"Comedy","movieID":413,"title":"Lollilove"},{"genre":"Drama|Romance","movieID":414,"title":"Hoosiers (a.k.a. Best Shot)"},{"genre":"Drama|Romance","movieID":415,"title":"Makioka Sisters, The (Sasame-yuki)"},{"genre":"Crime|Drama|Romance","movieID":416,"title":"Death in Buenos Aires (Muerte en Buenos Aires)"},{"genre":"Drama|Romance","movieID":417,"title":"Our Daily Bread"},{"genre":"Drama","movieID":418,"title":"Black Butterflies"},{"genre":"Drama","movieID":419,"title":"Tales of Ordinary Madness (Storie di Ordinaria Follia)"},{"genre":"Horror|Mystery|Thriller","movieID":420,"title":"Rose Red"},{"genre":"Horror|Mystery|Sci-Fi|Thriller","movieID":421,"title":"The Whisperer in Darkness"},{"genre":"Comedy","movieID":422,"title":"Den enskilde medborgaren"},{"genre":"Thriller","movieID":423,"title":"Messenger of Death"},{"genre":"Documentary","movieID":424,"title":"Holy Wars"},{"genre":"Documentary","movieID":425,"title":"La Rabbia"},{"genre":"Drama","movieID":426,"title":"Daughter of the Nile (Ni luo he nu er)"},{"genre":"Horror|Mystery|Thriller","movieID":427,"title":"Breathing Room"},{"genre":"Drama|Musical|Romance","movieID":428,"title":"Goodbye, Mr. Chips"},{"genre":"Comedy","movieID":429,"title":"Wirey Spindell"},{"genre":"Drama","movieID":430,"title":"Elles"},{"genre":"Action|Drama|Sci-Fi|Thriller","movieID":431,"title":"Star Trek: Nemesis"},{"genre":"Drama|Film-Noir|Romance","movieID":432,"title":"Woman on the Beach, The"},{"genre":"Action|Drama","movieID":433,"title":"True Legend (Su Qi-Er)"},{"genre":"Drama","movieID":434,"title":"Jamaica Inn"},{"genre":"Action","movieID":435,"title":"First Target"},{"genre":"Comedy","movieID":436,"title":"Boeing, Boeing"},{"genre":"Horror","movieID":437,"title":"The Oblong Box"},{"genre":"Comedy|Horror","movieID":438,"title":"Sleeping Car, The"},{"genre":"Drama","movieID":439,"title":"Go Now"},{"genre":"Drama","movieID":440,"title":"Morgen"},{"genre":"Action|Adventure|Drama","movieID":441,"title":"Scott of the Antarctic"},{"genre":"Comedy|Romance","movieID":442,"title":"Vicky Donor"},{"genre":"Documentary","movieID":443,"title":"Vinyl"},{"genre":"Horror|Mystery|Thriller","movieID":444,"title":"Strange Circus (Kimyô na sâkasu)"},{"genre":"Horror","movieID":445,"title":"Greystone Park"},{"genre":"Adventure|Comedy|Horror|Romance","movieID":446,"title":"Dr. Phibes Rises Again"},{"genre":"Drama|Romance","movieID":447,"title":"Quiet Man, The"},{"genre":"Documentary","movieID":448,"title":"My First War"},{"genre":"Drama|Romance","movieID":449,"title":"Vivere"},{"genre":"Documentary","movieID":450,"title":"Cheshire Murders, The"},{"genre":"Drama|Romance","movieID":451,"title":"All Mine to Give"},{"genre":"Musical|Romance|Western","movieID":452,"title":"Girl of the Golden West"},{"genre":"Children|Comedy","movieID":453,"title":"I, Cesar (Moi César, 10 ans 1/2, 1m39)"},{"genre":"Crime|Drama|Thriller","movieID":454,"title":"Three Way"},{"genre":"Documentary","movieID":455,"title":"Man of Aran"},{"genre":"Drama","movieID":456,"title":"Childhood of Maxim Gorky, The (Detstvo Gorkogo)"},{"genre":"Drama","movieID":457,"title":"Mondays in the Sun (Lunes al sol, Los)"},{"genre":"Drama","movieID":458,"title":"Burnt by the Sun (Utomlyonnye solntsem)"},{"genre":"Adventure|Children|Fantasy|Western","movieID":459,"title":"Tall Tale"},{"genre":"Drama","movieID":460,"title":"Man There Was, A (Terje Vigen)"},{"genre":"Comedy|Crime|Drama|Romance","movieID":461,"title":"Green Butchers, The (Grønne slagtere, De)"},{"genre":"Fantasy|Horror|Thriller","movieID":462,"title":"Silent Hill"},{"genre":"Drama|Romance","movieID":463,"title":"Star for Two, A"},{"genre":"Comedy|Romance","movieID":464,"title":"Millionaire for Christy, A (Golden Goose) (No Room for the Groom)"},{"genre":"Action|Drama","movieID":465,"title":"Breed Apart, A"},{"genre":"Comedy|Drama","movieID":466,"title":"Intervista"},{"genre":"Comedy|Sci-Fi","movieID":467,"title":"Heartbeeps"},{"genre":"Drama","movieID":468,"title":"Pastoral Hide and Seek (Den-en ni shisu)"},{"genre":"Drama","movieID":469,"title":"From the Clouds to the Resistance (Dalla nube alla resistenza)"},{"genre":"Documentary","movieID":470,"title":"Double Dare"},{"genre":"Action|Horror|Thriller","movieID":471,"title":"Mulberry Street"},{"genre":"Horror|Mystery|Thriller","movieID":472,"title":"Ringu (Ring)"},{"genre":"Drama|Thriller","movieID":473,"title":"Beautiful"},{"genre":"Comedy|Horror|Sci-Fi","movieID":474,"title":"Top of the Food Chain (a.k.a. Invasion!)"},{"genre":"Documentary","movieID":475,"title":"Shanghai Ghetto"},{"genre":"Drama|Romance","movieID":476,"title":"Day He Arrives, The (Book chon bang hyang)"},{"genre":"Action|War","movieID":477,"title":"Dirty Dozen: Next Mission, The"},{"genre":"Drama|War","movieID":478,"title":"Hell to Eternity"},{"genre":"Drama|Romance","movieID":479,"title":"Pola X"},{"genre":"Drama","movieID":480,"title":"In Praise of Love (Éloge de l'amour)"},{"genre":"Drama","movieID":481,"title":"British Intelligence"},{"genre":"Comedy","movieID":482,"title":"AmeriQua"},{"genre":"Action|Adventure","movieID":483,"title":"Three Musketeers, The"},{"genre":"Drama|Fantasy|Mystery|Romance","movieID":484,"title":"Portrait of Jennie"},{"genre":"Drama","movieID":485,"title":"Month in the Country, A"},{"genre":"Action|Thriller","movieID":486,"title":"Daylight (Daglicht)"},{"genre":"Drama|Romance","movieID":487,"title":"Divorcee, The"},{"genre":"Comedy|Drama","movieID":488,"title":"Toughest Man in the World, The"},{"genre":"Children|Comedy","movieID":489,"title":"Mystery, Alaska"},{"genre":"Comedy|Drama|Fantasy|Musical","movieID":490,"title":"O Lucky Man!"},{"genre":"Action|Adventure|Animation|Comedy|Thriller","movieID":491,"title":"Teenage Mutant Ninja Turtles: Turtles Forever"},{"genre":"Drama","movieID":492,"title":"Don't Move (Non ti muovere)"},{"genre":"Crime|Drama|Romance","movieID":493,"title":"Petrified Forest, The"},{"genre":"Action|Adventure|Crime|Thriller","movieID":494,"title":"Hobo with a Shotgun"},{"genre":"Comedy|Drama|Romance","movieID":495,"title":"Wedding Banquet, The (Xi yan)"},{"genre":"Documentary|Drama","movieID":496,"title":"Is It Easy to be Young?"},{"genre":"Western","movieID":497,"title":"Return of Django (Son of Django) (Figlio di Django, Il)"},{"genre":"Comedy|Documentary","movieID":498,"title":"Exit Through the Gift Shop"},{"genre":"Documentary","movieID":499,"title":"Such Hawks Such Hounds"},{"genre":"Adventure","movieID":500,"title":"The Corsican Brothers"},{"genre":"Drama|War","movieID":501,"title":"Poll Diaries, The (Poll)"},{"genre":"Documentary","movieID":502,"title":"Erasing David"},{"genre":"Adventure|Comedy","movieID":503,"title":"Dumb & Dumber (Dumb and Dumber)"},{"genre":"Drama|Romance","movieID":504,"title":"Three Degrees Colder (3° kälter)"},{"genre":"Action|Crime|Drama|Romance|Thriller","movieID":505,"title":"Burnt Money (Plata Quemada)"},{"genre":"Drama|Thriller","movieID":506,"title":"Devil's Pond"},{"genre":"Comedy|Drama","movieID":507,"title":"August: Osage County"},{"genre":"Drama|Thriller","movieID":508,"title":"Coriolanus"},{"genre":"Drama|Romance","movieID":509,"title":"Honey"},{"genre":"Thriller","movieID":510,"title":"I as in Icarus (I... comme Icare)"},{"genre":"Drama","movieID":511,"title":"Sybil"},{"genre":"Comedy|Crime|Drama|Thriller","movieID":512,"title":"Body Count"},{"genre":"Drama|Romance","movieID":513,"title":"Mother Carey's Chickens"},{"genre":"Drama","movieID":514,"title":"Street Without End (Kagirinaki hodo)"},{"genre":"Thriller","movieID":515,"title":"Red Rock West"},{"genre":"Western","movieID":516,"title":"Hombre"},{"genre":"Comedy|Romance","movieID":517,"title":"Buying the Cow"},{"genre":"Action|Comedy|Sci-Fi|IMAX","movieID":518,"title":"Men in Black III (M.III.B.) (M.I.B.³)"},{"genre":"Action|Adventure","movieID":519,"title":"The Hunchback of Paris"},{"genre":"Adventure|Children|Comedy|Fantasy|Romance","movieID":520,"title":"Kid in King Arthur's Court, A"},{"genre":"Comedy|Drama","movieID":521,"title":"Schultze Gets the Blues"},{"genre":"Drama|Horror|Thriller","movieID":522,"title":"House"},{"genre":"Comedy","movieID":523,"title":"Bustin' Loose"},{"genre":"Drama","movieID":524,"title":"Fate Is the Hunter"},{"genre":"Drama|Mystery|Thriller","movieID":525,"title":"Cold Trail (Köld slóð)"},{"genre":"Drama","movieID":526,"title":"Eden"},{"genre":"Crime|Drama|Mystery","movieID":527,"title":"The Missing"},{"genre":"Drama","movieID":528,"title":"Miss Julie"},{"genre":"Animation|Children|Fantasy|Musical","movieID":529,"title":"Pinocchio"},{"genre":"Drama","movieID":530,"title":"Umberto D."},{"genre":"Drama|War","movieID":531,"title":"War Witch (Rebelle)"},{"genre":"Drama","movieID":532,"title":"Salo, or The 120 Days of Sodom (Salò o le 120 giornate di Sodoma)"},{"genre":"Drama","movieID":533,"title":"Quinceañera"},{"genre":"Documentary|Musical","movieID":534,"title":"Cosmic Psychos: Blokes You Can Trust"},{"genre":"Action","movieID":535,"title":"Tournament, The"},{"genre":"Drama","movieID":536,"title":"Sunshine"},{"genre":"Crime|Drama|Thriller","movieID":537,"title":"Karla"},{"genre":"Drama","movieID":538,"title":"The Horseplayer"},{"genre":"Western","movieID":539,"title":"Desert Trail, The"},{"genre":"Adventure|Sci-Fi|Thriller","movieID":540,"title":"The Hunger Games: Mockingjay - Part 1"},{"genre":"Comedy|Drama","movieID":541,"title":"Bonneville"},{"genre":"Documentary|Musical","movieID":542,"title":"Punk in London"},{"genre":"Action|Adventure|Comedy|Sci-Fi","movieID":543,"title":"Land of the Lost"},{"genre":"Adventure|Drama","movieID":544,"title":"1492: Conquest of Paradise"},{"genre":"Animation|Children|Comedy","movieID":545,"title":"Animals United"},{"genre":"Comedy","movieID":546,"title":"Associate, The"},{"genre":"Animation|Children|Comedy","movieID":547,"title":"Kung Fu Panda Holiday Special"},{"genre":"Comedy|Romance","movieID":548,"title":"Bed & Breakfast: Love is a Happy Accident (Bed & Breakfast)"},{"genre":"Comedy","movieID":549,"title":"Siegfried"},{"genre":"Action|Adventure|Comedy|Fantasy|Horror|Thriller","movieID":550,"title":"Mummy, The"},{"genre":"Documentary","movieID":551,"title":"Harvard Beats Yale 29-29"},{"genre":"Comedy","movieID":552,"title":"Flight of the Conchords: A Texan Odyssey"},{"genre":"Drama","movieID":553,"title":"Plenty"},{"genre":"Comedy","movieID":554,"title":"Diminished Capacity"},{"genre":"(no genres listed)","movieID":555,"title":"Slumber Party '57"},{"genre":"Comedy|Horror","movieID":556,"title":"WNUF Halloween Special"},{"genre":"Comedy|Fantasy","movieID":557,"title":"High Test Girls"},{"genre":"Horror","movieID":558,"title":"Survival of the Dead"},{"genre":"Action|Adventure|Sci-Fi|Thriller","movieID":559,"title":"Escape from L.A."},{"genre":"Comedy","movieID":560,"title":"Christmas Party, The (Joulubileet)"},{"genre":"Sci-Fi","movieID":561,"title":"Things to Come"},{"genre":"Drama","movieID":562,"title":"SherryBaby"},{"genre":"Crime|Film-Noir|Thriller","movieID":563,"title":"Night Court"},{"genre":"Drama|Musical","movieID":564,"title":"Million Dollar Mermaid"},{"genre":"Action|Drama","movieID":565,"title":"Mixed Blood"},{"genre":"Documentary","movieID":566,"title":"Lunch Break"},{"genre":"Drama|Romance","movieID":567,"title":"Weary River"},{"genre":"Comedy|Horror","movieID":568,"title":"Transylvania 6-5000"},{"genre":"Documentary","movieID":569,"title":"King Leopold's Ghost"},{"genre":"Comedy|Drama|Fantasy","movieID":570,"title":"Being John Malkovich"},{"genre":"Horror|Thriller","movieID":571,"title":"Dementia 13"},{"genre":"Documentary","movieID":572,"title":"Boogie Man: The Lee Atwater Story"},{"genre":"Drama","movieID":573,"title":"Pointe-Courte, La"},{"genre":"Crime|Drama|Film-Noir|Thriller","movieID":574,"title":"High Sierra"},{"genre":"Comedy","movieID":575,"title":"Delicate Art of Parking, The"},{"genre":"Drama|Film-Noir|Romance","movieID":576,"title":"Champion"},{"genre":"Comedy|Crime|Drama|Mystery","movieID":577,"title":"The Case of the Curious Bride"},{"genre":"Comedy|Drama","movieID":578,"title":"Perfect Family, The"},{"genre":"Drama|Romance|War","movieID":579,"title":"Pornography (Pornografia)"},{"genre":"Comedy","movieID":580,"title":"All in a Night's Work"},{"genre":"Action|Crime|Thriller","movieID":581,"title":"Judgment Night"},{"genre":"Mystery|Thriller","movieID":582,"title":"Bat, The"},{"genre":"Drama|Romance","movieID":583,"title":"Lady Chatterley's Lover"},{"genre":"Drama|War","movieID":584,"title":"As Far As My Feet Will Carry Me (So weit die Füße tragen)"},{"genre":"Comedy|Drama|Mystery","movieID":585,"title":"Frank"},{"genre":"Drama|Sci-Fi","movieID":586,"title":"Enigma"},{"genre":"Action|Comedy","movieID":587,"title":"Easy Wheels"},{"genre":"Comedy|Horror|Mystery","movieID":588,"title":"One Body Too Many"},{"genre":"Documentary","movieID":589,"title":"Vito"},{"genre":"Documentary","movieID":590,"title":"My Brother the Terrorist"},{"genre":"Crime|Drama|Romance","movieID":591,"title":"Brazilian Western (Faroeste Caboclo)"},{"genre":"Comedy|Musical","movieID":592,"title":"Happiest Millionaire, The"},{"genre":"Comedy|Drama","movieID":593,"title":"Change of Plans (Le code a changé)"},{"genre":"Drama","movieID":594,"title":"Written on the Wind"},{"genre":"Drama|Romance","movieID":595,"title":"Revolutionary Road"},{"genre":"Drama","movieID":596,"title":"Three Comrades"},{"genre":"Comedy","movieID":597,"title":"Bridesmaids"},{"genre":"Documentary","movieID":598,"title":"Sound City"},{"genre":"Comedy","movieID":599,"title":"Morsian yllättää"},{"genre":"Horror","movieID":600,"title":"13/13/13"},{"genre":"Documentary","movieID":601,"title":"Midnight Movies: From the Margin to the Mainstream"},{"genre":"Crime|Drama|Mystery","movieID":602,"title":"Suspect X (Yôgisha X no kenshin)"},{"genre":"Documentary","movieID":603,"title":"Four Seasons (Seasons, The) (Vremena goda)"},{"genre":"Crime|Drama|Mystery|Thriller","movieID":604,"title":"Interview, The"},{"genre":"Crime|Drama","movieID":605,"title":"Night of the Following Day, The"},{"genre":"Comedy|Drama","movieID":606,"title":"Lightnin'"},{"genre":"Comedy|Drama|Romance","movieID":607,"title":"Secretary"},{"genre":"Horror","movieID":608,"title":"Anatomy (Anatomie)"},{"genre":"Drama|Mystery","movieID":609,"title":"In the Heat of the Night"},{"genre":"Crime|Mystery","movieID":610,"title":"Appointment with Death"},{"genre":"Children|Drama","movieID":611,"title":"Kim"},{"genre":"Drama|Fantasy|Romance","movieID":612,"title":"Beastly"},{"genre":"Drama|Fantasy|Musical","movieID":613,"title":"Scrooge"},{"genre":"Comedy","movieID":614,"title":"Craig Ferguson: A Wee Bit o' Revolution"},{"genre":"Horror","movieID":615,"title":"Texas Chainsaw Massacre 2, The"},{"genre":"Thriller","movieID":616,"title":"Borgman"},{"genre":"Drama|Romance","movieID":617,"title":"Sound and the Fury, The"},{"genre":"Horror","movieID":618,"title":"Chillers"},{"genre":"Drama","movieID":619,"title":"Cold Weather"},{"genre":"Documentary","movieID":620,"title":"Human Experience, The"},{"genre":"Action|Crime|Drama","movieID":621,"title":"New Jack City"},{"genre":"Comedy|Drama|Fantasy","movieID":622,"title":"Odd Life of Timothy Green, The"},{"genre":"Comedy|Romance","movieID":623,"title":"When Harry Met Sally..."},{"genre":"Drama","movieID":624,"title":"We and the I, The"},{"genre":"Comedy|Musical","movieID":625,"title":"West Point Story, The"},{"genre":"Drama|Romance","movieID":626,"title":"Sea Gull, The"},{"genre":"Action|Adventure|War","movieID":627,"title":"Navy Seals"},{"genre":"Crime|Drama","movieID":628,"title":"Someone Like You (Unnaipol Oruvan)"},{"genre":"Drama|Thriller","movieID":629,"title":"Bottom of the Sea, The (El fondo del mar)"},{"genre":"Animation","movieID":630,"title":"Bleach: Fade to Black (Bur&#299;chi Fade to Black Kimi no Na o Yobu)"},{"genre":"Drama|Romance","movieID":631,"title":"Save the Last Dance 2"},{"genre":"Horror|Thriller","movieID":632,"title":"Incubus, The"},{"genre":"Children|Comedy","movieID":633,"title":"Home Alone 3"},{"genre":"Comedy|Crime","movieID":634,"title":"Seven Psychopaths"},{"genre":"Comedy|Drama","movieID":635,"title":"Little Nicholas (Le petit Nicolas)"},{"genre":"Documentary","movieID":636,"title":"Silent World, The (Le monde du silence)"},{"genre":"Drama","movieID":637,"title":"Putty Hill"},{"genre":"Action|Adventure|Animation|Children|Comedy","movieID":638,"title":"Bolt"},{"genre":"Thriller","movieID":639,"title":"Canyon, The"},{"genre":"Adventure|Children|Comedy|Fantasy","movieID":640,"title":"Shaggy Dog, The"},{"genre":"Drama|Thriller","movieID":641,"title":"Zandalee"},{"genre":"Comedy","movieID":642,"title":"Konopielka"},{"genre":"Drama","movieID":643,"title":"Babbitt"},{"genre":"Drama","movieID":644,"title":"Shop on Main Street, The (Obchod na korze)"},{"genre":"Drama|Mystery|Thriller","movieID":645,"title":"Kissed by Winter (Vinterkyss)"},{"genre":"Comedy|Drama","movieID":646,"title":"Deconstructing Harry"},{"genre":"Comedy|Crime|Romance","movieID":647,"title":"Gigli"},{"genre":"Romance","movieID":648,"title":"Hugo Pool"},{"genre":"Crime|Drama","movieID":649,"title":"Child I Never Was, The (Leben lang kurze Hosen Tragen, Ein)"},{"genre":"Children|Comedy|Sci-Fi","movieID":650,"title":"Honey, I Blew Up the Kid"},{"genre":"Drama","movieID":651,"title":"Music of Chance, The"},{"genre":"Action","movieID":652,"title":"T.N.T."},{"genre":"Comedy","movieID":653,"title":"Special Correspondents (Envoyés très spéciaux)"},{"genre":"Documentary","movieID":654,"title":"Sing Your Song"},{"genre":"Drama","movieID":655,"title":"Clown and the Kid, The"},{"genre":"Documentary","movieID":656,"title":"Great Communist Bank Robbery (Marele jaf comunist)"},{"genre":"Comedy|Sci-Fi","movieID":657,"title":"Repo Man"},{"genre":"Adventure|Comedy|Sci-Fi","movieID":658,"title":"Hitch Hikers Guide to the Galaxy, The"},{"genre":"Comedy|Romance|Thriller","movieID":659,"title":"Secret Life of Walter Mitty, The"},{"genre":"Drama","movieID":660,"title":"That Was Then... This Is Now"},{"genre":"Action|Comedy|Crime","movieID":661,"title":"V2: Dead Angel (Vares 2 - Jäätynyt Enkeli)"},{"genre":"Animation|Sci-Fi|IMAX","movieID":662,"title":"Monsters vs. Aliens"},{"genre":"Drama","movieID":663,"title":"Slaves of New York"},{"genre":"Horror","movieID":664,"title":"Laid To Rest"},{"genre":"Documentary","movieID":665,"title":"DiG!"},{"genre":"Drama|Horror","movieID":666,"title":"Cronos"},{"genre":"Thriller","movieID":667,"title":"Il fiore dai petali d'acciaio"},{"genre":"Crime|Mystery","movieID":668,"title":"Death on the Nile"},{"genre":"Action|Crime|Thriller","movieID":669,"title":"Restless (Uro)"},{"genre":"Drama","movieID":670,"title":"Ordinary People"},{"genre":"Action|Drama","movieID":671,"title":"Mixed Blood"},{"genre":"Drama","movieID":672,"title":"A Night for Dying Tigers"},{"genre":"Adventure|Comedy|Sci-Fi","movieID":673,"title":"Bill & Ted's Excellent Adventure"},{"genre":"War","movieID":674,"title":"Ghetto (Vilniaus Getas)"},{"genre":"Documentary","movieID":675,"title":"Captain Mike Across America (Slacker Uprising)"},{"genre":"Comedy|Crime","movieID":676,"title":"Duplex"},{"genre":"Action|Adventure|Drama|War","movieID":677,"title":"1911 (Xinhai geming)"},{"genre":"Drama","movieID":678,"title":"Yi Yi"},{"genre":"Drama","movieID":679,"title":"Above Us Only Sky"},{"genre":"Action|Drama|Sci-Fi|Thriller","movieID":680,"title":"Core, The"},{"genre":"Action|Comedy|Crime","movieID":681,"title":"White Chicks"},{"genre":"Drama","movieID":682,"title":"Beginners"},{"genre":"(no genres listed)","movieID":683,"title":"The Private Life of a Cat"},{"genre":"Crime|Mystery|Thriller","movieID":684,"title":"Mirror Crack'd, The"},{"genre":"Drama","movieID":685,"title":"Stolen Life, A"},{"genre":"Horror|Mystery|Thriller","movieID":686,"title":"Unborn, The"},{"genre":"Action|Adventure|Sci-Fi","movieID":687,"title":"Mad Max Beyond Thunderdome"},{"genre":"Drama|Musical","movieID":688,"title":"Cadillac Records"},{"genre":"Comedy","movieID":689,"title":"Trainer on the Beach 2"},{"genre":"Action|Crime|Thriller","movieID":690,"title":"Un Poliziotto Scomodo"},{"genre":"Drama","movieID":691,"title":"Margaret's Museum"},{"genre":"Documentary","movieID":692,"title":"Sins of My Father"},{"genre":"Comedy|Drama|Romance","movieID":693,"title":"Desperately Seeking Susan"},{"genre":"Comedy|Horror","movieID":694,"title":"Elvira, Mistress of the Dark"},{"genre":"Animation|Children|Fantasy","movieID":695,"title":"Hobbit, The"},{"genre":"Comedy|Drama|Romance","movieID":696,"title":"Garbage Prince"},{"genre":"Drama","movieID":697,"title":"Mala Noche"},{"genre":"Drama","movieID":698,"title":"Traveler, The (Mossafer)"},{"genre":"Drama","movieID":699,"title":"Shine of Rainbows, A"},{"genre":"Drama","movieID":700,"title":"Cotton Mary"},{"genre":"Drama","movieID":701,"title":"Autumn Sonata (Höstsonaten)"},{"genre":"Comedy","movieID":702,"title":"Farsan"},{"genre":"Drama|War","movieID":703,"title":"Mysterious X, The (Sealed Orders) (Det hemmelighedsfulde X)"},{"genre":"Drama","movieID":704,"title":"Doctor, The"},{"genre":"Documentary","movieID":705,"title":"Being Elmo: A Puppeteer's Journey"},{"genre":"Documentary","movieID":706,"title":"GLOW: The Story of the Gorgeous Ladies of Wrestling"},{"genre":"Drama","movieID":707,"title":"I Am Taraneh, I Am Fifteen Years Old (Man, taraneh, panzdah sal daram)"},{"genre":"Drama","movieID":708,"title":"Black Balloon, The"},{"genre":"Comedy","movieID":709,"title":"Nadine"},{"genre":"Crime|Drama|Thriller","movieID":710,"title":"Best of Times, The (Mei li shi guang)"},{"genre":"Comedy|Romance","movieID":711,"title":"Finding Bliss"},{"genre":"Adventure|Drama","movieID":712,"title":"High Wind in Jamaica, A"},{"genre":"Comedy|Romance","movieID":713,"title":"Manual of Love 2 (Manuale d'amore (capitoli successivi))"},{"genre":"Drama|Romance","movieID":714,"title":"Paris, Texas"},{"genre":"Action","movieID":715,"title":"American Ninja 4: The Annihilation"},{"genre":"Drama","movieID":716,"title":"Home of Dark Butterflies, The (Tummien perhosten koti)"},{"genre":"Drama","movieID":717,"title":"Private Romeo"},{"genre":"Crime|Drama|Thriller","movieID":718,"title":"Just Another Love Story (Kærlighed på film)"},{"genre":"Documentary","movieID":719,"title":"The Disappeared"},{"genre":"Horror|Thriller","movieID":720,"title":"Elfie Hopkins: Cannibal Hunter"},{"genre":"Comedy|Drama|Romance","movieID":721,"title":"Importance of Being Earnest, The"},{"genre":"Documentary","movieID":722,"title":"Silent World, The (Le monde du silence)"},{"genre":"Crime|Drama|Romance","movieID":723,"title":"Gretchen the Greenhorn"},{"genre":"Drama","movieID":724,"title":"Melbourne"},{"genre":"Documentary","movieID":725,"title":"Shock Doctrine, The"},{"genre":"Documentary","movieID":726,"title":"Human Behavior Experiments, The"},{"genre":"Documentary|Musical","movieID":727,"title":"Stones in Exile"},{"genre":"Action|Drama","movieID":728,"title":"Billy Jack"},{"genre":"Children|Comedy","movieID":729,"title":"Down and Derby"},{"genre":"Drama","movieID":730,"title":"Callejón de los milagros, El"},{"genre":"Horror|Thriller","movieID":731,"title":"New Daughter, The"},{"genre":"Children|Musical|Romance","movieID":732,"title":"Curly Top"},{"genre":"Comedy|Drama","movieID":733,"title":"Pleasures of the Flesh (Etsuraku)"},{"genre":"Crime|Drama|Horror","movieID":734,"title":"Guilty of Romance (Koi no tsumi) "},{"genre":"Comedy|Drama","movieID":735,"title":"Solitary Man"},{"genre":"Action|Adventure|Sci-Fi","movieID":736,"title":"Rocketeer, The"},{"genre":"Drama","movieID":737,"title":"Lawn Dogs"},{"genre":"Drama|Romance","movieID":738,"title":"Carrie"},{"genre":"Comedy|Drama","movieID":739,"title":"Only When I Laugh"},{"genre":"Sci-Fi","movieID":740,"title":"Earth vs. the Flying Saucers"},{"genre":"Comedy","movieID":741,"title":"Fatal Instinct"},{"genre":"Documentary","movieID":742,"title":"Better Living Through Circuitry"},{"genre":"Documentary","movieID":743,"title":"Punk's Not Dead"},{"genre":"Drama|Romance","movieID":744,"title":"Playboys, The"},{"genre":"Adventure|Animation|Children|Comedy|Fantasy","movieID":745,"title":"Asterix and the Vikings (Astérix et les Vikings)"},{"genre":"Action|Crime|Drama","movieID":746,"title":"Rich and Famous (Gong woo ching)"},{"genre":"Action|Adventure|Fantasy","movieID":747,"title":"7th Voyage of Sinbad, The"},{"genre":"Horror|Sci-Fi","movieID":748,"title":"Invisible Man, The"},{"genre":"Children","movieID":749,"title":"Quatsch und die Nasenbärbande"},{"genre":"Crime|Thriller","movieID":750,"title":"John Doe: Vigilante"},{"genre":"Animation","movieID":751,"title":"Merry Madagascar"},{"genre":"Drama","movieID":752,"title":"Beast at Bay, A"},{"genre":"Drama","movieID":753,"title":"Rendez-vous"},{"genre":"Drama|Thriller","movieID":754,"title":"Fail Safe"},{"genre":"Drama|Romance","movieID":755,"title":"Employees' Entrance"},{"genre":"Drama","movieID":756,"title":"Against the Current"},{"genre":"Horror|Thriller","movieID":757,"title":"They"},{"genre":"Drama|Musical|Romance","movieID":758,"title":"Moulin Rouge"},{"genre":"Drama","movieID":759,"title":"Last Letter, The (La dernière lettre)"},{"genre":"Drama|Romance|War","movieID":760,"title":"Shopworn Angel, The"},{"genre":"Drama","movieID":761,"title":"Sugar Cane Alley (Rue cases nègres)"},{"genre":"Drama","movieID":762,"title":"Jim Thorpe -- All-American"},{"genre":"Comedy","movieID":763,"title":"Mistress"},{"genre":"Comedy|Drama","movieID":764,"title":"Lucky Numbers"},{"genre":"Adventure|Sci-Fi","movieID":765,"title":"Land That Time Forgot, The"},{"genre":"Comedy|Sci-Fi","movieID":766,"title":"Way... Way Out"},{"genre":"Comedy|Horror|Sci-Fi","movieID":767,"title":"Critters 4"},{"genre":"Drama","movieID":768,"title":"Chariots of Fire"},{"genre":"Drama","movieID":769,"title":"Small Town, The (a.k.a. The Town) (Kasaba)"},{"genre":"Drama|Horror","movieID":770,"title":"London After Midnight"},{"genre":"Drama","movieID":771,"title":"Everybody's Got Somebody... Not Me"},{"genre":"Comedy","movieID":772,"title":"Vice Versa"},{"genre":"Action|Adventure|Comedy|Sci-Fi","movieID":773,"title":"Space Cowboys"},{"genre":"Horror","movieID":774,"title":"The Face of Marble"},{"genre":"Documentary","movieID":775,"title":"Citizen Koch"},{"genre":"Children|Drama|Sci-Fi","movieID":776,"title":"Advantageous"},{"genre":"Comedy","movieID":777,"title":"Ernest Scared Stupid"},{"genre":"Drama","movieID":778,"title":"Al otro lado"},{"genre":"Western","movieID":779,"title":"Cowboy"},{"genre":"Children|Horror","movieID":780,"title":"The Boy Who Cried Werewolf"},{"genre":"Comedy|Drama","movieID":781,"title":"Last Call, The (Tercera Llamada)"},{"genre":"Children|Comedy|Drama","movieID":782,"title":"Feast at Midnight, A"},{"genre":"Comedy","movieID":783,"title":"Pootie Tang"},{"genre":"Drama","movieID":784,"title":"Riding Alone for Thousands of Miles (Qian li zou dan qi)"},{"genre":"Comedy|Drama|Romance","movieID":785,"title":"In Therapy (Divã)"},{"genre":"Comedy|Drama|Romance","movieID":786,"title":"King of Comedy (Hei kek ji wong)"},{"genre":"Action|Comedy|Fantasy","movieID":787,"title":"Vampire Academy"},{"genre":"Drama|Thriller","movieID":788,"title":"Life Before Her Eyes, The"},{"genre":"Comedy|Drama","movieID":789,"title":"Volver"},{"genre":"Comedy|Drama|Romance|Western","movieID":790,"title":"Cowboy and the Lady, The"},{"genre":"Comedy","movieID":791,"title":"Babysitting"},{"genre":"Comedy|Fantasy|Horror","movieID":792,"title":"Demonic Toys"},{"genre":"Comedy|Drama|Romance","movieID":793,"title":"Italian for Beginners (Italiensk for begyndere)"},{"genre":"Drama|Romance","movieID":794,"title":"Bird of the Air, A (Loop, The)"},{"genre":"Comedy|Romance","movieID":795,"title":"Arthur 2: On the Rocks"},{"genre":"Action|Crime|Mystery|Sci-Fi|Thriller","movieID":796,"title":"Ticking Clock"},{"genre":"Action|Drama|War","movieID":797,"title":"Battle of the Warriors"},{"genre":"Comedy|Drama","movieID":798,"title":"Vicious Kind, The"},{"genre":"Horror","movieID":799,"title":"Don't Go in the House"},{"genre":"Comedy|Romance","movieID":800,"title":"She's the One"},{"genre":"Crime|Thriller","movieID":801,"title":"Pusher"},{"genre":"Documentary","movieID":802,"title":"Human Planet"},{"genre":"Comedy","movieID":803,"title":"Tammy"},{"genre":"Drama","movieID":804,"title":"Pushing Hands (Tui shou)"},{"genre":"Action|Crime","movieID":805,"title":"New Wave, A"},{"genre":"Comedy|Drama|Mystery|Thriller","movieID":806,"title":"Ditirambo"},{"genre":"Drama","movieID":807,"title":"Puerta de Hierro, el exilio de Perón"},{"genre":"Adventure|Children|Comedy|Drama","movieID":808,"title":"Wizard, The"},{"genre":"Crime|Mystery|Thriller","movieID":809,"title":"St. Ives"},{"genre":"Crime|Drama|Mystery|Thriller","movieID":810,"title":"Mr. Moto in Danger Island"},{"genre":"Comedy|Romance","movieID":811,"title":"Bar Girls"},{"genre":"Action|Adventure|Children|Comedy|Sci-Fi","movieID":812,"title":"Spy Kids: All the Time in the World in 4D"},{"genre":"Comedy","movieID":813,"title":"Holiday (Jour de fête)"},{"genre":"Horror|Mystery|Thriller","movieID":814,"title":"Mirrors"},{"genre":"Documentary","movieID":815,"title":"Bowling for Columbine"},{"genre":"Action|Drama|War","movieID":816,"title":"The Eagle and the Hawk"},{"genre":"Horror|Thriller","movieID":817,"title":"He Knows You're Alone (a.k.a. Blood Wedding)"},{"genre":"Documentary","movieID":818,"title":"Shadows of Liberty "},{"genre":"Drama","movieID":819,"title":"Gorgeous Hussy, The"},{"genre":"Adventure|Children|Comedy|Musical|Sci-Fi","movieID":820,"title":"Captain EO"},{"genre":"Horror","movieID":821,"title":"The Oblong Box"},{"genre":"Comedy|Drama|Musical","movieID":822,"title":"Bandslam"},{"genre":"Action|Comedy|Crime|Thriller","movieID":823,"title":"Remo Williams: The Adventure Begins"},{"genre":"Documentary","movieID":824,"title":"Modify "},{"genre":"Comedy","movieID":825,"title":"Blue State"},{"genre":"Comedy|Documentary|Romance","movieID":826,"title":"Vermont Is For Lovers"},{"genre":"Comedy","movieID":827,"title":"100 Men and a Girl (One Hundred Men and a Girl)"},{"genre":"Comedy","movieID":828,"title":"Jonah Who Will Be 25 in the Year 2000 (Jonas qui aura 25 ans en l'an 2000)"},{"genre":"Drama|Romance","movieID":829,"title":"Secrets, The (Sodot, Ha-)"},{"genre":"Crime|Drama","movieID":830,"title":"Night of the Following Day, The"},{"genre":"Drama|Musical|Thriller","movieID":831,"title":"Psych-Out"},{"genre":"Crime|Drama","movieID":832,"title":"Blues Harp"},{"genre":"Drama|War","movieID":833,"title":"Bell for Adano, A (John Hersey's A Bell for Adano)"},{"genre":"Drama","movieID":834,"title":"Wild Side"},{"genre":"Action|Crime|Drama|Sci-Fi|Thriller","movieID":835,"title":"RoboCop"},{"genre":"Comedy","movieID":836,"title":"Little Voice"},{"genre":"Comedy","movieID":837,"title":"Les Tuche"},{"genre":"Documentary","movieID":838,"title":"Backyard, The"},{"genre":"Comedy|Thriller","movieID":839,"title":"Bad Eggs"},{"genre":"Horror|Thriller","movieID":840,"title":"Surgeon, The"},{"genre":"Thriller","movieID":841,"title":"Entitled, The"},{"genre":"Action|Sci-Fi|Thriller","movieID":842,"title":"Godzilla Against MechaGodzilla (Gojira tai Mekagojira)"},{"genre":"Drama|Romance","movieID":843,"title":"Dog Tags"},{"genre":"Comedy|Drama","movieID":844,"title":"How About You..."},{"genre":"Drama","movieID":845,"title":"Todos eran culpables"},{"genre":"Comedy","movieID":846,"title":"Goat, The"},{"genre":"Action|Crime|Drama|Thriller","movieID":847,"title":"Line, The (La linea)"},{"genre":"Adventure|Children","movieID":848,"title":"My Side of the Mountain"},{"genre":"Comedy|Musical|Romance","movieID":849,"title":"I'll Be There"},{"genre":"Action|Adventure|Thriller|War","movieID":850,"title":"Marksman, The"},{"genre":"Comedy|Drama|Romance","movieID":851,"title":"Margaret"},{"genre":"Drama|Horror|Sci-Fi","movieID":852,"title":"Frankenstein"},{"genre":"Action|Comedy","movieID":853,"title":"Simon Sez"},{"genre":"Animation|Comedy","movieID":854,"title":"The Madagascar Penguins in a Christmas Caper"},{"genre":"Comedy","movieID":855,"title":"Trading Places"},{"genre":"Crime|Mystery|Thriller","movieID":856,"title":"Reservoir Dogs"},{"genre":"Drama","movieID":857,"title":"Wilson"},{"genre":"Drama","movieID":858,"title":"Majesteit"},{"genre":"Drama","movieID":859,"title":"Hell Without Limits (Lugar sin límites, El)"},{"genre":"Drama|Horror|Mystery|Thriller","movieID":860,"title":"Tale of Two Sisters, A (Janghwa, Hongryeon)"},{"genre":"Comedy|Drama","movieID":861,"title":"American Loser (Trainwreck: My Life as an Idiot)"},{"genre":"Comedy|Drama|Romance","movieID":862,"title":"Rain or Shine"},{"genre":"Action|Crime|Horror|Sci-Fi","movieID":863,"title":"The Brides of Fu Manchu"},{"genre":"Horror","movieID":864,"title":"Day of the Dead"},{"genre":"Drama|Mystery|Western","movieID":865,"title":"Dead Man"},{"genre":"Documentary","movieID":866,"title":"Out of the Clear Blue Sky"},{"genre":"Comedy|Romance","movieID":867,"title":"Wimbledon"},{"genre":"Comedy|Drama|Fantasy","movieID":868,"title":"Girl Walks Into a Bar"},{"genre":"Adventure|Children|Comedy","movieID":869,"title":"Antboy"},{"genre":"Comedy","movieID":870,"title":"Jungle Book of Regulations, A (Nie Ma Rozy Bez Ognia)"},{"genre":"Drama|War","movieID":871,"title":"Boy in the Striped Pajamas, The (Boy in the Striped Pyjamas, The)"},{"genre":"Drama","movieID":872,"title":"Lost and Delirious"},{"genre":"Comedy","movieID":873,"title":"Do Not Disturb"},{"genre":"Comedy|Drama","movieID":874,"title":"Very Social Secretary, A"},{"genre":"Documentary","movieID":875,"title":"Rocky Saga: Going the Distance, The"},{"genre":"Action|Comedy|Crime","movieID":876,"title":"Rent-A-Cop"},{"genre":"Action|Comedy|Horror","movieID":877,"title":"Dead Snow 2: Red vs. Dead "},{"genre":"Drama","movieID":878,"title":"Cold Weather"},{"genre":"Drama","movieID":879,"title":"Day and Night (Le jour et la nuit)"},{"genre":"Drama|War","movieID":880,"title":"Sergeant York"},{"genre":"Comedy|Musical|Romance","movieID":881,"title":"What a Way to Go!"},{"genre":"Action|Drama|Thriller","movieID":882,"title":"JCVD"},{"genre":"Comedy|Drama","movieID":883,"title":"Watermelon Man"},{"genre":"Drama","movieID":884,"title":"Admissions"},{"genre":"Drama|Thriller","movieID":885,"title":"Michael"},{"genre":"Action|Sci-Fi","movieID":886,"title":"Highlander II: The Quickening"},{"genre":"Documentary","movieID":887,"title":"Good Copy Bad Copy"},{"genre":"Action|Drama|Thriller|War","movieID":888,"title":"Rambo (Rambo 4)"},{"genre":"Action|Comedy|Romance","movieID":889,"title":"Chinese Odyssey 2002 (Tian xia wu shuang)"},{"genre":"Crime|Drama|Thriller","movieID":890,"title":"Carlos"},{"genre":"(no genres listed)","movieID":891,"title":"Lilla Jönssonligan på styva linan"},{"genre":"Drama","movieID":892,"title":"Game of Their Lives, The"},{"genre":"Comedy|Drama","movieID":893,"title":"The Merry Widow"},{"genre":"Comedy|War|Western","movieID":894,"title":"Two Mules for Sister Sara"},{"genre":"Adventure|Animation|Children|Comedy","movieID":895,"title":"Penguins of Madagascar"},{"genre":"Drama","movieID":896,"title":"Street Scene"},{"genre":"Drama","movieID":897,"title":"Make Way for Tomorrow"},{"genre":"Comedy|Horror","movieID":898,"title":"Innocent Blood"},{"genre":"Comedy|Drama|Romance","movieID":899,"title":"Irony of Fate, or Enjoy Your Bath! (Ironiya sudby, ili S legkim parom!)"},{"genre":"Action|Crime|Thriller","movieID":900,"title":"S.W.A.T.: Firefight"},{"genre":"Comedy","movieID":901,"title":"Smashing Time"},{"genre":"Drama|War","movieID":902,"title":"Safe Conduct (Laissez-Passer)"},{"genre":"Documentary","movieID":903,"title":"Year Zero: The Silent Death of Cambodia"},{"genre":"Adventure|Comedy","movieID":904,"title":"Mr. Robinson Crusoe"},{"genre":"Comedy|Drama","movieID":905,"title":"Doctor Bull"},{"genre":"Drama|Sci-Fi","movieID":906,"title":"Marooned"},{"genre":"Comedy","movieID":907,"title":"Rock-a-Bye Baby"},{"genre":"Action|Adventure|Comedy","movieID":908,"title":"Rundown, The"},{"genre":"Crime|Thriller","movieID":909,"title":"4.3.2.1"},{"genre":"Action|Crime|Drama","movieID":910,"title":"Shottas"},{"genre":"Documentary","movieID":911,"title":"Commune"},{"genre":"Comedy","movieID":912,"title":"Monty Python's And Now for Something Completely Different"},{"genre":"Action|Adventure|Sci-Fi","movieID":913,"title":"Flash Gordon"},{"genre":"Comedy|Crime","movieID":914,"title":"Great Diamond Robbery, The"},{"genre":"Adventure|Comedy","movieID":915,"title":"Around the World in 80 Days"},{"genre":"(no genres listed)","movieID":916,"title":"Always for Pleasure"},{"genre":"Action|Adventure|Drama|Sci-Fi|Thriller","movieID":917,"title":"Children of Men"},{"genre":"(no genres listed)","movieID":918,"title":"Lucrèce Borgia"},{"genre":"Drama|Thriller","movieID":919,"title":"Murk (Mørke)"},{"genre":"Documentary","movieID":920,"title":"Curse of the Hedgehog, The (Blestemul ariciului)"},{"genre":"Drama|Romance","movieID":921,"title":"My Summer of Love"},{"genre":"Drama|Romance","movieID":922,"title":"The Chatterley Affair"},{"genre":"Crime|Drama|Mystery","movieID":923,"title":"A Fugitive from the Past"},{"genre":"Drama|War","movieID":924,"title":"Under the Bombs"},{"genre":"Drama|War","movieID":925,"title":"PT 109"},{"genre":"Horror","movieID":926,"title":"Nightmare on Elm Street 2: Freddy's Revenge, A"},{"genre":"Drama","movieID":927,"title":"Klimt"},{"genre":"Horror|Thriller","movieID":928,"title":"Blind Date"},{"genre":"Comedy|Drama|Romance","movieID":929,"title":"Sundome"},{"genre":"Comedy|Drama|Romance","movieID":930,"title":"Love on the Run (Amour en fuite, L')"},{"genre":"Crime|Drama|Thriller","movieID":931,"title":"Cassandra's Dream"},{"genre":"Drama","movieID":932,"title":"Thurgood"},{"genre":"Comedy|Drama","movieID":933,"title":"Crane World (Mundo grúa)"},{"genre":"Comedy|Drama|Romance","movieID":934,"title":"Good Marriage, A (Beau mariage, Le)"},{"genre":"Comedy|Drama","movieID":935,"title":"Brothers, The"},{"genre":"Action|Film-Noir|Sci-Fi","movieID":936,"title":"Crime Zone"},{"genre":"Children|Comedy|Romance","movieID":937,"title":"Golden Christmas, A"},{"genre":"Comedy|Drama","movieID":938,"title":"As Cool As I Am"},{"genre":"Film-Noir|Thriller","movieID":939,"title":"No habrá paz para los malvados"},{"genre":"Drama","movieID":940,"title":"Firm, The"},{"genre":"Drama|Romance|War","movieID":941,"title":"Red Angel (Akai tenshi)"},{"genre":"Action|Adventure|Sci-Fi","movieID":942,"title":"Power/Rangers"},{"genre":"Drama|Mystery|Romance|Thriller","movieID":943,"title":"Vertigo"},{"genre":"Drama","movieID":944,"title":"Knight of Cups"},{"genre":"Comedy","movieID":945,"title":"Trojan War"},{"genre":"Action|Animation|Drama|Sci-Fi","movieID":946,"title":"Gunbuster (Top wo Narae)"},{"genre":"Comedy|Drama|Romance","movieID":947,"title":"Majestic, The"},{"genre":"Action|Comedy|Drama|Horror|Romance","movieID":948,"title":"Maniacts"},{"genre":"Drama","movieID":949,"title":"Manon of the Spring (Manon des sources)"},{"genre":"Comedy|Drama","movieID":950,"title":"Little Help, A"},{"genre":"Drama","movieID":951,"title":"Swindle, The (Bidone, Il)"},{"genre":"Drama","movieID":952,"title":"Stone Angel, The"},{"genre":"Drama","movieID":953,"title":"William Vincent (Shadows and Lies)"},{"genre":"Drama","movieID":954,"title":"Noose, The (Petla)"},{"genre":"Drama|Romance","movieID":955,"title":"Jane Austen Book Club, The"},{"genre":"Comedy|Romance","movieID":956,"title":"Dream Wife"},{"genre":"Animation","movieID":957,"title":"Your Friend the Rat"},{"genre":"Drama|Fantasy|Romance|Sci-Fi","movieID":958,"title":"These Are the Damned (a.k.a. The Damned)"},{"genre":"Drama","movieID":959,"title":"House of Tolerance"},{"genre":"Action|Adventure","movieID":960,"title":"Azumi 2: Death or Love"},{"genre":"Horror|Thriller","movieID":961,"title":"Cabin Fever 2: Spring Fever"},{"genre":"Comedy|Drama","movieID":962,"title":"Sum of Us, The"},{"genre":"Action|Animation|Drama|Sci-Fi","movieID":963,"title":"Gunbuster (Top wo Narae)"},{"genre":"Comedy|Thriller","movieID":964,"title":"Family Plot"},{"genre":"Drama","movieID":965,"title":"Scarlet Letter, The"},{"genre":"Drama|Horror|Romance|Thriller","movieID":966,"title":"Cat People"},{"genre":"Action|Adventure|Drama|War","movieID":967,"title":"King Arthur"},{"genre":"Comedy|Romance","movieID":968,"title":"FC Venus"},{"genre":"Adventure|Animation|Fantasy|IMAX","movieID":969,"title":"Legend of the Guardians: The Owls of Ga'Hoole"},{"genre":"Sci-Fi|Thriller","movieID":970,"title":"Machine, The"},{"genre":"Drama|Romance","movieID":971,"title":"Competition, The"},{"genre":"Horror","movieID":972,"title":"Grave Encounters 2"},{"genre":"Drama|Thriller","movieID":973,"title":"Holcroft Covenant, The"},{"genre":"Drama","movieID":974,"title":"Letters to Father Jacob (Postia pappi Jaakobille)"},{"genre":"Comedy|Drama","movieID":975,"title":"Wise Guys, The (Les grandes gueules)"},{"genre":"Documentary","movieID":976,"title":"Lesson Plan "},{"genre":"Documentary|Musical","movieID":977,"title":"All Tomorrow's Parties"},{"genre":"(no genres listed)","movieID":978,"title":"Somewhere Under the Broad Sky"},{"genre":"Comedy|Romance","movieID":979,"title":"Truth About Cats & Dogs, The"},{"genre":"Action|Adventure|Animation","movieID":980,"title":"How to Train Your Dragon 2"},{"genre":"Drama","movieID":981,"title":"Babymother"},{"genre":"Mystery","movieID":982,"title":"Charlie Chan's Chance"},{"genre":"Drama|Horror|Mystery","movieID":983,"title":"Blame (6 Films to Keep You Awake) (Películas para no dormir: La culpa)"},{"genre":"Action|Adventure|Fantasy","movieID":984,"title":"Ator, the Fighting Eagle (Ator l'invincibile)"},{"genre":"Musical","movieID":985,"title":"Silk Stockings"},{"genre":"Crime|Documentary|War","movieID":986,"title":"Standard Operating Procedure"},{"genre":"Drama","movieID":987,"title":"Glass Menagerie, The"},{"genre":"Drama","movieID":988,"title":"Hawk Is Dying, The"},{"genre":"Comedy|Western","movieID":989,"title":"The Seven Males"},{"genre":"Comedy|Drama","movieID":990,"title":"Chill Out! (Descongélate!)"},{"genre":"Drama|Musical|Romance","movieID":991,"title":"As it is in Heaven (Så som i himmelen)"},{"genre":"Documentary","movieID":992,"title":"Capturing the Friedmans"},{"genre":"Drama|Thriller","movieID":993,"title":"German Doctor, The (Wakolda)"},{"genre":"Drama","movieID":994,"title":"Stupid Boy (Garçon stupide)"},{"genre":"Adventure|Comedy|Fantasy","movieID":995,"title":"Nim's Island"},{"genre":"Drama","movieID":996,"title":"Tale of Zatoichi, The (Zatôichi monogatari) (Zatôichi 1)"},{"genre":"Comedy","movieID":997,"title":"Illuminata"},{"genre":"Crime|Drama|Mystery|Thriller","movieID":998,"title":"Think Fast, Mr. Moto"},{"genre":"Comedy","movieID":999,"title":"Uncle Marin, the Billionaire (Nea Marin miliardar) (Uncle Martin, the Multimillionaire)"},{"genre":"Action|Fantasy|Sci-Fi","movieID":1000,"title":"Gamera vs. Jiger"}]
..........................................
]]></system-out>
  </testcase>
  <testcase name="testInsertMoviesGenres on testInsertMoviesGenres(greatTest)" classname="greatTest" time="2.943"/>
  <testcase name="testInsertGenres on testInsertGenres(greatTest)" classname="greatTest" time="193.325"/>
  <testcase name="testInsertMovies on testInsertMovies(greatTest)" classname="greatTest" time="0.641"/>
</testsuite>