<?xml version="1.0" encoding="UTF-8"?>
<!-- Generated by org.testng.reporters.JUnitReportReporter -->
<testsuite skipped="0" hostname="evansm-hp-pavilion-15-notebook-pc" name="DBTest" tests="1" failures="0" timestamp="2019-09-09T10:40:55 EAT" time="0.006" errors="0">
  <testcase name="testMysql" time="0.006" classname="DBTest"/>
</testsuite> <!-- DBTest -->
