<?xml version="1.0" encoding="UTF-8"?>
<!-- Generated by org.testng.reporters.JUnitReportReporter -->
<testsuite skipped="0" hostname="evansm-hp-pavilion-15-notebook-pc" name="greatTest" tests="5" failures="0" timestamp="2019-09-09T10:40:55 EAT" time="449.747" errors="0">
  <testcase name="testCreateTables" time="1.628" classname="greatTest"/>
  <testcase name="testInsertGenres" time="218.672" classname="greatTest"/>
  <testcase name="testInsertMovies" time="219.351" classname="greatTest"/>
  <testcase name="testInsertMoviesGenres" time="6.307" classname="greatTest"/>
  <testcase name="testUrl" time="3.789" classname="greatTest"/>
</testsuite> <!-- greatTest -->
