<?xml version="1.0" encoding="UTF-8"?>
<!-- Generated by org.testng.reporters.JUnitReportReporter -->
<testsuite skipped="0" hostname="evansm-hp-pavilion-15-notebook-pc" name="com.evens.great.greatTest" tests="5" failures="0" timestamp="2019-09-12T13:09:16 EAT" time="24.011" errors="0">
  <testcase name="testInsertMoviesGenres" time="4.896" classname="com.evens.great.greatTest"/>
  <testcase name="testInsertGenres" time="6.359" classname="com.evens.great.greatTest"/>
  <testcase name="testInsertMovies" time="7.182" classname="com.evens.great.greatTest"/>
  <testcase name="testCreateTables" time="1.432" classname="com.evens.great.greatTest"/>
  <testcase name="testUrl" time="4.142" classname="com.evens.great.greatTest"/>
</testsuite> <!-- com.evens.great.greatTest -->
