<?xml version="1.0" encoding="UTF-8"?>
<!-- Generated by org.testng.reporters.JUnitReportReporter -->
<testsuite skipped="0" hostname="evansm-hp-pavilion-15-notebook-pc" name="com.evens.great.greatTest" tests="5" failures="0" timestamp="2019-09-12T11:55:28 EAT" time="28.291" errors="0">
  <testcase name="testUrl" time="5.163" classname="com.evens.great.greatTest"/>
  <testcase name="testInsertMoviesGenres" time="6.524" classname="com.evens.great.greatTest"/>
  <testcase name="testInsertGenres" time="7.362" classname="com.evens.great.greatTest"/>
  <testcase name="testCreateTables" time="1.181" classname="com.evens.great.greatTest"/>
  <testcase name="testInsertMovies" time="8.061" classname="com.evens.great.greatTest"/>
</testsuite> <!-- com.evens.great.greatTest -->
