<?xml version="1.0" encoding="UTF-8"?>
<!-- Generated by org.testng.reporters.JUnitReportReporter -->
<testsuite skipped="0" hostname="evansm-hp-pavilion-15-notebook-pc" name="com.evens.great.DBTest" tests="1" failures="0" timestamp="2019-09-12T11:55:28 EAT" time="0.282" errors="0">
  <testcase name="testMysql" time="0.282" classname="com.evens.great.DBTest"/>
</testsuite> <!-- com.evens.great.DBTest -->
