<?xml version="1.0" encoding="UTF-8"?>
<!-- Generated by org.testng.reporters.JUnitReportReporter -->
<testsuite skipped="0" hostname="evansm-hp-pavilion-15-notebook-pc" name="greatTest" tests="5" failures="0" timestamp="2019-09-09T15:14:48 EAT" time="423.487" errors="0">
  <testcase name="testInsertMoviesGenres" time="8.049" classname="greatTest"/>
  <testcase name="testInsertMovies" time="203.490" classname="greatTest"/>
  <testcase name="testUrl" time="5.845" classname="greatTest"/>
  <testcase name="testCreateTables" time="3.408" classname="greatTest"/>
  <testcase name="testInsertGenres" time="202.695" classname="greatTest"/>
</testsuite> <!-- greatTest -->
