<?xml version="1.0" encoding="UTF-8"?>
<!-- Generated by org.testng.reporters.JUnitReportReporter -->
<testsuite skipped="0" hostname="evansm-hp-pavilion-15-notebook-pc" name="DBTest" tests="1" failures="0" timestamp="2019-09-09T15:14:48 EAT" time="0.005" errors="0">
  <testcase name="testMysql" time="0.005" classname="DBTest"/>
</testsuite> <!-- DBTest -->
