<?xml version="1.0" encoding="UTF-8"?>
<!-- Generated by org.testng.reporters.JUnitReportReporter -->
<testsuite skipped="0" hostname="evansm-hp-pavilion-15-notebook-pc" name="com.evens.great.greatTest" tests="5" failures="0" timestamp="2019-09-12T11:24:35 EAT" time="15.455" errors="0">
  <testcase name="testInsertMoviesGenres" time="3.089" classname="com.evens.great.greatTest"/>
  <testcase name="testInsertMovies" time="4.803" classname="com.evens.great.greatTest"/>
  <testcase name="testCreateTables" time="0.731" classname="com.evens.great.greatTest"/>
  <testcase name="testUrl" time="2.755" classname="com.evens.great.greatTest"/>
  <testcase name="testInsertGenres" time="4.077" classname="com.evens.great.greatTest"/>
</testsuite> <!-- com.evens.great.greatTest -->
